<?xml version="1.0" encoding="UTF-8"?>
<!-- Generated by org.testng.reporters.JUnitXMLReporter -->
<testsuite hostname="Skybolt" name="Command line test" tests="2004" failures="0" timestamp="29 Aug 2013 03:37:01 GMT" time="588.422" errors="0">
  <testcase name="testGasPumps" time="0.007" classname="net.bigpoint.assessment.gasstation.implementation.StationTest"/>
  <testcase name="testPrice" time="0.002" classname="net.bigpoint.assessment.gasstation.implementation.StationTest"/>
  <testcase name="testBuyGas" time="0.9" classname="net.bigpoint.assessment.gasstation.implementation.StationTest"/>
  <testcase name="testBuyGas" time="0.073" classname="net.bigpoint.assessment.gasstation.implementation.StationTest"/>
  <testcase name="testBuyGas" time="0.441" classname="net.bigpoint.assessment.gasstation.implementation.StationTest"/>
  <testcase name="testBuyGas" time="0.958" classname="net.bigpoint.assessment.gasstation.implementation.StationTest"/>
  <testcase name="testBuyGas" time="1.81" classname="net.bigpoint.assessment.gasstation.implementation.StationTest"/>
  <testcase name="testBuyGas" time="2.419" classname="net.bigpoint.assessment.gasstation.implementation.StationTest"/>
  <testcase name="testBuyGas" time="3.394" classname="net.bigpoint.assessment.gasstation.implementation.StationTest"/>
  <testcase name="testBuyGas" time="4.302" classname="net.bigpoint.assessment.gasstation.implementation.StationTest"/>
  <testcase name="testBuyGas" time="4.517" classname="net.bigpoint.assessment.gasstation.implementation.StationTest"/>
  <testcase name="testBuyGas" time="4.555" classname="net.bigpoint.assessment.gasstation.implementation.StationTest"/>
  <testcase name="testBuyGas" time="5.392" classname="net.bigpoint.assessment.gasstation.implementation.StationTest"/>
  <testcase name="testBuyGas" time="6.001" classname="net.bigpoint.assessment.gasstation.implementation.StationTest"/>
  <testcase name="testBuyGas" time="6.675" classname="net.bigpoint.assessment.gasstation.implementation.StationTest"/>
  <testcase name="testBuyGas" time="7.33" classname="net.bigpoint.assessment.gasstation.implementation.StationTest"/>
  <testcase name="testBuyGas" time="7.732" classname="net.bigpoint.assessment.gasstation.implementation.StationTest"/>
  <testcase name="testBuyGas" time="8.085" classname="net.bigpoint.assessment.gasstation.implementation.StationTest"/>
  <testcase name="testBuyGas" time="8.262" classname="net.bigpoint.assessment.gasstation.implementation.StationTest"/>
  <testcase name="testBuyGas" time="8.278" classname="net.bigpoint.assessment.gasstation.implementation.StationTest"/>
  <testcase name="testBuyGas" time="8.701" classname="net.bigpoint.assessment.gasstation.implementation.StationTest"/>
  <testcase name="testBuyGas" time="9.084" classname="net.bigpoint.assessment.gasstation.implementation.StationTest"/>
  <testcase name="testBuyGas" time="9.278" classname="net.bigpoint.assessment.gasstation.implementation.StationTest"/>
  <testcase name="testBuyGas" time="10.193" classname="net.bigpoint.assessment.gasstation.implementation.StationTest"/>
  <testcase name="testBuyGas" time="10.742" classname="net.bigpoint.assessment.gasstation.implementation.StationTest"/>
  <testcase name="testBuyGas" time="11.093" classname="net.bigpoint.assessment.gasstation.implementation.StationTest"/>
  <testcase name="testBuyGas" time="12.068" classname="net.bigpoint.assessment.gasstation.implementation.StationTest"/>
  <testcase name="testBuyGas" time="13.054" classname="net.bigpoint.assessment.gasstation.implementation.StationTest"/>
  <testcase name="testBuyGas" time="13.227" classname="net.bigpoint.assessment.gasstation.implementation.StationTest"/>
  <testcase name="testBuyGas" time="13.771" classname="net.bigpoint.assessment.gasstation.implementation.StationTest"/>
  <testcase name="testBuyGas" time="14.126" classname="net.bigpoint.assessment.gasstation.implementation.StationTest"/>
  <testcase name="testBuyGas" time="14.529" classname="net.bigpoint.assessment.gasstation.implementation.StationTest"/>
  <testcase name="testBuyGas" time="15.119" classname="net.bigpoint.assessment.gasstation.implementation.StationTest"/>
  <testcase name="testBuyGas" time="15.384" classname="net.bigpoint.assessment.gasstation.implementation.StationTest"/>
  <testcase name="testBuyGas" time="15.489" classname="net.bigpoint.assessment.gasstation.implementation.StationTest"/>
  <testcase name="testBuyGas" time="15.59" classname="net.bigpoint.assessment.gasstation.implementation.StationTest"/>
  <testcase name="testBuyGas" time="16.539" classname="net.bigpoint.assessment.gasstation.implementation.StationTest"/>
  <testcase name="testBuyGas" time="17.183" classname="net.bigpoint.assessment.gasstation.implementation.StationTest"/>
  <testcase name="testBuyGas" time="18.053" classname="net.bigpoint.assessment.gasstation.implementation.StationTest"/>
  <testcase name="testBuyGas" time="18.323" classname="net.bigpoint.assessment.gasstation.implementation.StationTest"/>
  <testcase name="testBuyGas" time="18.36" classname="net.bigpoint.assessment.gasstation.implementation.StationTest"/>
  <testcase name="testBuyGas" time="18.633" classname="net.bigpoint.assessment.gasstation.implementation.StationTest"/>
  <testcase name="testBuyGas" time="19.081" classname="net.bigpoint.assessment.gasstation.implementation.StationTest"/>
  <testcase name="testBuyGas" time="20.026" classname="net.bigpoint.assessment.gasstation.implementation.StationTest"/>
  <testcase name="testBuyGas" time="20.645" classname="net.bigpoint.assessment.gasstation.implementation.StationTest"/>
  <testcase name="testBuyGas" time="20.886" classname="net.bigpoint.assessment.gasstation.implementation.StationTest"/>
  <testcase name="testBuyGas" time="21.495" classname="net.bigpoint.assessment.gasstation.implementation.StationTest"/>
  <testcase name="testBuyGas" time="21.514" classname="net.bigpoint.assessment.gasstation.implementation.StationTest"/>
  <testcase name="testBuyGas" time="21.857" classname="net.bigpoint.assessment.gasstation.implementation.StationTest"/>
  <testcase name="testBuyGas" time="22.145" classname="net.bigpoint.assessment.gasstation.implementation.StationTest"/>
  <testcase name="testBuyGas" time="22.677" classname="net.bigpoint.assessment.gasstation.implementation.StationTest"/>
  <testcase name="testBuyGas" time="23.02" classname="net.bigpoint.assessment.gasstation.implementation.StationTest"/>
  <testcase name="testBuyGas" time="23.103" classname="net.bigpoint.assessment.gasstation.implementation.StationTest"/>
  <testcase name="testBuyGas" time="23.706" classname="net.bigpoint.assessment.gasstation.implementation.StationTest"/>
  <testcase name="testBuyGas" time="24.51" classname="net.bigpoint.assessment.gasstation.implementation.StationTest"/>
  <testcase name="testBuyGas" time="25.286" classname="net.bigpoint.assessment.gasstation.implementation.StationTest"/>
  <testcase name="testBuyGas" time="26.184" classname="net.bigpoint.assessment.gasstation.implementation.StationTest"/>
  <testcase name="testBuyGas" time="26.72" classname="net.bigpoint.assessment.gasstation.implementation.StationTest"/>
  <testcase name="testBuyGas" time="27.578" classname="net.bigpoint.assessment.gasstation.implementation.StationTest"/>
  <testcase name="testBuyGas" time="28.169" classname="net.bigpoint.assessment.gasstation.implementation.StationTest"/>
  <testcase name="testBuyGas" time="28.384" classname="net.bigpoint.assessment.gasstation.implementation.StationTest"/>
  <testcase name="testBuyGas" time="29.143" classname="net.bigpoint.assessment.gasstation.implementation.StationTest"/>
  <testcase name="testBuyGas" time="29.822" classname="net.bigpoint.assessment.gasstation.implementation.StationTest"/>
  <testcase name="testBuyGas" time="30.289" classname="net.bigpoint.assessment.gasstation.implementation.StationTest"/>
  <testcase name="testBuyGas" time="30.444" classname="net.bigpoint.assessment.gasstation.implementation.StationTest"/>
  <testcase name="testBuyGas" time="30.478" classname="net.bigpoint.assessment.gasstation.implementation.StationTest"/>
  <testcase name="testBuyGas" time="31.281" classname="net.bigpoint.assessment.gasstation.implementation.StationTest"/>
  <testcase name="testBuyGas" time="31.423" classname="net.bigpoint.assessment.gasstation.implementation.StationTest"/>
  <testcase name="testBuyGas" time="32.314" classname="net.bigpoint.assessment.gasstation.implementation.StationTest"/>
  <testcase name="testBuyGas" time="32.46" classname="net.bigpoint.assessment.gasstation.implementation.StationTest"/>
  <testcase name="testBuyGas" time="33.446" classname="net.bigpoint.assessment.gasstation.implementation.StationTest"/>
  <testcase name="testBuyGas" time="33.467" classname="net.bigpoint.assessment.gasstation.implementation.StationTest"/>
  <testcase name="testBuyGas" time="33.538" classname="net.bigpoint.assessment.gasstation.implementation.StationTest"/>
  <testcase name="testBuyGas" time="33.617" classname="net.bigpoint.assessment.gasstation.implementation.StationTest"/>
  <testcase name="testBuyGas" time="34.21" classname="net.bigpoint.assessment.gasstation.implementation.StationTest"/>
  <testcase name="testBuyGas" time="35.026" classname="net.bigpoint.assessment.gasstation.implementation.StationTest"/>
  <testcase name="testBuyGas" time="35.775" classname="net.bigpoint.assessment.gasstation.implementation.StationTest"/>
  <testcase name="testBuyGas" time="36.628" classname="net.bigpoint.assessment.gasstation.implementation.StationTest"/>
  <testcase name="testBuyGas" time="37.619" classname="net.bigpoint.assessment.gasstation.implementation.StationTest"/>
  <testcase name="testBuyGas" time="38.231" classname="net.bigpoint.assessment.gasstation.implementation.StationTest"/>
  <testcase name="testBuyGas" time="38.92" classname="net.bigpoint.assessment.gasstation.implementation.StationTest"/>
  <testcase name="testBuyGas" time="39.313" classname="net.bigpoint.assessment.gasstation.implementation.StationTest"/>
  <testcase name="testBuyGas" time="39.892" classname="net.bigpoint.assessment.gasstation.implementation.StationTest"/>
  <testcase name="testBuyGas" time="40.283" classname="net.bigpoint.assessment.gasstation.implementation.StationTest"/>
  <testcase name="testBuyGas" time="40.823" classname="net.bigpoint.assessment.gasstation.implementation.StationTest"/>
  <testcase name="testBuyGas" time="40.838" classname="net.bigpoint.assessment.gasstation.implementation.StationTest"/>
  <testcase name="testBuyGas" time="41.686" classname="net.bigpoint.assessment.gasstation.implementation.StationTest"/>
  <testcase name="testBuyGas" time="42.609" classname="net.bigpoint.assessment.gasstation.implementation.StationTest"/>
  <testcase name="testBuyGas" time="42.803" classname="net.bigpoint.assessment.gasstation.implementation.StationTest"/>
  <testcase name="testBuyGas" time="43.006" classname="net.bigpoint.assessment.gasstation.implementation.StationTest"/>
  <testcase name="testBuyGas" time="43.877" classname="net.bigpoint.assessment.gasstation.implementation.StationTest"/>
  <testcase name="testBuyGas" time="44.063" classname="net.bigpoint.assessment.gasstation.implementation.StationTest"/>
  <testcase name="testBuyGas" time="44.332" classname="net.bigpoint.assessment.gasstation.implementation.StationTest"/>
  <testcase name="testBuyGas" time="44.497" classname="net.bigpoint.assessment.gasstation.implementation.StationTest"/>
  <testcase name="testBuyGas" time="44.774" classname="net.bigpoint.assessment.gasstation.implementation.StationTest"/>
  <testcase name="testBuyGas" time="45.027" classname="net.bigpoint.assessment.gasstation.implementation.StationTest"/>
  <testcase name="testBuyGas" time="45.55" classname="net.bigpoint.assessment.gasstation.implementation.StationTest"/>
  <testcase name="testBuyGas" time="46.523" classname="net.bigpoint.assessment.gasstation.implementation.StationTest"/>
  <testcase name="testBuyGas" time="47.101" classname="net.bigpoint.assessment.gasstation.implementation.StationTest"/>
  <testcase name="testBuyGas" time="47.547" classname="net.bigpoint.assessment.gasstation.implementation.StationTest"/>
  <testcase name="testBuyGas" time="47.755" classname="net.bigpoint.assessment.gasstation.implementation.StationTest"/>
  <testcase name="testBuyGas" time="48.211" classname="net.bigpoint.assessment.gasstation.implementation.StationTest"/>
  <testcase name="testBuyGas" time="48.676" classname="net.bigpoint.assessment.gasstation.implementation.StationTest"/>
  <testcase name="testBuyGas" time="48.803" classname="net.bigpoint.assessment.gasstation.implementation.StationTest"/>
  <testcase name="testBuyGas" time="49.676" classname="net.bigpoint.assessment.gasstation.implementation.StationTest"/>
  <testcase name="testBuyGas" time="50.556" classname="net.bigpoint.assessment.gasstation.implementation.StationTest"/>
  <testcase name="testBuyGas" time="50.626" classname="net.bigpoint.assessment.gasstation.implementation.StationTest"/>
  <testcase name="testBuyGas" time="50.789" classname="net.bigpoint.assessment.gasstation.implementation.StationTest"/>
  <testcase name="testBuyGas" time="51.264" classname="net.bigpoint.assessment.gasstation.implementation.StationTest"/>
  <testcase name="testBuyGas" time="51.333" classname="net.bigpoint.assessment.gasstation.implementation.StationTest"/>
  <testcase name="testBuyGas" time="51.444" classname="net.bigpoint.assessment.gasstation.implementation.StationTest"/>
  <testcase name="testBuyGas" time="52.062" classname="net.bigpoint.assessment.gasstation.implementation.StationTest"/>
  <testcase name="testBuyGas" time="52.474" classname="net.bigpoint.assessment.gasstation.implementation.StationTest"/>
  <testcase name="testBuyGas" time="52.796" classname="net.bigpoint.assessment.gasstation.implementation.StationTest"/>
  <testcase name="testBuyGas" time="53.197" classname="net.bigpoint.assessment.gasstation.implementation.StationTest"/>
  <testcase name="testBuyGas" time="53.774" classname="net.bigpoint.assessment.gasstation.implementation.StationTest"/>
  <testcase name="testBuyGas" time="53.87" classname="net.bigpoint.assessment.gasstation.implementation.StationTest"/>
  <testcase name="testBuyGas" time="54.172" classname="net.bigpoint.assessment.gasstation.implementation.StationTest"/>
  <testcase name="testBuyGas" time="54.582" classname="net.bigpoint.assessment.gasstation.implementation.StationTest"/>
  <testcase name="testBuyGas" time="55.519" classname="net.bigpoint.assessment.gasstation.implementation.StationTest"/>
  <testcase name="testBuyGas" time="56.26" classname="net.bigpoint.assessment.gasstation.implementation.StationTest"/>
  <testcase name="testBuyGas" time="57.232" classname="net.bigpoint.assessment.gasstation.implementation.StationTest"/>
  <testcase name="testBuyGas" time="57.742" classname="net.bigpoint.assessment.gasstation.implementation.StationTest"/>
  <testcase name="testBuyGas" time="58.229" classname="net.bigpoint.assessment.gasstation.implementation.StationTest"/>
  <testcase name="testBuyGas" time="58.921" classname="net.bigpoint.assessment.gasstation.implementation.StationTest"/>
  <testcase name="testBuyGas" time="59.289" classname="net.bigpoint.assessment.gasstation.implementation.StationTest"/>
  <testcase name="testBuyGas" time="59.719" classname="net.bigpoint.assessment.gasstation.implementation.StationTest"/>
  <testcase name="testBuyGas" time="60.28" classname="net.bigpoint.assessment.gasstation.implementation.StationTest"/>
  <testcase name="testBuyGas" time="60.754" classname="net.bigpoint.assessment.gasstation.implementation.StationTest"/>
  <testcase name="testBuyGas" time="61.253" classname="net.bigpoint.assessment.gasstation.implementation.StationTest"/>
  <testcase name="testBuyGas" time="61.301" classname="net.bigpoint.assessment.gasstation.implementation.StationTest"/>
  <testcase name="testBuyGas" time="61.33" classname="net.bigpoint.assessment.gasstation.implementation.StationTest"/>
  <testcase name="testBuyGas" time="62.305" classname="net.bigpoint.assessment.gasstation.implementation.StationTest"/>
  <testcase name="testBuyGas" time="62.623" classname="net.bigpoint.assessment.gasstation.implementation.StationTest"/>
  <testcase name="testBuyGas" time="63.472" classname="net.bigpoint.assessment.gasstation.implementation.StationTest"/>
  <testcase name="testBuyGas" time="63.924" classname="net.bigpoint.assessment.gasstation.implementation.StationTest"/>
  <testcase name="testBuyGas" time="64.12" classname="net.bigpoint.assessment.gasstation.implementation.StationTest"/>
  <testcase name="testBuyGas" time="64.217" classname="net.bigpoint.assessment.gasstation.implementation.StationTest"/>
  <testcase name="testBuyGas" time="64.251" classname="net.bigpoint.assessment.gasstation.implementation.StationTest"/>
  <testcase name="testBuyGas" time="64.485" classname="net.bigpoint.assessment.gasstation.implementation.StationTest"/>
  <testcase name="testBuyGas" time="65.122" classname="net.bigpoint.assessment.gasstation.implementation.StationTest"/>
  <testcase name="testBuyGas" time="65.454" classname="net.bigpoint.assessment.gasstation.implementation.StationTest"/>
  <testcase name="testBuyGas" time="65.878" classname="net.bigpoint.assessment.gasstation.implementation.StationTest"/>
  <testcase name="testBuyGas" time="66.4" classname="net.bigpoint.assessment.gasstation.implementation.StationTest"/>
  <testcase name="testBuyGas" time="67.033" classname="net.bigpoint.assessment.gasstation.implementation.StationTest"/>
  <testcase name="testBuyGas" time="67.567" classname="net.bigpoint.assessment.gasstation.implementation.StationTest"/>
  <testcase name="testBuyGas" time="67.635" classname="net.bigpoint.assessment.gasstation.implementation.StationTest"/>
  <testcase name="testBuyGas" time="67.68" classname="net.bigpoint.assessment.gasstation.implementation.StationTest"/>
  <testcase name="testBuyGas" time="68.289" classname="net.bigpoint.assessment.gasstation.implementation.StationTest"/>
  <testcase name="testBuyGas" time="68.634" classname="net.bigpoint.assessment.gasstation.implementation.StationTest"/>
  <testcase name="testBuyGas" time="69.388" classname="net.bigpoint.assessment.gasstation.implementation.StationTest"/>
  <testcase name="testBuyGas" time="70.273" classname="net.bigpoint.assessment.gasstation.implementation.StationTest"/>
  <testcase name="testBuyGas" time="71.053" classname="net.bigpoint.assessment.gasstation.implementation.StationTest"/>
  <testcase name="testBuyGas" time="71.143" classname="net.bigpoint.assessment.gasstation.implementation.StationTest"/>
  <testcase name="testBuyGas" time="72.071" classname="net.bigpoint.assessment.gasstation.implementation.StationTest"/>
  <testcase name="testBuyGas" time="72.675" classname="net.bigpoint.assessment.gasstation.implementation.StationTest"/>
  <testcase name="testBuyGas" time="73.21" classname="net.bigpoint.assessment.gasstation.implementation.StationTest"/>
  <testcase name="testBuyGas" time="73.494" classname="net.bigpoint.assessment.gasstation.implementation.StationTest"/>
  <testcase name="testBuyGas" time="74.332" classname="net.bigpoint.assessment.gasstation.implementation.StationTest"/>
  <testcase name="testBuyGas" time="75.041" classname="net.bigpoint.assessment.gasstation.implementation.StationTest"/>
  <testcase name="testBuyGas" time="75.898" classname="net.bigpoint.assessment.gasstation.implementation.StationTest"/>
  <testcase name="testBuyGas" time="76.753" classname="net.bigpoint.assessment.gasstation.implementation.StationTest"/>
  <testcase name="testBuyGas" time="77.528" classname="net.bigpoint.assessment.gasstation.implementation.StationTest"/>
  <testcase name="testBuyGas" time="77.97" classname="net.bigpoint.assessment.gasstation.implementation.StationTest"/>
  <testcase name="testBuyGas" time="78.261" classname="net.bigpoint.assessment.gasstation.implementation.StationTest"/>
  <testcase name="testBuyGas" time="78.486" classname="net.bigpoint.assessment.gasstation.implementation.StationTest"/>
  <testcase name="testBuyGas" time="78.953" classname="net.bigpoint.assessment.gasstation.implementation.StationTest"/>
  <testcase name="testBuyGas" time="79.506" classname="net.bigpoint.assessment.gasstation.implementation.StationTest"/>
  <testcase name="testBuyGas" time="79.511" classname="net.bigpoint.assessment.gasstation.implementation.StationTest"/>
  <testcase name="testBuyGas" time="80.297" classname="net.bigpoint.assessment.gasstation.implementation.StationTest"/>
  <testcase name="testBuyGas" time="81.095" classname="net.bigpoint.assessment.gasstation.implementation.StationTest"/>
  <testcase name="testBuyGas" time="81.988" classname="net.bigpoint.assessment.gasstation.implementation.StationTest"/>
  <testcase name="testBuyGas" time="82.265" classname="net.bigpoint.assessment.gasstation.implementation.StationTest"/>
  <testcase name="testBuyGas" time="82.647" classname="net.bigpoint.assessment.gasstation.implementation.StationTest"/>
  <testcase name="testBuyGas" time="82.793" classname="net.bigpoint.assessment.gasstation.implementation.StationTest"/>
  <testcase name="testBuyGas" time="83.639" classname="net.bigpoint.assessment.gasstation.implementation.StationTest"/>
  <testcase name="testBuyGas" time="84.594" classname="net.bigpoint.assessment.gasstation.implementation.StationTest"/>
  <testcase name="testBuyGas" time="85.462" classname="net.bigpoint.assessment.gasstation.implementation.StationTest"/>
  <testcase name="testBuyGas" time="85.752" classname="net.bigpoint.assessment.gasstation.implementation.StationTest"/>
  <testcase name="testBuyGas" time="85.843" classname="net.bigpoint.assessment.gasstation.implementation.StationTest"/>
  <testcase name="testBuyGas" time="86.561" classname="net.bigpoint.assessment.gasstation.implementation.StationTest"/>
  <testcase name="testBuyGas" time="87.127" classname="net.bigpoint.assessment.gasstation.implementation.StationTest"/>
  <testcase name="testBuyGas" time="87.384" classname="net.bigpoint.assessment.gasstation.implementation.StationTest"/>
  <testcase name="testBuyGas" time="88.161" classname="net.bigpoint.assessment.gasstation.implementation.StationTest"/>
  <testcase name="testBuyGas" time="88.52" classname="net.bigpoint.assessment.gasstation.implementation.StationTest"/>
  <testcase name="testBuyGas" time="88.826" classname="net.bigpoint.assessment.gasstation.implementation.StationTest"/>
  <testcase name="testBuyGas" time="89.069" classname="net.bigpoint.assessment.gasstation.implementation.StationTest"/>
  <testcase name="testBuyGas" time="89.91" classname="net.bigpoint.assessment.gasstation.implementation.StationTest"/>
  <testcase name="testBuyGas" time="90.9" classname="net.bigpoint.assessment.gasstation.implementation.StationTest"/>
  <testcase name="testBuyGas" time="91.548" classname="net.bigpoint.assessment.gasstation.implementation.StationTest"/>
  <testcase name="testBuyGas" time="91.697" classname="net.bigpoint.assessment.gasstation.implementation.StationTest"/>
  <testcase name="testBuyGas" time="92.489" classname="net.bigpoint.assessment.gasstation.implementation.StationTest"/>
  <testcase name="testBuyGas" time="93.099" classname="net.bigpoint.assessment.gasstation.implementation.StationTest"/>
  <testcase name="testBuyGas" time="93.461" classname="net.bigpoint.assessment.gasstation.implementation.StationTest"/>
  <testcase name="testBuyGas" time="94.399" classname="net.bigpoint.assessment.gasstation.implementation.StationTest"/>
  <testcase name="testBuyGas" time="94.802" classname="net.bigpoint.assessment.gasstation.implementation.StationTest"/>
  <testcase name="testBuyGas" time="94.85" classname="net.bigpoint.assessment.gasstation.implementation.StationTest"/>
  <testcase name="testBuyGas" time="95.614" classname="net.bigpoint.assessment.gasstation.implementation.StationTest"/>
  <testcase name="testBuyGas" time="96.47" classname="net.bigpoint.assessment.gasstation.implementation.StationTest"/>
  <testcase name="testBuyGas" time="96.913" classname="net.bigpoint.assessment.gasstation.implementation.StationTest"/>
  <testcase name="testBuyGas" time="97.386" classname="net.bigpoint.assessment.gasstation.implementation.StationTest"/>
  <testcase name="testBuyGas" time="98.019" classname="net.bigpoint.assessment.gasstation.implementation.StationTest"/>
  <testcase name="testBuyGas" time="98.705" classname="net.bigpoint.assessment.gasstation.implementation.StationTest"/>
  <testcase name="testBuyGas" time="99.465" classname="net.bigpoint.assessment.gasstation.implementation.StationTest"/>
  <testcase name="testBuyGas" time="99.565" classname="net.bigpoint.assessment.gasstation.implementation.StationTest"/>
  <testcase name="testBuyGas" time="99.979" classname="net.bigpoint.assessment.gasstation.implementation.StationTest"/>
  <testcase name="testBuyGas" time="100.262" classname="net.bigpoint.assessment.gasstation.implementation.StationTest"/>
  <testcase name="testBuyGas" time="100.546" classname="net.bigpoint.assessment.gasstation.implementation.StationTest"/>
  <testcase name="testBuyGas" time="101.545" classname="net.bigpoint.assessment.gasstation.implementation.StationTest"/>
  <testcase name="testBuyGas" time="102.265" classname="net.bigpoint.assessment.gasstation.implementation.StationTest"/>
  <testcase name="testBuyGas" time="103.1" classname="net.bigpoint.assessment.gasstation.implementation.StationTest"/>
  <testcase name="testBuyGas" time="103.379" classname="net.bigpoint.assessment.gasstation.implementation.StationTest"/>
  <testcase name="testBuyGas" time="104.181" classname="net.bigpoint.assessment.gasstation.implementation.StationTest"/>
  <testcase name="testBuyGas" time="104.425" classname="net.bigpoint.assessment.gasstation.implementation.StationTest"/>
  <testcase name="testBuyGas" time="104.714" classname="net.bigpoint.assessment.gasstation.implementation.StationTest"/>
  <testcase name="testBuyGas" time="104.85" classname="net.bigpoint.assessment.gasstation.implementation.StationTest"/>
  <testcase name="testBuyGas" time="105.69" classname="net.bigpoint.assessment.gasstation.implementation.StationTest"/>
  <testcase name="testBuyGas" time="106.279" classname="net.bigpoint.assessment.gasstation.implementation.StationTest"/>
  <testcase name="testBuyGas" time="106.46" classname="net.bigpoint.assessment.gasstation.implementation.StationTest"/>
  <testcase name="testBuyGas" time="106.734" classname="net.bigpoint.assessment.gasstation.implementation.StationTest"/>
  <testcase name="testBuyGas" time="107.437" classname="net.bigpoint.assessment.gasstation.implementation.StationTest"/>
  <testcase name="testBuyGas" time="107.92" classname="net.bigpoint.assessment.gasstation.implementation.StationTest"/>
  <testcase name="testBuyGas" time="108.084" classname="net.bigpoint.assessment.gasstation.implementation.StationTest"/>
  <testcase name="testBuyGas" time="108.796" classname="net.bigpoint.assessment.gasstation.implementation.StationTest"/>
  <testcase name="testBuyGas" time="109.505" classname="net.bigpoint.assessment.gasstation.implementation.StationTest"/>
  <testcase name="testBuyGas" time="110.235" classname="net.bigpoint.assessment.gasstation.implementation.StationTest"/>
  <testcase name="testBuyGas" time="110.953" classname="net.bigpoint.assessment.gasstation.implementation.StationTest"/>
  <testcase name="testBuyGas" time="111.445" classname="net.bigpoint.assessment.gasstation.implementation.StationTest"/>
  <testcase name="testBuyGas" time="111.974" classname="net.bigpoint.assessment.gasstation.implementation.StationTest"/>
  <testcase name="testBuyGas" time="112.205" classname="net.bigpoint.assessment.gasstation.implementation.StationTest"/>
  <testcase name="testBuyGas" time="112.461" classname="net.bigpoint.assessment.gasstation.implementation.StationTest"/>
  <testcase name="testBuyGas" time="112.909" classname="net.bigpoint.assessment.gasstation.implementation.StationTest"/>
  <testcase name="testBuyGas" time="113.137" classname="net.bigpoint.assessment.gasstation.implementation.StationTest"/>
  <testcase name="testBuyGas" time="113.366" classname="net.bigpoint.assessment.gasstation.implementation.StationTest"/>
  <testcase name="testBuyGas" time="113.737" classname="net.bigpoint.assessment.gasstation.implementation.StationTest"/>
  <testcase name="testBuyGas" time="114.043" classname="net.bigpoint.assessment.gasstation.implementation.StationTest"/>
  <testcase name="testBuyGas" time="114.314" classname="net.bigpoint.assessment.gasstation.implementation.StationTest"/>
  <testcase name="testBuyGas" time="114.872" classname="net.bigpoint.assessment.gasstation.implementation.StationTest"/>
  <testcase name="testBuyGas" time="115.7" classname="net.bigpoint.assessment.gasstation.implementation.StationTest"/>
  <testcase name="testBuyGas" time="115.727" classname="net.bigpoint.assessment.gasstation.implementation.StationTest"/>
  <testcase name="testBuyGas" time="116.415" classname="net.bigpoint.assessment.gasstation.implementation.StationTest"/>
  <testcase name="testBuyGas" time="116.688" classname="net.bigpoint.assessment.gasstation.implementation.StationTest"/>
  <testcase name="testBuyGas" time="117.154" classname="net.bigpoint.assessment.gasstation.implementation.StationTest"/>
  <testcase name="testBuyGas" time="117.771" classname="net.bigpoint.assessment.gasstation.implementation.StationTest"/>
  <testcase name="testBuyGas" time="118.476" classname="net.bigpoint.assessment.gasstation.implementation.StationTest"/>
  <testcase name="testBuyGas" time="119.056" classname="net.bigpoint.assessment.gasstation.implementation.StationTest"/>
  <testcase name="testBuyGas" time="119.33" classname="net.bigpoint.assessment.gasstation.implementation.StationTest"/>
  <testcase name="testBuyGas" time="119.909" classname="net.bigpoint.assessment.gasstation.implementation.StationTest"/>
  <testcase name="testBuyGas" time="120.561" classname="net.bigpoint.assessment.gasstation.implementation.StationTest"/>
  <testcase name="testBuyGas" time="120.569" classname="net.bigpoint.assessment.gasstation.implementation.StationTest"/>
  <testcase name="testBuyGas" time="120.677" classname="net.bigpoint.assessment.gasstation.implementation.StationTest"/>
  <testcase name="testBuyGas" time="121.48" classname="net.bigpoint.assessment.gasstation.implementation.StationTest"/>
  <testcase name="testBuyGas" time="122.381" classname="net.bigpoint.assessment.gasstation.implementation.StationTest"/>
  <testcase name="testBuyGas" time="122.539" classname="net.bigpoint.assessment.gasstation.implementation.StationTest"/>
  <testcase name="testBuyGas" time="122.798" classname="net.bigpoint.assessment.gasstation.implementation.StationTest"/>
  <testcase name="testBuyGas" time="122.934" classname="net.bigpoint.assessment.gasstation.implementation.StationTest"/>
  <testcase name="testBuyGas" time="123.782" classname="net.bigpoint.assessment.gasstation.implementation.StationTest"/>
  <testcase name="testBuyGas" time="124.229" classname="net.bigpoint.assessment.gasstation.implementation.StationTest"/>
  <testcase name="testBuyGas" time="124.359" classname="net.bigpoint.assessment.gasstation.implementation.StationTest"/>
  <testcase name="testBuyGas" time="124.381" classname="net.bigpoint.assessment.gasstation.implementation.StationTest"/>
  <testcase name="testBuyGas" time="125.371" classname="net.bigpoint.assessment.gasstation.implementation.StationTest"/>
  <testcase name="testBuyGas" time="126.368" classname="net.bigpoint.assessment.gasstation.implementation.StationTest"/>
  <testcase name="testBuyGas" time="126.562" classname="net.bigpoint.assessment.gasstation.implementation.StationTest"/>
  <testcase name="testBuyGas" time="127.488" classname="net.bigpoint.assessment.gasstation.implementation.StationTest"/>
  <testcase name="testBuyGas" time="128.058" classname="net.bigpoint.assessment.gasstation.implementation.StationTest"/>
  <testcase name="testBuyGas" time="128.302" classname="net.bigpoint.assessment.gasstation.implementation.StationTest"/>
  <testcase name="testBuyGas" time="128.943" classname="net.bigpoint.assessment.gasstation.implementation.StationTest"/>
  <testcase name="testBuyGas" time="129.813" classname="net.bigpoint.assessment.gasstation.implementation.StationTest"/>
  <testcase name="testBuyGas" time="130.377" classname="net.bigpoint.assessment.gasstation.implementation.StationTest"/>
  <testcase name="testBuyGas" time="130.971" classname="net.bigpoint.assessment.gasstation.implementation.StationTest"/>
  <testcase name="testBuyGas" time="131.88" classname="net.bigpoint.assessment.gasstation.implementation.StationTest"/>
  <testcase name="testBuyGas" time="132.504" classname="net.bigpoint.assessment.gasstation.implementation.StationTest"/>
  <testcase name="testBuyGas" time="132.904" classname="net.bigpoint.assessment.gasstation.implementation.StationTest"/>
  <testcase name="testBuyGas" time="133.643" classname="net.bigpoint.assessment.gasstation.implementation.StationTest"/>
  <testcase name="testBuyGas" time="134.63" classname="net.bigpoint.assessment.gasstation.implementation.StationTest"/>
  <testcase name="testBuyGas" time="135.388" classname="net.bigpoint.assessment.gasstation.implementation.StationTest"/>
  <testcase name="testBuyGas" time="135.892" classname="net.bigpoint.assessment.gasstation.implementation.StationTest"/>
  <testcase name="testBuyGas" time="136.73" classname="net.bigpoint.assessment.gasstation.implementation.StationTest"/>
  <testcase name="testBuyGas" time="136.989" classname="net.bigpoint.assessment.gasstation.implementation.StationTest"/>
  <testcase name="testBuyGas" time="137.873" classname="net.bigpoint.assessment.gasstation.implementation.StationTest"/>
  <testcase name="testBuyGas" time="137.972" classname="net.bigpoint.assessment.gasstation.implementation.StationTest"/>
  <testcase name="testBuyGas" time="138.855" classname="net.bigpoint.assessment.gasstation.implementation.StationTest"/>
  <testcase name="testBuyGas" time="139.663" classname="net.bigpoint.assessment.gasstation.implementation.StationTest"/>
  <testcase name="testBuyGas" time="139.799" classname="net.bigpoint.assessment.gasstation.implementation.StationTest"/>
  <testcase name="testBuyGas" time="139.881" classname="net.bigpoint.assessment.gasstation.implementation.StationTest"/>
  <testcase name="testBuyGas" time="140.55" classname="net.bigpoint.assessment.gasstation.implementation.StationTest"/>
  <testcase name="testBuyGas" time="140.559" classname="net.bigpoint.assessment.gasstation.implementation.StationTest"/>
  <testcase name="testBuyGas" time="141.26" classname="net.bigpoint.assessment.gasstation.implementation.StationTest"/>
  <testcase name="testBuyGas" time="141.523" classname="net.bigpoint.assessment.gasstation.implementation.StationTest"/>
  <testcase name="testBuyGas" time="141.639" classname="net.bigpoint.assessment.gasstation.implementation.StationTest"/>
  <testcase name="testBuyGas" time="141.792" classname="net.bigpoint.assessment.gasstation.implementation.StationTest"/>
  <testcase name="testBuyGas" time="142.539" classname="net.bigpoint.assessment.gasstation.implementation.StationTest"/>
  <testcase name="testBuyGas" time="143.184" classname="net.bigpoint.assessment.gasstation.implementation.StationTest"/>
  <testcase name="testBuyGas" time="143.648" classname="net.bigpoint.assessment.gasstation.implementation.StationTest"/>
  <testcase name="testBuyGas" time="144.183" classname="net.bigpoint.assessment.gasstation.implementation.StationTest"/>
  <testcase name="testBuyGas" time="145.179" classname="net.bigpoint.assessment.gasstation.implementation.StationTest"/>
  <testcase name="testBuyGas" time="145.481" classname="net.bigpoint.assessment.gasstation.implementation.StationTest"/>
  <testcase name="testBuyGas" time="145.947" classname="net.bigpoint.assessment.gasstation.implementation.StationTest"/>
  <testcase name="testBuyGas" time="146.428" classname="net.bigpoint.assessment.gasstation.implementation.StationTest"/>
  <testcase name="testBuyGas" time="146.63" classname="net.bigpoint.assessment.gasstation.implementation.StationTest"/>
  <testcase name="testBuyGas" time="147.578" classname="net.bigpoint.assessment.gasstation.implementation.StationTest"/>
  <testcase name="testBuyGas" time="148.578" classname="net.bigpoint.assessment.gasstation.implementation.StationTest"/>
  <testcase name="testBuyGas" time="149.38" classname="net.bigpoint.assessment.gasstation.implementation.StationTest"/>
  <testcase name="testBuyGas" time="149.512" classname="net.bigpoint.assessment.gasstation.implementation.StationTest"/>
  <testcase name="testBuyGas" time="150.494" classname="net.bigpoint.assessment.gasstation.implementation.StationTest"/>
  <testcase name="testBuyGas" time="151.076" classname="net.bigpoint.assessment.gasstation.implementation.StationTest"/>
  <testcase name="testBuyGas" time="151.857" classname="net.bigpoint.assessment.gasstation.implementation.StationTest"/>
  <testcase name="testBuyGas" time="152.809" classname="net.bigpoint.assessment.gasstation.implementation.StationTest"/>
  <testcase name="testBuyGas" time="153.718" classname="net.bigpoint.assessment.gasstation.implementation.StationTest"/>
  <testcase name="testBuyGas" time="154.374" classname="net.bigpoint.assessment.gasstation.implementation.StationTest"/>
  <testcase name="testBuyGas" time="154.677" classname="net.bigpoint.assessment.gasstation.implementation.StationTest"/>
  <testcase name="testBuyGas" time="154.878" classname="net.bigpoint.assessment.gasstation.implementation.StationTest"/>
  <testcase name="testBuyGas" time="155.387" classname="net.bigpoint.assessment.gasstation.implementation.StationTest"/>
  <testcase name="testBuyGas" time="156.293" classname="net.bigpoint.assessment.gasstation.implementation.StationTest"/>
  <testcase name="testBuyGas" time="157.187" classname="net.bigpoint.assessment.gasstation.implementation.StationTest"/>
  <testcase name="testBuyGas" time="157.986" classname="net.bigpoint.assessment.gasstation.implementation.StationTest"/>
  <testcase name="testBuyGas" time="158.971" classname="net.bigpoint.assessment.gasstation.implementation.StationTest"/>
  <testcase name="testBuyGas" time="159.497" classname="net.bigpoint.assessment.gasstation.implementation.StationTest"/>
  <testcase name="testBuyGas" time="159.612" classname="net.bigpoint.assessment.gasstation.implementation.StationTest"/>
  <testcase name="testBuyGas" time="159.704" classname="net.bigpoint.assessment.gasstation.implementation.StationTest"/>
  <testcase name="testBuyGas" time="160.69" classname="net.bigpoint.assessment.gasstation.implementation.StationTest"/>
  <testcase name="testBuyGas" time="160.712" classname="net.bigpoint.assessment.gasstation.implementation.StationTest"/>
  <testcase name="testBuyGas" time="161.113" classname="net.bigpoint.assessment.gasstation.implementation.StationTest"/>
  <testcase name="testBuyGas" time="161.49" classname="net.bigpoint.assessment.gasstation.implementation.StationTest"/>
  <testcase name="testBuyGas" time="161.817" classname="net.bigpoint.assessment.gasstation.implementation.StationTest"/>
  <testcase name="testBuyGas" time="162.557" classname="net.bigpoint.assessment.gasstation.implementation.StationTest"/>
  <testcase name="testBuyGas" time="163.554" classname="net.bigpoint.assessment.gasstation.implementation.StationTest"/>
  <testcase name="testBuyGas" time="164.03" classname="net.bigpoint.assessment.gasstation.implementation.StationTest"/>
  <testcase name="testBuyGas" time="164.643" classname="net.bigpoint.assessment.gasstation.implementation.StationTest"/>
  <testcase name="testBuyGas" time="165.138" classname="net.bigpoint.assessment.gasstation.implementation.StationTest"/>
  <testcase name="testBuyGas" time="165.194" classname="net.bigpoint.assessment.gasstation.implementation.StationTest"/>
  <testcase name="testBuyGas" time="165.213" classname="net.bigpoint.assessment.gasstation.implementation.StationTest"/>
  <testcase name="testBuyGas" time="165.631" classname="net.bigpoint.assessment.gasstation.implementation.StationTest"/>
  <testcase name="testBuyGas" time="165.857" classname="net.bigpoint.assessment.gasstation.implementation.StationTest"/>
  <testcase name="testBuyGas" time="166.224" classname="net.bigpoint.assessment.gasstation.implementation.StationTest"/>
  <testcase name="testBuyGas" time="166.995" classname="net.bigpoint.assessment.gasstation.implementation.StationTest"/>
  <testcase name="testBuyGas" time="167.678" classname="net.bigpoint.assessment.gasstation.implementation.StationTest"/>
  <testcase name="testBuyGas" time="168.218" classname="net.bigpoint.assessment.gasstation.implementation.StationTest"/>
  <testcase name="testBuyGas" time="168.353" classname="net.bigpoint.assessment.gasstation.implementation.StationTest"/>
  <testcase name="testBuyGas" time="168.788" classname="net.bigpoint.assessment.gasstation.implementation.StationTest"/>
  <testcase name="testBuyGas" time="168.835" classname="net.bigpoint.assessment.gasstation.implementation.StationTest"/>
  <testcase name="testBuyGas" time="169.175" classname="net.bigpoint.assessment.gasstation.implementation.StationTest"/>
  <testcase name="testBuyGas" time="169.507" classname="net.bigpoint.assessment.gasstation.implementation.StationTest"/>
  <testcase name="testBuyGas" time="170.069" classname="net.bigpoint.assessment.gasstation.implementation.StationTest"/>
  <testcase name="testBuyGas" time="170.355" classname="net.bigpoint.assessment.gasstation.implementation.StationTest"/>
  <testcase name="testBuyGas" time="171.122" classname="net.bigpoint.assessment.gasstation.implementation.StationTest"/>
  <testcase name="testBuyGas" time="171.865" classname="net.bigpoint.assessment.gasstation.implementation.StationTest"/>
  <testcase name="testBuyGas" time="172.329" classname="net.bigpoint.assessment.gasstation.implementation.StationTest"/>
  <testcase name="testBuyGas" time="172.599" classname="net.bigpoint.assessment.gasstation.implementation.StationTest"/>
  <testcase name="testBuyGas" time="173.013" classname="net.bigpoint.assessment.gasstation.implementation.StationTest"/>
  <testcase name="testBuyGas" time="173.499" classname="net.bigpoint.assessment.gasstation.implementation.StationTest"/>
  <testcase name="testBuyGas" time="173.57" classname="net.bigpoint.assessment.gasstation.implementation.StationTest"/>
  <testcase name="testBuyGas" time="173.74" classname="net.bigpoint.assessment.gasstation.implementation.StationTest"/>
  <testcase name="testBuyGas" time="173.816" classname="net.bigpoint.assessment.gasstation.implementation.StationTest"/>
  <testcase name="testBuyGas" time="174.354" classname="net.bigpoint.assessment.gasstation.implementation.StationTest"/>
  <testcase name="testBuyGas" time="174.821" classname="net.bigpoint.assessment.gasstation.implementation.StationTest"/>
  <testcase name="testBuyGas" time="175.362" classname="net.bigpoint.assessment.gasstation.implementation.StationTest"/>
  <testcase name="testBuyGas" time="175.767" classname="net.bigpoint.assessment.gasstation.implementation.StationTest"/>
  <testcase name="testBuyGas" time="176.621" classname="net.bigpoint.assessment.gasstation.implementation.StationTest"/>
  <testcase name="testBuyGas" time="176.667" classname="net.bigpoint.assessment.gasstation.implementation.StationTest"/>
  <testcase name="testBuyGas" time="177.576" classname="net.bigpoint.assessment.gasstation.implementation.StationTest"/>
  <testcase name="testBuyGas" time="178.01" classname="net.bigpoint.assessment.gasstation.implementation.StationTest"/>
  <testcase name="testBuyGas" time="178.993" classname="net.bigpoint.assessment.gasstation.implementation.StationTest"/>
  <testcase name="testBuyGas" time="179.829" classname="net.bigpoint.assessment.gasstation.implementation.StationTest"/>
  <testcase name="testBuyGas" time="180.454" classname="net.bigpoint.assessment.gasstation.implementation.StationTest"/>
  <testcase name="testBuyGas" time="181.014" classname="net.bigpoint.assessment.gasstation.implementation.StationTest"/>
  <testcase name="testBuyGas" time="181.97" classname="net.bigpoint.assessment.gasstation.implementation.StationTest"/>
  <testcase name="testBuyGas" time="182.302" classname="net.bigpoint.assessment.gasstation.implementation.StationTest"/>
  <testcase name="testBuyGas" time="182.603" classname="net.bigpoint.assessment.gasstation.implementation.StationTest"/>
  <testcase name="testBuyGas" time="182.922" classname="net.bigpoint.assessment.gasstation.implementation.StationTest"/>
  <testcase name="testBuyGas" time="183.237" classname="net.bigpoint.assessment.gasstation.implementation.StationTest"/>
  <testcase name="testBuyGas" time="183.737" classname="net.bigpoint.assessment.gasstation.implementation.StationTest"/>
  <testcase name="testBuyGas" time="184.232" classname="net.bigpoint.assessment.gasstation.implementation.StationTest"/>
  <testcase name="testBuyGas" time="184.406" classname="net.bigpoint.assessment.gasstation.implementation.StationTest"/>
  <testcase name="testBuyGas" time="185.018" classname="net.bigpoint.assessment.gasstation.implementation.StationTest"/>
  <testcase name="testBuyGas" time="185.614" classname="net.bigpoint.assessment.gasstation.implementation.StationTest"/>
  <testcase name="testBuyGas" time="185.755" classname="net.bigpoint.assessment.gasstation.implementation.StationTest"/>
  <testcase name="testBuyGas" time="186.343" classname="net.bigpoint.assessment.gasstation.implementation.StationTest"/>
  <testcase name="testBuyGas" time="186.84" classname="net.bigpoint.assessment.gasstation.implementation.StationTest"/>
  <testcase name="testBuyGas" time="187.776" classname="net.bigpoint.assessment.gasstation.implementation.StationTest"/>
  <testcase name="testBuyGas" time="188.612" classname="net.bigpoint.assessment.gasstation.implementation.StationTest"/>
  <testcase name="testBuyGas" time="189.337" classname="net.bigpoint.assessment.gasstation.implementation.StationTest"/>
  <testcase name="testBuyGas" time="190.254" classname="net.bigpoint.assessment.gasstation.implementation.StationTest"/>
  <testcase name="testBuyGas" time="191.114" classname="net.bigpoint.assessment.gasstation.implementation.StationTest"/>
  <testcase name="testBuyGas" time="191.433" classname="net.bigpoint.assessment.gasstation.implementation.StationTest"/>
  <testcase name="testBuyGas" time="192.063" classname="net.bigpoint.assessment.gasstation.implementation.StationTest"/>
  <testcase name="testBuyGas" time="193.013" classname="net.bigpoint.assessment.gasstation.implementation.StationTest"/>
  <testcase name="testBuyGas" time="193.679" classname="net.bigpoint.assessment.gasstation.implementation.StationTest"/>
  <testcase name="testBuyGas" time="194.443" classname="net.bigpoint.assessment.gasstation.implementation.StationTest"/>
  <testcase name="testBuyGas" time="194.684" classname="net.bigpoint.assessment.gasstation.implementation.StationTest"/>
  <testcase name="testBuyGas" time="195.409" classname="net.bigpoint.assessment.gasstation.implementation.StationTest"/>
  <testcase name="testBuyGas" time="195.454" classname="net.bigpoint.assessment.gasstation.implementation.StationTest"/>
  <testcase name="testBuyGas" time="195.969" classname="net.bigpoint.assessment.gasstation.implementation.StationTest"/>
  <testcase name="testBuyGas" time="196.275" classname="net.bigpoint.assessment.gasstation.implementation.StationTest"/>
  <testcase name="testBuyGas" time="196.67" classname="net.bigpoint.assessment.gasstation.implementation.StationTest"/>
  <testcase name="testBuyGas" time="196.876" classname="net.bigpoint.assessment.gasstation.implementation.StationTest"/>
  <testcase name="testBuyGas" time="197.698" classname="net.bigpoint.assessment.gasstation.implementation.StationTest"/>
  <testcase name="testBuyGas" time="198.568" classname="net.bigpoint.assessment.gasstation.implementation.StationTest"/>
  <testcase name="testBuyGas" time="199.539" classname="net.bigpoint.assessment.gasstation.implementation.StationTest"/>
  <testcase name="testBuyGas" time="199.644" classname="net.bigpoint.assessment.gasstation.implementation.StationTest"/>
  <testcase name="testBuyGas" time="200.161" classname="net.bigpoint.assessment.gasstation.implementation.StationTest"/>
  <testcase name="testBuyGas" time="198.352" classname="net.bigpoint.assessment.gasstation.implementation.StationTest"/>
  <testcase name="testBuyGas" time="198.752" classname="net.bigpoint.assessment.gasstation.implementation.StationTest"/>
  <testcase name="testBuyGas" time="199.533" classname="net.bigpoint.assessment.gasstation.implementation.StationTest"/>
  <testcase name="testBuyGas" time="200.227" classname="net.bigpoint.assessment.gasstation.implementation.StationTest"/>
  <testcase name="testBuyGas" time="200.89" classname="net.bigpoint.assessment.gasstation.implementation.StationTest"/>
  <testcase name="testBuyGas" time="201.624" classname="net.bigpoint.assessment.gasstation.implementation.StationTest"/>
  <testcase name="testBuyGas" time="201.999" classname="net.bigpoint.assessment.gasstation.implementation.StationTest"/>
  <testcase name="testBuyGas" time="202.689" classname="net.bigpoint.assessment.gasstation.implementation.StationTest"/>
  <testcase name="testBuyGas" time="203.068" classname="net.bigpoint.assessment.gasstation.implementation.StationTest"/>
  <testcase name="testBuyGas" time="203.879" classname="net.bigpoint.assessment.gasstation.implementation.StationTest"/>
  <testcase name="testBuyGas" time="204.346" classname="net.bigpoint.assessment.gasstation.implementation.StationTest"/>
  <testcase name="testBuyGas" time="204.911" classname="net.bigpoint.assessment.gasstation.implementation.StationTest"/>
  <testcase name="testBuyGas" time="205.584" classname="net.bigpoint.assessment.gasstation.implementation.StationTest"/>
  <testcase name="testBuyGas" time="205.706" classname="net.bigpoint.assessment.gasstation.implementation.StationTest"/>
  <testcase name="testBuyGas" time="205.748" classname="net.bigpoint.assessment.gasstation.implementation.StationTest"/>
  <testcase name="testBuyGas" time="206.072" classname="net.bigpoint.assessment.gasstation.implementation.StationTest"/>
  <testcase name="testBuyGas" time="206.33" classname="net.bigpoint.assessment.gasstation.implementation.StationTest"/>
  <testcase name="testBuyGas" time="206.739" classname="net.bigpoint.assessment.gasstation.implementation.StationTest"/>
  <testcase name="testBuyGas" time="207.083" classname="net.bigpoint.assessment.gasstation.implementation.StationTest"/>
  <testcase name="testBuyGas" time="207.624" classname="net.bigpoint.assessment.gasstation.implementation.StationTest"/>
  <testcase name="testBuyGas" time="208.003" classname="net.bigpoint.assessment.gasstation.implementation.StationTest"/>
  <testcase name="testBuyGas" time="208.684" classname="net.bigpoint.assessment.gasstation.implementation.StationTest"/>
  <testcase name="testBuyGas" time="209.131" classname="net.bigpoint.assessment.gasstation.implementation.StationTest"/>
  <testcase name="testBuyGas" time="209.396" classname="net.bigpoint.assessment.gasstation.implementation.StationTest"/>
  <testcase name="testBuyGas" time="210.348" classname="net.bigpoint.assessment.gasstation.implementation.StationTest"/>
  <testcase name="testBuyGas" time="211.104" classname="net.bigpoint.assessment.gasstation.implementation.StationTest"/>
  <testcase name="testBuyGas" time="211.307" classname="net.bigpoint.assessment.gasstation.implementation.StationTest"/>
  <testcase name="testBuyGas" time="211.919" classname="net.bigpoint.assessment.gasstation.implementation.StationTest"/>
  <testcase name="testBuyGas" time="212.339" classname="net.bigpoint.assessment.gasstation.implementation.StationTest"/>
  <testcase name="testBuyGas" time="212.37" classname="net.bigpoint.assessment.gasstation.implementation.StationTest"/>
  <testcase name="testBuyGas" time="212.409" classname="net.bigpoint.assessment.gasstation.implementation.StationTest"/>
  <testcase name="testBuyGas" time="213.299" classname="net.bigpoint.assessment.gasstation.implementation.StationTest"/>
  <testcase name="testBuyGas" time="213.352" classname="net.bigpoint.assessment.gasstation.implementation.StationTest"/>
  <testcase name="testBuyGas" time="214.241" classname="net.bigpoint.assessment.gasstation.implementation.StationTest"/>
  <testcase name="testBuyGas" time="215.042" classname="net.bigpoint.assessment.gasstation.implementation.StationTest"/>
  <testcase name="testBuyGas" time="215.458" classname="net.bigpoint.assessment.gasstation.implementation.StationTest"/>
  <testcase name="testBuyGas" time="215.753" classname="net.bigpoint.assessment.gasstation.implementation.StationTest"/>
  <testcase name="testBuyGas" time="216.406" classname="net.bigpoint.assessment.gasstation.implementation.StationTest"/>
  <testcase name="testBuyGas" time="217.156" classname="net.bigpoint.assessment.gasstation.implementation.StationTest"/>
  <testcase name="testBuyGas" time="217.543" classname="net.bigpoint.assessment.gasstation.implementation.StationTest"/>
  <testcase name="testBuyGas" time="217.982" classname="net.bigpoint.assessment.gasstation.implementation.StationTest"/>
  <testcase name="testBuyGas" time="218.431" classname="net.bigpoint.assessment.gasstation.implementation.StationTest"/>
  <testcase name="testBuyGas" time="219.404" classname="net.bigpoint.assessment.gasstation.implementation.StationTest"/>
  <testcase name="testBuyGas" time="219.769" classname="net.bigpoint.assessment.gasstation.implementation.StationTest"/>
  <testcase name="testBuyGas" time="220.25" classname="net.bigpoint.assessment.gasstation.implementation.StationTest"/>
  <testcase name="testBuyGas" time="220.854" classname="net.bigpoint.assessment.gasstation.implementation.StationTest"/>
  <testcase name="testBuyGas" time="221.455" classname="net.bigpoint.assessment.gasstation.implementation.StationTest"/>
  <testcase name="testBuyGas" time="222.396" classname="net.bigpoint.assessment.gasstation.implementation.StationTest"/>
  <testcase name="testBuyGas" time="223.159" classname="net.bigpoint.assessment.gasstation.implementation.StationTest"/>
  <testcase name="testBuyGas" time="223.882" classname="net.bigpoint.assessment.gasstation.implementation.StationTest"/>
  <testcase name="testBuyGas" time="224.004" classname="net.bigpoint.assessment.gasstation.implementation.StationTest"/>
  <testcase name="testBuyGas" time="224.397" classname="net.bigpoint.assessment.gasstation.implementation.StationTest"/>
  <testcase name="testBuyGas" time="224.928" classname="net.bigpoint.assessment.gasstation.implementation.StationTest"/>
  <testcase name="testBuyGas" time="225.567" classname="net.bigpoint.assessment.gasstation.implementation.StationTest"/>
  <testcase name="testBuyGas" time="226.311" classname="net.bigpoint.assessment.gasstation.implementation.StationTest"/>
  <testcase name="testBuyGas" time="227.058" classname="net.bigpoint.assessment.gasstation.implementation.StationTest"/>
  <testcase name="testBuyGas" time="227.559" classname="net.bigpoint.assessment.gasstation.implementation.StationTest"/>
  <testcase name="testBuyGas" time="227.693" classname="net.bigpoint.assessment.gasstation.implementation.StationTest"/>
  <testcase name="testBuyGas" time="227.866" classname="net.bigpoint.assessment.gasstation.implementation.StationTest"/>
  <testcase name="testBuyGas" time="228.472" classname="net.bigpoint.assessment.gasstation.implementation.StationTest"/>
  <testcase name="testBuyGas" time="228.509" classname="net.bigpoint.assessment.gasstation.implementation.StationTest"/>
  <testcase name="testBuyGas" time="228.97" classname="net.bigpoint.assessment.gasstation.implementation.StationTest"/>
  <testcase name="testBuyGas" time="229.022" classname="net.bigpoint.assessment.gasstation.implementation.StationTest"/>
  <testcase name="testBuyGas" time="229.686" classname="net.bigpoint.assessment.gasstation.implementation.StationTest"/>
  <testcase name="testBuyGas" time="230.205" classname="net.bigpoint.assessment.gasstation.implementation.StationTest"/>
  <testcase name="testBuyGas" time="230.874" classname="net.bigpoint.assessment.gasstation.implementation.StationTest"/>
  <testcase name="testBuyGas" time="231.61" classname="net.bigpoint.assessment.gasstation.implementation.StationTest"/>
  <testcase name="testBuyGas" time="232.48" classname="net.bigpoint.assessment.gasstation.implementation.StationTest"/>
  <testcase name="testBuyGas" time="233.174" classname="net.bigpoint.assessment.gasstation.implementation.StationTest"/>
  <testcase name="testBuyGas" time="233.577" classname="net.bigpoint.assessment.gasstation.implementation.StationTest"/>
  <testcase name="testBuyGas" time="234.387" classname="net.bigpoint.assessment.gasstation.implementation.StationTest"/>
  <testcase name="testBuyGas" time="234.627" classname="net.bigpoint.assessment.gasstation.implementation.StationTest"/>
  <testcase name="testBuyGas" time="234.726" classname="net.bigpoint.assessment.gasstation.implementation.StationTest"/>
  <testcase name="testBuyGas" time="235.478" classname="net.bigpoint.assessment.gasstation.implementation.StationTest"/>
  <testcase name="testBuyGas" time="235.494" classname="net.bigpoint.assessment.gasstation.implementation.StationTest"/>
  <testcase name="testBuyGas" time="235.658" classname="net.bigpoint.assessment.gasstation.implementation.StationTest"/>
  <testcase name="testBuyGas" time="236.517" classname="net.bigpoint.assessment.gasstation.implementation.StationTest"/>
  <testcase name="testBuyGas" time="237.259" classname="net.bigpoint.assessment.gasstation.implementation.StationTest"/>
  <testcase name="testBuyGas" time="237.524" classname="net.bigpoint.assessment.gasstation.implementation.StationTest"/>
  <testcase name="testBuyGas" time="238.379" classname="net.bigpoint.assessment.gasstation.implementation.StationTest"/>
  <testcase name="testBuyGas" time="238.544" classname="net.bigpoint.assessment.gasstation.implementation.StationTest"/>
  <testcase name="testBuyGas" time="238.611" classname="net.bigpoint.assessment.gasstation.implementation.StationTest"/>
  <testcase name="testBuyGas" time="238.989" classname="net.bigpoint.assessment.gasstation.implementation.StationTest"/>
  <testcase name="testBuyGas" time="239.317" classname="net.bigpoint.assessment.gasstation.implementation.StationTest"/>
  <testcase name="testBuyGas" time="239.67" classname="net.bigpoint.assessment.gasstation.implementation.StationTest"/>
  <testcase name="testBuyGas" time="240.498" classname="net.bigpoint.assessment.gasstation.implementation.StationTest"/>
  <testcase name="testBuyGas" time="241.187" classname="net.bigpoint.assessment.gasstation.implementation.StationTest"/>
  <testcase name="testBuyGas" time="242.001" classname="net.bigpoint.assessment.gasstation.implementation.StationTest"/>
  <testcase name="testBuyGas" time="242.979" classname="net.bigpoint.assessment.gasstation.implementation.StationTest"/>
  <testcase name="testBuyGas" time="243.395" classname="net.bigpoint.assessment.gasstation.implementation.StationTest"/>
  <testcase name="testBuyGas" time="244.143" classname="net.bigpoint.assessment.gasstation.implementation.StationTest"/>
  <testcase name="testBuyGas" time="244.323" classname="net.bigpoint.assessment.gasstation.implementation.StationTest"/>
  <testcase name="testBuyGas" time="245.204" classname="net.bigpoint.assessment.gasstation.implementation.StationTest"/>
  <testcase name="testBuyGas" time="245.942" classname="net.bigpoint.assessment.gasstation.implementation.StationTest"/>
  <testcase name="testBuyGas" time="246.211" classname="net.bigpoint.assessment.gasstation.implementation.StationTest"/>
  <testcase name="testBuyGas" time="246.653" classname="net.bigpoint.assessment.gasstation.implementation.StationTest"/>
  <testcase name="testBuyGas" time="246.957" classname="net.bigpoint.assessment.gasstation.implementation.StationTest"/>
  <testcase name="testBuyGas" time="247.118" classname="net.bigpoint.assessment.gasstation.implementation.StationTest"/>
  <testcase name="testBuyGas" time="248.031" classname="net.bigpoint.assessment.gasstation.implementation.StationTest"/>
  <testcase name="testBuyGas" time="248.455" classname="net.bigpoint.assessment.gasstation.implementation.StationTest"/>
  <testcase name="testBuyGas" time="248.495" classname="net.bigpoint.assessment.gasstation.implementation.StationTest"/>
  <testcase name="testBuyGas" time="248.824" classname="net.bigpoint.assessment.gasstation.implementation.StationTest"/>
  <testcase name="testBuyGas" time="249.147" classname="net.bigpoint.assessment.gasstation.implementation.StationTest"/>
  <testcase name="testBuyGas" time="249.597" classname="net.bigpoint.assessment.gasstation.implementation.StationTest"/>
  <testcase name="testBuyGas" time="250.158" classname="net.bigpoint.assessment.gasstation.implementation.StationTest"/>
  <testcase name="testBuyGas" time="250.93" classname="net.bigpoint.assessment.gasstation.implementation.StationTest"/>
  <testcase name="testBuyGas" time="251.705" classname="net.bigpoint.assessment.gasstation.implementation.StationTest"/>
  <testcase name="testBuyGas" time="251.883" classname="net.bigpoint.assessment.gasstation.implementation.StationTest"/>
  <testcase name="testBuyGas" time="252.856" classname="net.bigpoint.assessment.gasstation.implementation.StationTest"/>
  <testcase name="testBuyGas" time="253.285" classname="net.bigpoint.assessment.gasstation.implementation.StationTest"/>
  <testcase name="testBuyGas" time="253.893" classname="net.bigpoint.assessment.gasstation.implementation.StationTest"/>
  <testcase name="testBuyGas" time="254.418" classname="net.bigpoint.assessment.gasstation.implementation.StationTest"/>
  <testcase name="testBuyGas" time="254.637" classname="net.bigpoint.assessment.gasstation.implementation.StationTest"/>
  <testcase name="testBuyGas" time="254.75" classname="net.bigpoint.assessment.gasstation.implementation.StationTest"/>
  <testcase name="testBuyGas" time="255.334" classname="net.bigpoint.assessment.gasstation.implementation.StationTest"/>
  <testcase name="testBuyGas" time="255.635" classname="net.bigpoint.assessment.gasstation.implementation.StationTest"/>
  <testcase name="testBuyGas" time="255.886" classname="net.bigpoint.assessment.gasstation.implementation.StationTest"/>
  <testcase name="testBuyGas" time="256.665" classname="net.bigpoint.assessment.gasstation.implementation.StationTest"/>
  <testcase name="testBuyGas" time="256.73" classname="net.bigpoint.assessment.gasstation.implementation.StationTest"/>
  <testcase name="testBuyGas" time="257.019" classname="net.bigpoint.assessment.gasstation.implementation.StationTest"/>
  <testcase name="testBuyGas" time="257.374" classname="net.bigpoint.assessment.gasstation.implementation.StationTest"/>
  <testcase name="testBuyGas" time="258.04" classname="net.bigpoint.assessment.gasstation.implementation.StationTest"/>
  <testcase name="testBuyGas" time="258.5" classname="net.bigpoint.assessment.gasstation.implementation.StationTest"/>
  <testcase name="testBuyGas" time="258.58" classname="net.bigpoint.assessment.gasstation.implementation.StationTest"/>
  <testcase name="testBuyGas" time="259.078" classname="net.bigpoint.assessment.gasstation.implementation.StationTest"/>
  <testcase name="testBuyGas" time="259.107" classname="net.bigpoint.assessment.gasstation.implementation.StationTest"/>
  <testcase name="testBuyGas" time="259.826" classname="net.bigpoint.assessment.gasstation.implementation.StationTest"/>
  <testcase name="testBuyGas" time="260.082" classname="net.bigpoint.assessment.gasstation.implementation.StationTest"/>
  <testcase name="testBuyGas" time="260.842" classname="net.bigpoint.assessment.gasstation.implementation.StationTest"/>
  <testcase name="testBuyGas" time="260.912" classname="net.bigpoint.assessment.gasstation.implementation.StationTest"/>
  <testcase name="testBuyGas" time="261.412" classname="net.bigpoint.assessment.gasstation.implementation.StationTest"/>
  <testcase name="testBuyGas" time="261.625" classname="net.bigpoint.assessment.gasstation.implementation.StationTest"/>
  <testcase name="testBuyGas" time="262.351" classname="net.bigpoint.assessment.gasstation.implementation.StationTest"/>
  <testcase name="testBuyGas" time="263.093" classname="net.bigpoint.assessment.gasstation.implementation.StationTest"/>
  <testcase name="testBuyGas" time="263.475" classname="net.bigpoint.assessment.gasstation.implementation.StationTest"/>
  <testcase name="testBuyGas" time="263.479" classname="net.bigpoint.assessment.gasstation.implementation.StationTest"/>
  <testcase name="testBuyGas" time="263.52" classname="net.bigpoint.assessment.gasstation.implementation.StationTest"/>
  <testcase name="testBuyGas" time="263.704" classname="net.bigpoint.assessment.gasstation.implementation.StationTest"/>
  <testcase name="testBuyGas" time="264.558" classname="net.bigpoint.assessment.gasstation.implementation.StationTest"/>
  <testcase name="testBuyGas" time="264.923" classname="net.bigpoint.assessment.gasstation.implementation.StationTest"/>
  <testcase name="testBuyGas" time="265.606" classname="net.bigpoint.assessment.gasstation.implementation.StationTest"/>
  <testcase name="testBuyGas" time="266.551" classname="net.bigpoint.assessment.gasstation.implementation.StationTest"/>
  <testcase name="testBuyGas" time="266.866" classname="net.bigpoint.assessment.gasstation.implementation.StationTest"/>
  <testcase name="testBuyGas" time="266.981" classname="net.bigpoint.assessment.gasstation.implementation.StationTest"/>
  <testcase name="testBuyGas" time="267.243" classname="net.bigpoint.assessment.gasstation.implementation.StationTest"/>
  <testcase name="testBuyGas" time="267.756" classname="net.bigpoint.assessment.gasstation.implementation.StationTest"/>
  <testcase name="testBuyGas" time="268.717" classname="net.bigpoint.assessment.gasstation.implementation.StationTest"/>
  <testcase name="testBuyGas" time="268.756" classname="net.bigpoint.assessment.gasstation.implementation.StationTest"/>
  <testcase name="testBuyGas" time="269.251" classname="net.bigpoint.assessment.gasstation.implementation.StationTest"/>
  <testcase name="testBuyGas" time="269.939" classname="net.bigpoint.assessment.gasstation.implementation.StationTest"/>
  <testcase name="testBuyGas" time="270.774" classname="net.bigpoint.assessment.gasstation.implementation.StationTest"/>
  <testcase name="testBuyGas" time="271.187" classname="net.bigpoint.assessment.gasstation.implementation.StationTest"/>
  <testcase name="testBuyGas" time="271.671" classname="net.bigpoint.assessment.gasstation.implementation.StationTest"/>
  <testcase name="testBuyGas" time="271.813" classname="net.bigpoint.assessment.gasstation.implementation.StationTest"/>
  <testcase name="testBuyGas" time="272.781" classname="net.bigpoint.assessment.gasstation.implementation.StationTest"/>
  <testcase name="testBuyGas" time="273.593" classname="net.bigpoint.assessment.gasstation.implementation.StationTest"/>
  <testcase name="testBuyGas" time="274.15" classname="net.bigpoint.assessment.gasstation.implementation.StationTest"/>
  <testcase name="testBuyGas" time="274.673" classname="net.bigpoint.assessment.gasstation.implementation.StationTest"/>
  <testcase name="testBuyGas" time="274.831" classname="net.bigpoint.assessment.gasstation.implementation.StationTest"/>
  <testcase name="testBuyGas" time="275.727" classname="net.bigpoint.assessment.gasstation.implementation.StationTest"/>
  <testcase name="testBuyGas" time="275.989" classname="net.bigpoint.assessment.gasstation.implementation.StationTest"/>
  <testcase name="testBuyGas" time="276.037" classname="net.bigpoint.assessment.gasstation.implementation.StationTest"/>
  <testcase name="testBuyGas" time="277.025" classname="net.bigpoint.assessment.gasstation.implementation.StationTest"/>
  <testcase name="testBuyGas" time="277.854" classname="net.bigpoint.assessment.gasstation.implementation.StationTest"/>
  <testcase name="testBuyGas" time="278.522" classname="net.bigpoint.assessment.gasstation.implementation.StationTest"/>
  <testcase name="testBuyGas" time="279.29" classname="net.bigpoint.assessment.gasstation.implementation.StationTest"/>
  <testcase name="testBuyGas" time="279.304" classname="net.bigpoint.assessment.gasstation.implementation.StationTest"/>
  <testcase name="testBuyGas" time="279.493" classname="net.bigpoint.assessment.gasstation.implementation.StationTest"/>
  <testcase name="testBuyGas" time="279.859" classname="net.bigpoint.assessment.gasstation.implementation.StationTest"/>
  <testcase name="testBuyGas" time="280.767" classname="net.bigpoint.assessment.gasstation.implementation.StationTest"/>
  <testcase name="testBuyGas" time="280.895" classname="net.bigpoint.assessment.gasstation.implementation.StationTest"/>
  <testcase name="testBuyGas" time="281.066" classname="net.bigpoint.assessment.gasstation.implementation.StationTest"/>
  <testcase name="testBuyGas" time="281.3" classname="net.bigpoint.assessment.gasstation.implementation.StationTest"/>
  <testcase name="testBuyGas" time="281.769" classname="net.bigpoint.assessment.gasstation.implementation.StationTest"/>
  <testcase name="testBuyGas" time="282.718" classname="net.bigpoint.assessment.gasstation.implementation.StationTest"/>
  <testcase name="testBuyGas" time="283.383" classname="net.bigpoint.assessment.gasstation.implementation.StationTest"/>
  <testcase name="testBuyGas" time="283.577" classname="net.bigpoint.assessment.gasstation.implementation.StationTest"/>
  <testcase name="testBuyGas" time="284.23" classname="net.bigpoint.assessment.gasstation.implementation.StationTest"/>
  <testcase name="testBuyGas" time="284.622" classname="net.bigpoint.assessment.gasstation.implementation.StationTest"/>
  <testcase name="testBuyGas" time="285.317" classname="net.bigpoint.assessment.gasstation.implementation.StationTest"/>
  <testcase name="testBuyGas" time="285.901" classname="net.bigpoint.assessment.gasstation.implementation.StationTest"/>
  <testcase name="testBuyGas" time="286.295" classname="net.bigpoint.assessment.gasstation.implementation.StationTest"/>
  <testcase name="testBuyGas" time="286.42" classname="net.bigpoint.assessment.gasstation.implementation.StationTest"/>
  <testcase name="testBuyGas" time="287.104" classname="net.bigpoint.assessment.gasstation.implementation.StationTest"/>
  <testcase name="testBuyGas" time="287.672" classname="net.bigpoint.assessment.gasstation.implementation.StationTest"/>
  <testcase name="testBuyGas" time="288.409" classname="net.bigpoint.assessment.gasstation.implementation.StationTest"/>
  <testcase name="testBuyGas" time="289.324" classname="net.bigpoint.assessment.gasstation.implementation.StationTest"/>
  <testcase name="testBuyGas" time="289.336" classname="net.bigpoint.assessment.gasstation.implementation.StationTest"/>
  <testcase name="testBuyGas" time="290.315" classname="net.bigpoint.assessment.gasstation.implementation.StationTest"/>
  <testcase name="testBuyGas" time="290.424" classname="net.bigpoint.assessment.gasstation.implementation.StationTest"/>
  <testcase name="testBuyGas" time="290.523" classname="net.bigpoint.assessment.gasstation.implementation.StationTest"/>
  <testcase name="testBuyGas" time="290.875" classname="net.bigpoint.assessment.gasstation.implementation.StationTest"/>
  <testcase name="testBuyGas" time="291.34" classname="net.bigpoint.assessment.gasstation.implementation.StationTest"/>
  <testcase name="testBuyGas" time="291.792" classname="net.bigpoint.assessment.gasstation.implementation.StationTest"/>
  <testcase name="testBuyGas" time="292.57" classname="net.bigpoint.assessment.gasstation.implementation.StationTest"/>
  <testcase name="testBuyGas" time="293.309" classname="net.bigpoint.assessment.gasstation.implementation.StationTest"/>
  <testcase name="testBuyGas" time="293.457" classname="net.bigpoint.assessment.gasstation.implementation.StationTest"/>
  <testcase name="testBuyGas" time="294.33" classname="net.bigpoint.assessment.gasstation.implementation.StationTest"/>
  <testcase name="testBuyGas" time="294.507" classname="net.bigpoint.assessment.gasstation.implementation.StationTest"/>
  <testcase name="testBuyGas" time="295.138" classname="net.bigpoint.assessment.gasstation.implementation.StationTest"/>
  <testcase name="testBuyGas" time="295.261" classname="net.bigpoint.assessment.gasstation.implementation.StationTest"/>
  <testcase name="testBuyGas" time="296.156" classname="net.bigpoint.assessment.gasstation.implementation.StationTest"/>
  <testcase name="testBuyGas" time="296.553" classname="net.bigpoint.assessment.gasstation.implementation.StationTest"/>
  <testcase name="testBuyGas" time="296.818" classname="net.bigpoint.assessment.gasstation.implementation.StationTest"/>
  <testcase name="testBuyGas" time="297.164" classname="net.bigpoint.assessment.gasstation.implementation.StationTest"/>
  <testcase name="testBuyGas" time="297.795" classname="net.bigpoint.assessment.gasstation.implementation.StationTest"/>
  <testcase name="testBuyGas" time="298.366" classname="net.bigpoint.assessment.gasstation.implementation.StationTest"/>
  <testcase name="testBuyGas" time="299.047" classname="net.bigpoint.assessment.gasstation.implementation.StationTest"/>
  <testcase name="testBuyGas" time="299.982" classname="net.bigpoint.assessment.gasstation.implementation.StationTest"/>
  <testcase name="testBuyGas" time="300.474" classname="net.bigpoint.assessment.gasstation.implementation.StationTest"/>
  <testcase name="testBuyGas" time="301.053" classname="net.bigpoint.assessment.gasstation.implementation.StationTest"/>
  <testcase name="testBuyGas" time="301.658" classname="net.bigpoint.assessment.gasstation.implementation.StationTest"/>
  <testcase name="testBuyGas" time="302.294" classname="net.bigpoint.assessment.gasstation.implementation.StationTest"/>
  <testcase name="testBuyGas" time="302.876" classname="net.bigpoint.assessment.gasstation.implementation.StationTest"/>
  <testcase name="testBuyGas" time="303.219" classname="net.bigpoint.assessment.gasstation.implementation.StationTest"/>
  <testcase name="testBuyGas" time="303.501" classname="net.bigpoint.assessment.gasstation.implementation.StationTest"/>
  <testcase name="testBuyGas" time="303.759" classname="net.bigpoint.assessment.gasstation.implementation.StationTest"/>
  <testcase name="testBuyGas" time="304.286" classname="net.bigpoint.assessment.gasstation.implementation.StationTest"/>
  <testcase name="testBuyGas" time="304.778" classname="net.bigpoint.assessment.gasstation.implementation.StationTest"/>
  <testcase name="testBuyGas" time="305.271" classname="net.bigpoint.assessment.gasstation.implementation.StationTest"/>
  <testcase name="testBuyGas" time="305.73" classname="net.bigpoint.assessment.gasstation.implementation.StationTest"/>
  <testcase name="testBuyGas" time="305.839" classname="net.bigpoint.assessment.gasstation.implementation.StationTest"/>
  <testcase name="testBuyGas" time="306.137" classname="net.bigpoint.assessment.gasstation.implementation.StationTest"/>
  <testcase name="testBuyGas" time="306.335" classname="net.bigpoint.assessment.gasstation.implementation.StationTest"/>
  <testcase name="testBuyGas" time="306.436" classname="net.bigpoint.assessment.gasstation.implementation.StationTest"/>
  <testcase name="testBuyGas" time="306.984" classname="net.bigpoint.assessment.gasstation.implementation.StationTest"/>
  <testcase name="testBuyGas" time="307.079" classname="net.bigpoint.assessment.gasstation.implementation.StationTest"/>
  <testcase name="testBuyGas" time="307.996" classname="net.bigpoint.assessment.gasstation.implementation.StationTest"/>
  <testcase name="testBuyGas" time="308.013" classname="net.bigpoint.assessment.gasstation.implementation.StationTest"/>
  <testcase name="testBuyGas" time="308.964" classname="net.bigpoint.assessment.gasstation.implementation.StationTest"/>
  <testcase name="testBuyGas" time="309.007" classname="net.bigpoint.assessment.gasstation.implementation.StationTest"/>
  <testcase name="testBuyGas" time="309.19" classname="net.bigpoint.assessment.gasstation.implementation.StationTest"/>
  <testcase name="testBuyGas" time="309.4" classname="net.bigpoint.assessment.gasstation.implementation.StationTest"/>
  <testcase name="testBuyGas" time="309.923" classname="net.bigpoint.assessment.gasstation.implementation.StationTest"/>
  <testcase name="testBuyGas" time="310.127" classname="net.bigpoint.assessment.gasstation.implementation.StationTest"/>
  <testcase name="testBuyGas" time="310.24" classname="net.bigpoint.assessment.gasstation.implementation.StationTest"/>
  <testcase name="testBuyGas" time="310.684" classname="net.bigpoint.assessment.gasstation.implementation.StationTest"/>
  <testcase name="testBuyGas" time="311.232" classname="net.bigpoint.assessment.gasstation.implementation.StationTest"/>
  <testcase name="testBuyGas" time="311.816" classname="net.bigpoint.assessment.gasstation.implementation.StationTest"/>
  <testcase name="testBuyGas" time="312.326" classname="net.bigpoint.assessment.gasstation.implementation.StationTest"/>
  <testcase name="testBuyGas" time="312.676" classname="net.bigpoint.assessment.gasstation.implementation.StationTest"/>
  <testcase name="testBuyGas" time="313.07" classname="net.bigpoint.assessment.gasstation.implementation.StationTest"/>
  <testcase name="testBuyGas" time="313.658" classname="net.bigpoint.assessment.gasstation.implementation.StationTest"/>
  <testcase name="testBuyGas" time="313.997" classname="net.bigpoint.assessment.gasstation.implementation.StationTest"/>
  <testcase name="testBuyGas" time="314.844" classname="net.bigpoint.assessment.gasstation.implementation.StationTest"/>
  <testcase name="testBuyGas" time="315.356" classname="net.bigpoint.assessment.gasstation.implementation.StationTest"/>
  <testcase name="testBuyGas" time="316.241" classname="net.bigpoint.assessment.gasstation.implementation.StationTest"/>
  <testcase name="testBuyGas" time="316.304" classname="net.bigpoint.assessment.gasstation.implementation.StationTest"/>
  <testcase name="testBuyGas" time="317.013" classname="net.bigpoint.assessment.gasstation.implementation.StationTest"/>
  <testcase name="testBuyGas" time="317.659" classname="net.bigpoint.assessment.gasstation.implementation.StationTest"/>
  <testcase name="testBuyGas" time="317.741" classname="net.bigpoint.assessment.gasstation.implementation.StationTest"/>
  <testcase name="testBuyGas" time="318.313" classname="net.bigpoint.assessment.gasstation.implementation.StationTest"/>
  <testcase name="testBuyGas" time="318.458" classname="net.bigpoint.assessment.gasstation.implementation.StationTest"/>
  <testcase name="testBuyGas" time="319.33" classname="net.bigpoint.assessment.gasstation.implementation.StationTest"/>
  <testcase name="testBuyGas" time="319.611" classname="net.bigpoint.assessment.gasstation.implementation.StationTest"/>
  <testcase name="testBuyGas" time="320.368" classname="net.bigpoint.assessment.gasstation.implementation.StationTest"/>
  <testcase name="testBuyGas" time="321.061" classname="net.bigpoint.assessment.gasstation.implementation.StationTest"/>
  <testcase name="testBuyGas" time="321.305" classname="net.bigpoint.assessment.gasstation.implementation.StationTest"/>
  <testcase name="testBuyGas" time="322.043" classname="net.bigpoint.assessment.gasstation.implementation.StationTest"/>
  <testcase name="testBuyGas" time="322.141" classname="net.bigpoint.assessment.gasstation.implementation.StationTest"/>
[...]
  <testcase name="testBuyGasDepleted" time="84.044" classname="net.bigpoint.assessment.gasstation.implementation.StationTest"/>
  <testcase name="testBuyGasDepleted" time="84.147" classname="net.bigpoint.assessment.gasstation.implementation.StationTest"/>
  <testcase name="testBuyGasDepleted" time="84.249" classname="net.bigpoint.assessment.gasstation.implementation.StationTest"/>
  <testcase name="testBuyGasDepleted" time="84.35" classname="net.bigpoint.assessment.gasstation.implementation.StationTest"/>
  <testcase name="testBuyGasDepleted" time="84.453" classname="net.bigpoint.assessment.gasstation.implementation.StationTest"/>
  <testcase name="testBuyGasDepleted" time="84.558" classname="net.bigpoint.assessment.gasstation.implementation.StationTest"/>
  <testcase name="testBuyGasDepleted" time="84.669" classname="net.bigpoint.assessment.gasstation.implementation.StationTest"/>
  <testcase name="testBuyGasDepleted" time="84.775" classname="net.bigpoint.assessment.gasstation.implementation.StationTest"/>
  <testcase name="testBuyGasDepleted" time="84.88" classname="net.bigpoint.assessment.gasstation.implementation.StationTest"/>
  <testcase name="testBuyGasDepleted" time="84.983" classname="net.bigpoint.assessment.gasstation.implementation.StationTest"/>
  <testcase name="testBuyGasDepleted" time="85.086" classname="net.bigpoint.assessment.gasstation.implementation.StationTest"/>
  <testcase name="testBuyGasDepleted" time="85.191" classname="net.bigpoint.assessment.gasstation.implementation.StationTest"/>
  <testcase name="testBuyGasDepleted" time="85.29" classname="net.bigpoint.assessment.gasstation.implementation.StationTest"/>
  <testcase name="testBuyGasDepleted" time="85.395" classname="net.bigpoint.assessment.gasstation.implementation.StationTest"/>
  <testcase name="testBuyGasDepleted" time="85.502" classname="net.bigpoint.assessment.gasstation.implementation.StationTest"/>
  <testcase name="testBuyGasDepleted" time="85.614" classname="net.bigpoint.assessment.gasstation.implementation.StationTest"/>
  <testcase name="testBuyGasDepleted" time="85.723" classname="net.bigpoint.assessment.gasstation.implementation.StationTest"/>
  <testcase name="testBuyGasDepleted" time="85.825" classname="net.bigpoint.assessment.gasstation.implementation.StationTest"/>
  <testcase name="testBuyGasDepleted" time="85.928" classname="net.bigpoint.assessment.gasstation.implementation.StationTest"/>
  <testcase name="testBuyGasDepleted" time="86.031" classname="net.bigpoint.assessment.gasstation.implementation.StationTest"/>
  <testcase name="testBuyGasDepleted" time="86.136" classname="net.bigpoint.assessment.gasstation.implementation.StationTest"/>
  <testcase name="testBuyGasDepleted" time="86.243" classname="net.bigpoint.assessment.gasstation.implementation.StationTest"/>
  <testcase name="testBuyGasDepleted" time="86.345" classname="net.bigpoint.assessment.gasstation.implementation.StationTest"/>
  <testcase name="testBuyGasDepleted" time="86.471" classname="net.bigpoint.assessment.gasstation.implementation.StationTest"/>
  <testcase name="testBuyGasDepleted" time="86.574" classname="net.bigpoint.assessment.gasstation.implementation.StationTest"/>
  <testcase name="testBuyGasDepleted" time="86.665" classname="net.bigpoint.assessment.gasstation.implementation.StationTest"/>
  <testcase name="testBuyGasDepleted" time="86.769" classname="net.bigpoint.assessment.gasstation.implementation.StationTest"/>
  <testcase name="testBuyGasDepleted" time="86.873" classname="net.bigpoint.assessment.gasstation.implementation.StationTest"/>
  <testcase name="testBuyGasDepleted" time="86.974" classname="net.bigpoint.assessment.gasstation.implementation.StationTest"/>
  <testcase name="testBuyGasDepleted" time="87.073" classname="net.bigpoint.assessment.gasstation.implementation.StationTest"/>
  <testcase name="testBuyGasDepleted" time="87.173" classname="net.bigpoint.assessment.gasstation.implementation.StationTest"/>
  <testcase name="testBuyGasDepleted" time="87.28" classname="net.bigpoint.assessment.gasstation.implementation.StationTest"/>
  <testcase name="testBuyGasDepleted" time="87.382" classname="net.bigpoint.assessment.gasstation.implementation.StationTest"/>
  <testcase name="testBuyGasDepleted" time="87.484" classname="net.bigpoint.assessment.gasstation.implementation.StationTest"/>
  <testcase name="testBuyGasDepleted" time="87.587" classname="net.bigpoint.assessment.gasstation.implementation.StationTest"/>
  <testcase name="testBuyGasDepleted" time="87.69" classname="net.bigpoint.assessment.gasstation.implementation.StationTest"/>
  <testcase name="testBuyGasDepleted" time="87.795" classname="net.bigpoint.assessment.gasstation.implementation.StationTest"/>
  <testcase name="testBuyGasDepleted" time="87.899" classname="net.bigpoint.assessment.gasstation.implementation.StationTest"/>
  <testcase name="testBuyGasDepleted" time="88.003" classname="net.bigpoint.assessment.gasstation.implementation.StationTest"/>
  <testcase name="testBuyGasDepleted" time="88.105" classname="net.bigpoint.assessment.gasstation.implementation.StationTest"/>
  <testcase name="testBuyGasDepleted" time="88.211" classname="net.bigpoint.assessment.gasstation.implementation.StationTest"/>
  <testcase name="testBuyGasDepleted" time="88.315" classname="net.bigpoint.assessment.gasstation.implementation.StationTest"/>
  <testcase name="testBuyGasDepleted" time="88.42" classname="net.bigpoint.assessment.gasstation.implementation.StationTest"/>
  <testcase name="testBuyGasDepleted" time="88.524" classname="net.bigpoint.assessment.gasstation.implementation.StationTest"/>
  <testcase name="testBuyGasDepleted" time="88.628" classname="net.bigpoint.assessment.gasstation.implementation.StationTest"/>
  <testcase name="testBuyGasDepleted" time="88.733" classname="net.bigpoint.assessment.gasstation.implementation.StationTest"/>
  <testcase name="testBuyGasDepleted" time="88.844" classname="net.bigpoint.assessment.gasstation.implementation.StationTest"/>
  <testcase name="testBuyGasDepleted" time="88.938" classname="net.bigpoint.assessment.gasstation.implementation.StationTest"/>
  <testcase name="testBuyGasDepleted" time="89.043" classname="net.bigpoint.assessment.gasstation.implementation.StationTest"/>
  <testcase name="testBuyGasDepleted" time="89.147" classname="net.bigpoint.assessment.gasstation.implementation.StationTest"/>
  <testcase name="testBuyGasDepleted" time="89.25" classname="net.bigpoint.assessment.gasstation.implementation.StationTest"/>
  <testcase name="testBuyGasDepleted" time="89.351" classname="net.bigpoint.assessment.gasstation.implementation.StationTest"/>
  <testcase name="testBuyGasDepleted" time="89.461" classname="net.bigpoint.assessment.gasstation.implementation.StationTest"/>
  <testcase name="testBuyGasDepleted" time="89.575" classname="net.bigpoint.assessment.gasstation.implementation.StationTest"/>
  <testcase name="testBuyGasDepleted" time="89.664" classname="net.bigpoint.assessment.gasstation.implementation.StationTest"/>
  <testcase name="testBuyGasDepleted" time="89.768" classname="net.bigpoint.assessment.gasstation.implementation.StationTest"/>
  <testcase name="testBuyGasDepleted" time="89.874" classname="net.bigpoint.assessment.gasstation.implementation.StationTest"/>
  <testcase name="testBuyGasDepleted" time="89.98" classname="net.bigpoint.assessment.gasstation.implementation.StationTest"/>
  <testcase name="testBuyGasDepleted" time="90.086" classname="net.bigpoint.assessment.gasstation.implementation.StationTest"/>
  <testcase name="testBuyGasDepleted" time="90.192" classname="net.bigpoint.assessment.gasstation.implementation.StationTest"/>
  <testcase name="testBuyGasDepleted" time="90.295" classname="net.bigpoint.assessment.gasstation.implementation.StationTest"/>
  <testcase name="testBuyGasDepleted" time="90.398" classname="net.bigpoint.assessment.gasstation.implementation.StationTest"/>
  <testcase name="testBuyGasDepleted" time="90.503" classname="net.bigpoint.assessment.gasstation.implementation.StationTest"/>
  <testcase name="testBuyGasDepleted" time="90.604" classname="net.bigpoint.assessment.gasstation.implementation.StationTest"/>
  <testcase name="testBuyGasDepleted" time="90.708" classname="net.bigpoint.assessment.gasstation.implementation.StationTest"/>
  <testcase name="testBuyGasDepleted" time="90.807" classname="net.bigpoint.assessment.gasstation.implementation.StationTest"/>
  <testcase name="testBuyGasDepleted" time="90.911" classname="net.bigpoint.assessment.gasstation.implementation.StationTest"/>
  <testcase name="testBuyGasDepleted" time="91.011" classname="net.bigpoint.assessment.gasstation.implementation.StationTest"/>
  <testcase name="testBuyGasDepleted" time="91.111" classname="net.bigpoint.assessment.gasstation.implementation.StationTest"/>
  <testcase name="testBuyGasDepleted" time="91.214" classname="net.bigpoint.assessment.gasstation.implementation.StationTest"/>
  <testcase name="testBuyGasDepleted" time="91.318" classname="net.bigpoint.assessment.gasstation.implementation.StationTest"/>
  <testcase name="testBuyGasDepleted" time="91.419" classname="net.bigpoint.assessment.gasstation.implementation.StationTest"/>
  <testcase name="testBuyGasDepleted" time="91.522" classname="net.bigpoint.assessment.gasstation.implementation.StationTest"/>
  <testcase name="testBuyGasDepleted" time="91.623" classname="net.bigpoint.assessment.gasstation.implementation.StationTest"/>
  <testcase name="testBuyGasDepleted" time="91.724" classname="net.bigpoint.assessment.gasstation.implementation.StationTest"/>
  <testcase name="testBuyGasDepleted" time="91.826" classname="net.bigpoint.assessment.gasstation.implementation.StationTest"/>
  <testcase name="testBuyGasDepleted" time="91.929" classname="net.bigpoint.assessment.gasstation.implementation.StationTest"/>
  <testcase name="testBuyGasDepleted" time="92.031" classname="net.bigpoint.assessment.gasstation.implementation.StationTest"/>
  <testcase name="testBuyGasDepleted" time="92.133" classname="net.bigpoint.assessment.gasstation.implementation.StationTest"/>
  <testcase name="testBuyGasDepleted" time="92.235" classname="net.bigpoint.assessment.gasstation.implementation.StationTest"/>
  <testcase name="testBuyGasDepleted" time="92.338" classname="net.bigpoint.assessment.gasstation.implementation.StationTest"/>
  <testcase name="testBuyGasDepleted" time="92.439" classname="net.bigpoint.assessment.gasstation.implementation.StationTest"/>
  <testcase name="testBuyGasDepleted" time="92.541" classname="net.bigpoint.assessment.gasstation.implementation.StationTest"/>
  <testcase name="testBuyGasDepleted" time="92.644" classname="net.bigpoint.assessment.gasstation.implementation.StationTest"/>
  <testcase name="testBuyGasDepleted" time="92.745" classname="net.bigpoint.assessment.gasstation.implementation.StationTest"/>
  <testcase name="testBuyGasDepleted" time="92.849" classname="net.bigpoint.assessment.gasstation.implementation.StationTest"/>
  <testcase name="testBuyGasDepleted" time="92.95" classname="net.bigpoint.assessment.gasstation.implementation.StationTest"/>
  <testcase name="testBuyGasDepleted" time="93.052" classname="net.bigpoint.assessment.gasstation.implementation.StationTest"/>
  <testcase name="testBuyGasDepleted" time="93.156" classname="net.bigpoint.assessment.gasstation.implementation.StationTest"/>
  <testcase name="testBuyGasDepleted" time="93.255" classname="net.bigpoint.assessment.gasstation.implementation.StationTest"/>
  <testcase name="testBuyGasDepleted" time="93.357" classname="net.bigpoint.assessment.gasstation.implementation.StationTest"/>
  <testcase name="testBuyGasDepleted" time="93.459" classname="net.bigpoint.assessment.gasstation.implementation.StationTest"/>
  <testcase name="testBuyGasDepleted" time="93.562" classname="net.bigpoint.assessment.gasstation.implementation.StationTest"/>
  <testcase name="testBuyGasDepleted" time="93.663" classname="net.bigpoint.assessment.gasstation.implementation.StationTest"/>
  <testcase name="testBuyGasDepleted" time="93.765" classname="net.bigpoint.assessment.gasstation.implementation.StationTest"/>
  <testcase name="testBuyGasDepleted" time="93.867" classname="net.bigpoint.assessment.gasstation.implementation.StationTest"/>
  <testcase name="testBuyGasDepleted" time="93.968" classname="net.bigpoint.assessment.gasstation.implementation.StationTest"/>
  <testcase name="testBuyGasDepleted" time="94.069" classname="net.bigpoint.assessment.gasstation.implementation.StationTest"/>
  <testcase name="testBuyGasDepleted" time="94.193" classname="net.bigpoint.assessment.gasstation.implementation.StationTest"/>
  <testcase name="testBuyGasDepleted" time="94.296" classname="net.bigpoint.assessment.gasstation.implementation.StationTest"/>
  <testcase name="testBuyGasDepleted" time="94.397" classname="net.bigpoint.assessment.gasstation.implementation.StationTest"/>
  <testcase name="testBuyGasDepleted" time="94.499" classname="net.bigpoint.assessment.gasstation.implementation.StationTest"/>
  <testcase name="testBuyGasDepleted" time="94.6" classname="net.bigpoint.assessment.gasstation.implementation.StationTest"/>
  <testcase name="testBuyGasDepleted" time="94.703" classname="net.bigpoint.assessment.gasstation.implementation.StationTest"/>
  <testcase name="testBuyGasDepleted" time="94.804" classname="net.bigpoint.assessment.gasstation.implementation.StationTest"/>
  <testcase name="testBuyGasDepleted" time="94.91" classname="net.bigpoint.assessment.gasstation.implementation.StationTest"/>
  <testcase name="testBuyGasDepleted" time="95.01" classname="net.bigpoint.assessment.gasstation.implementation.StationTest"/>
  <testcase name="testBuyGasDepleted" time="95.111" classname="net.bigpoint.assessment.gasstation.implementation.StationTest"/>
  <testcase name="testBuyGasDepleted" time="95.211" classname="net.bigpoint.assessment.gasstation.implementation.StationTest"/>
  <testcase name="testBuyGasDepleted" time="95.316" classname="net.bigpoint.assessment.gasstation.implementation.StationTest"/>
  <testcase name="testBuyGasDepleted" time="95.416" classname="net.bigpoint.assessment.gasstation.implementation.StationTest"/>
  <testcase name="testBuyGasDepleted" time="95.517" classname="net.bigpoint.assessment.gasstation.implementation.StationTest"/>
  <testcase name="testBuyGasDepleted" time="95.615" classname="net.bigpoint.assessment.gasstation.implementation.StationTest"/>
  <testcase name="testBuyGasDepleted" time="95.718" classname="net.bigpoint.assessment.gasstation.implementation.StationTest"/>
  <testcase name="testBuyGasDepleted" time="95.82" classname="net.bigpoint.assessment.gasstation.implementation.StationTest"/>
  <testcase name="testBuyGasDepleted" time="95.922" classname="net.bigpoint.assessment.gasstation.implementation.StationTest"/>
  <testcase name="testBuyGasDepleted" time="96.023" classname="net.bigpoint.assessment.gasstation.implementation.StationTest"/>
  <testcase name="testBuyGasDepleted" time="96.123" classname="net.bigpoint.assessment.gasstation.implementation.StationTest"/>
  <testcase name="testBuyGasDepleted" time="96.226" classname="net.bigpoint.assessment.gasstation.implementation.StationTest"/>
  <testcase name="testBuyGasDepleted" time="96.327" classname="net.bigpoint.assessment.gasstation.implementation.StationTest"/>
  <testcase name="testBuyGasDepleted" time="96.431" classname="net.bigpoint.assessment.gasstation.implementation.StationTest"/>
  <testcase name="testBuyGasDepleted" time="96.53" classname="net.bigpoint.assessment.gasstation.implementation.StationTest"/>
  <testcase name="testBuyGasDepleted" time="96.632" classname="net.bigpoint.assessment.gasstation.implementation.StationTest"/>
  <testcase name="testBuyGasDepleted" time="96.734" classname="net.bigpoint.assessment.gasstation.implementation.StationTest"/>
  <testcase name="testBuyGasDepleted" time="96.835" classname="net.bigpoint.assessment.gasstation.implementation.StationTest"/>
  <testcase name="testBuyGasDepleted" time="96.937" classname="net.bigpoint.assessment.gasstation.implementation.StationTest"/>
  <testcase name="testBuyGasDepleted" time="97.039" classname="net.bigpoint.assessment.gasstation.implementation.StationTest"/>
  <testcase name="testBuyGasDepleted" time="97.14" classname="net.bigpoint.assessment.gasstation.implementation.StationTest"/>
  <testcase name="testBuyGasDepleted" time="97.278" classname="net.bigpoint.assessment.gasstation.implementation.StationTest"/>
  <testcase name="testBuyGasDepleted" time="97.384" classname="net.bigpoint.assessment.gasstation.implementation.StationTest"/>
  <testcase name="testBuyGasDepleted" time="97.487" classname="net.bigpoint.assessment.gasstation.implementation.StationTest"/>
  <testcase name="testBuyGasDepleted" time="97.593" classname="net.bigpoint.assessment.gasstation.implementation.StationTest"/>
  <testcase name="testBuyGasDepleted" time="97.699" classname="net.bigpoint.assessment.gasstation.implementation.StationTest"/>
  <testcase name="testBuyGasDepleted" time="97.799" classname="net.bigpoint.assessment.gasstation.implementation.StationTest"/>
  <testcase name="testBuyGasDepleted" time="97.901" classname="net.bigpoint.assessment.gasstation.implementation.StationTest"/>
  <testcase name="testBuyGasDepleted" time="98.004" classname="net.bigpoint.assessment.gasstation.implementation.StationTest"/>
  <testcase name="testBuyGasDepleted" time="98.107" classname="net.bigpoint.assessment.gasstation.implementation.StationTest"/>
  <testcase name="testBuyGasDepleted" time="98.207" classname="net.bigpoint.assessment.gasstation.implementation.StationTest"/>
  <testcase name="testBuyGasDepleted" time="98.309" classname="net.bigpoint.assessment.gasstation.implementation.StationTest"/>
  <testcase name="testBuyGasDepleted" time="98.412" classname="net.bigpoint.assessment.gasstation.implementation.StationTest"/>
  <testcase name="testBuyGasDepleted" time="98.515" classname="net.bigpoint.assessment.gasstation.implementation.StationTest"/>
  <testcase name="testBuyGasDepleted" time="98.615" classname="net.bigpoint.assessment.gasstation.implementation.StationTest"/>
  <testcase name="testBuyGasDepleted" time="98.719" classname="net.bigpoint.assessment.gasstation.implementation.StationTest"/>
  <testcase name="testBuyGasDepleted" time="98.821" classname="net.bigpoint.assessment.gasstation.implementation.StationTest"/>
  <testcase name="testBuyGasDepleted" time="98.924" classname="net.bigpoint.assessment.gasstation.implementation.StationTest"/>
  <testcase name="testBuyGasDepleted" time="99.025" classname="net.bigpoint.assessment.gasstation.implementation.StationTest"/>
  <testcase name="testBuyGasDepleted" time="99.128" classname="net.bigpoint.assessment.gasstation.implementation.StationTest"/>
  <testcase name="testBuyGasDepleted" time="99.231" classname="net.bigpoint.assessment.gasstation.implementation.StationTest"/>
  <testcase name="testBuyGasDepleted" time="99.334" classname="net.bigpoint.assessment.gasstation.implementation.StationTest"/>
  <testcase name="testBuyGasDepleted" time="99.437" classname="net.bigpoint.assessment.gasstation.implementation.StationTest"/>
  <testcase name="testBuyGasDepleted" time="99.543" classname="net.bigpoint.assessment.gasstation.implementation.StationTest"/>
  <testcase name="testBuyGasDepleted" time="99.645" classname="net.bigpoint.assessment.gasstation.implementation.StationTest"/>
  <testcase name="testBuyGasDepleted" time="99.743" classname="net.bigpoint.assessment.gasstation.implementation.StationTest"/>
  <testcase name="testBuyGasDepleted" time="99.853" classname="net.bigpoint.assessment.gasstation.implementation.StationTest"/>
  <testcase name="testNoGasException" time="0.011" classname="net.bigpoint.assessment.gasstation.implementation.StationTest"/>
  <testcase name="testTooExpensiveException" time="0.002" classname="net.bigpoint.assessment.gasstation.implementation.StationTest"/>
</testsuite> <!-- Command line test -->
