<?xml version="1.0" encoding="UTF-8"?>
<!-- Generated by org.testng.reporters.JUnitXMLReporter -->
<testsuite hostname="Skybolt" name="Command line test" tests="44" failures="0" timestamp="23 Jul 2013 00:15:02 GMT" time="14.526" errors="0">
  <testcase name="testGasPumps" time="0.006" classname="net.bigpoint.assessment.gasstation.implementation.StationTest"/>
  <testcase name="testPrice" time="0.006" classname="net.bigpoint.assessment.gasstation.implementation.StationTest"/>
  <testcase name="testBuyGas" time="0.605" classname="net.bigpoint.assessment.gasstation.implementation.StationTest"/>
  <testcase name="testBuyGas" time="0.883" classname="net.bigpoint.assessment.gasstation.implementation.StationTest"/>
  <testcase name="testBuyGas" time="1.555" classname="net.bigpoint.assessment.gasstation.implementation.StationTest"/>
  <testcase name="testBuyGas" time="1.731" classname="net.bigpoint.assessment.gasstation.implementation.StationTest"/>
  <testcase name="testBuyGas" time="2.633" classname="net.bigpoint.assessment.gasstation.implementation.StationTest"/>
  <testcase name="testBuyGas" time="3.376" classname="net.bigpoint.assessment.gasstation.implementation.StationTest"/>
  <testcase name="testBuyGas" time="3.989" classname="net.bigpoint.assessment.gasstation.implementation.StationTest"/>
  <testcase name="testBuyGas" time="4.738" classname="net.bigpoint.assessment.gasstation.implementation.StationTest"/>
  <testcase name="testBuyGas" time="5.67" classname="net.bigpoint.assessment.gasstation.implementation.StationTest"/>
  <testcase name="testBuyGas" time="6.321" classname="net.bigpoint.assessment.gasstation.implementation.StationTest"/>
  <testcase name="testBuyGas" time="6.534" classname="net.bigpoint.assessment.gasstation.implementation.StationTest"/>
  <testcase name="testBuyGas" time="6.826" classname="net.bigpoint.assessment.gasstation.implementation.StationTest"/>
  <testcase name="testBuyGas" time="7.16" classname="net.bigpoint.assessment.gasstation.implementation.StationTest"/>
  <testcase name="testBuyGas" time="7.508" classname="net.bigpoint.assessment.gasstation.implementation.StationTest"/>
  <testcase name="testBuyGas" time="7.881" classname="net.bigpoint.assessment.gasstation.implementation.StationTest"/>
  <testcase name="testBuyGas" time="8.141" classname="net.bigpoint.assessment.gasstation.implementation.StationTest"/>
  <testcase name="testBuyGas" time="9.111" classname="net.bigpoint.assessment.gasstation.implementation.StationTest"/>
  <testcase name="testBuyGas" time="9.241" classname="net.bigpoint.assessment.gasstation.implementation.StationTest"/>
  <testcase name="testBuyGas" time="9.693" classname="net.bigpoint.assessment.gasstation.implementation.StationTest"/>
  <testcase name="testBuyGas" time="9.957" classname="net.bigpoint.assessment.gasstation.implementation.StationTest"/>
  <testcase name="testBuyGas" time="9.994" classname="net.bigpoint.assessment.gasstation.implementation.StationTest"/>
  <testcase name="testBuyGas" time="10.912" classname="net.bigpoint.assessment.gasstation.implementation.StationTest"/>
  <testcase name="testBuyGas" time="11.343" classname="net.bigpoint.assessment.gasstation.implementation.StationTest"/>
  <testcase name="testBuyGas" time="12.25" classname="net.bigpoint.assessment.gasstation.implementation.StationTest"/>
  <testcase name="testBuyGas" time="12.879" classname="net.bigpoint.assessment.gasstation.implementation.StationTest"/>
  <testcase name="testBuyGasDepleted" time="0.103" classname="net.bigpoint.assessment.gasstation.implementation.StationTest"/>
  <testcase name="testBuyGasDepleted" time="0.168" classname="net.bigpoint.assessment.gasstation.implementation.StationTest"/>
  <testcase name="testBuyGasDepleted" time="0.27" classname="net.bigpoint.assessment.gasstation.implementation.StationTest"/>
  <testcase name="testBuyGasDepleted" time="0.372" classname="net.bigpoint.assessment.gasstation.implementation.StationTest"/>
  <testcase name="testBuyGasDepleted" time="0.476" classname="net.bigpoint.assessment.gasstation.implementation.StationTest"/>
  <testcase name="testBuyGasDepleted" time="0.594" classname="net.bigpoint.assessment.gasstation.implementation.StationTest"/>
  <testcase name="testBuyGasDepleted" time="0.714" classname="net.bigpoint.assessment.gasstation.implementation.StationTest"/>
  <testcase name="testBuyGasDepleted" time="0.815" classname="net.bigpoint.assessment.gasstation.implementation.StationTest"/>
  <testcase name="testBuyGasDepleted" time="0.909" classname="net.bigpoint.assessment.gasstation.implementation.StationTest"/>
  <testcase name="testBuyGasDepleted" time="1.015" classname="net.bigpoint.assessment.gasstation.implementation.StationTest"/>
  <testcase name="testBuyGasDepleted" time="1.111" classname="net.bigpoint.assessment.gasstation.implementation.StationTest"/>
  <testcase name="testBuyGasDepleted" time="1.208" classname="net.bigpoint.assessment.gasstation.implementation.StationTest"/>
  <testcase name="testBuyGasDepleted" time="1.31" classname="net.bigpoint.assessment.gasstation.implementation.StationTest"/>
  <testcase name="testBuyGasDepleted" time="1.411" classname="net.bigpoint.assessment.gasstation.implementation.StationTest"/>
  <testcase name="testBuyGasDepleted" time="1.51" classname="net.bigpoint.assessment.gasstation.implementation.StationTest"/>
  <testcase name="testNoGasException" time="0.004" classname="net.bigpoint.assessment.gasstation.implementation.StationTest"/>
  <testcase name="testTooExpensiveException" time="0.002" classname="net.bigpoint.assessment.gasstation.implementation.StationTest"/>
</testsuite> <!-- Command line test -->
