<?xml version="1.0" encoding="UTF-8"?>
<testng-results skipped="0" failed="0" total="29" passed="29">
  <reporter-output>
  </reporter-output>
  <suite name="net.bigpoint.assessment.gasstation.implementation.StationTest" duration-ms="7034" started-at="2013-07-20T13:48:50Z" finished-at="2013-07-20T13:48:57Z">
    <groups>
    </groups>
    <test name="Command line test" duration-ms="7034" started-at="2013-07-20T13:48:50Z" finished-at="2013-07-20T13:48:57Z">
      <class name="net.bigpoint.assessment.gasstation.implementation.StationTest">
        <test-method status="PASS" signature="setUp()[pri:0, instance:net.bigpoint.assessment.gasstation.implementation.StationTest@6ab45b29]" name="setUp" is-config="true" duration-ms="39" started-at="2013-07-20T09:18:50Z" finished-at="2013-07-20T09:18:50Z">
          <reporter-output>
          </reporter-output>
        </test-method> <!-- setUp -->
        <test-method status="PASS" signature="testGasPumps()[pri:0, instance:net.bigpoint.assessment.gasstation.implementation.StationTest@6ab45b29]" name="testGasPumps" duration-ms="6" started-at="2013-07-20T09:18:50Z" finished-at="2013-07-20T09:18:50Z">
          <reporter-output>
          </reporter-output>
        </test-method> <!-- testGasPumps -->
        <test-method status="PASS" signature="testPrice()[pri:0, instance:net.bigpoint.assessment.gasstation.implementation.StationTest@6ab45b29]" name="testPrice" duration-ms="4" started-at="2013-07-20T09:18:50Z" finished-at="2013-07-20T09:18:50Z">
          <reporter-output>
          </reporter-output>
        </test-method> <!-- testPrice -->
        <test-method status="PASS" signature="testBuyGas()[pri:0, instance:net.bigpoint.assessment.gasstation.implementation.StationTest@6ab45b29]" name="testBuyGas" duration-ms="828" started-at="2013-07-20T09:18:50Z" depends-on-methods="net.bigpoint.assessment.gasstation.implementation.StationTest.testGasPumps" finished-at="2013-07-20T09:18:51Z">
          <reporter-output>
          </reporter-output>
        </test-method> <!-- testBuyGas -->
        <test-method status="PASS" signature="testBuyGas()[pri:0, instance:net.bigpoint.assessment.gasstation.implementation.StationTest@6ab45b29]" name="testBuyGas" duration-ms="5375" started-at="2013-07-20T09:18:50Z" depends-on-methods="net.bigpoint.assessment.gasstation.implementation.StationTest.testGasPumps" finished-at="2013-07-20T09:18:56Z">
          <reporter-output>
          </reporter-output>
        </test-method> <!-- testBuyGas -->
        <test-method status="PASS" signature="testBuyGas()[pri:0, instance:net.bigpoint.assessment.gasstation.implementation.StationTest@6ab45b29]" name="testBuyGas" duration-ms="4936" started-at="2013-07-20T09:18:50Z" depends-on-methods="net.bigpoint.assessment.gasstation.implementation.StationTest.testGasPumps" finished-at="2013-07-20T09:18:55Z">
          <reporter-output>
          </reporter-output>
        </test-method> <!-- testBuyGas -->
        <test-method status="PASS" signature="testBuyGas()[pri:0, instance:net.bigpoint.assessment.gasstation.implementation.StationTest@6ab45b29]" name="testBuyGas" duration-ms="4273" started-at="2013-07-20T09:18:50Z" depends-on-methods="net.bigpoint.assessment.gasstation.implementation.StationTest.testGasPumps" finished-at="2013-07-20T09:18:55Z">
          <reporter-output>
          </reporter-output>
        </test-method> <!-- testBuyGas -->
        <test-method status="PASS" signature="testBuyGas()[pri:0, instance:net.bigpoint.assessment.gasstation.implementation.StationTest@6ab45b29]" name="testBuyGas" duration-ms="4233" started-at="2013-07-20T09:18:50Z" depends-on-methods="net.bigpoint.assessment.gasstation.implementation.StationTest.testGasPumps" finished-at="2013-07-20T09:18:55Z">
          <reporter-output>
          </reporter-output>
        </test-method> <!-- testBuyGas -->
        <test-method status="PASS" signature="testBuyGas()[pri:0, instance:net.bigpoint.assessment.gasstation.implementation.StationTest@6ab45b29]" name="testBuyGas" duration-ms="3854" started-at="2013-07-20T09:18:50Z" depends-on-methods="net.bigpoint.assessment.gasstation.implementation.StationTest.testGasPumps" finished-at="2013-07-20T09:18:54Z">
          <reporter-output>
          </reporter-output>
        </test-method> <!-- testBuyGas -->
        <test-method status="PASS" signature="testBuyGas()[pri:0, instance:net.bigpoint.assessment.gasstation.implementation.StationTest@6ab45b29]" name="testBuyGas" duration-ms="2857" started-at="2013-07-20T09:18:50Z" depends-on-methods="net.bigpoint.assessment.gasstation.implementation.StationTest.testGasPumps" finished-at="2013-07-20T09:18:53Z">
          <reporter-output>
          </reporter-output>
        </test-method> <!-- testBuyGas -->
        <test-method status="PASS" signature="testBuyGas()[pri:0, instance:net.bigpoint.assessment.gasstation.implementation.StationTest@6ab45b29]" name="testBuyGas" duration-ms="1998" started-at="2013-07-20T09:18:50Z" depends-on-methods="net.bigpoint.assessment.gasstation.implementation.StationTest.testGasPumps" finished-at="2013-07-20T09:18:52Z">
          <reporter-output>
          </reporter-output>
        </test-method> <!-- testBuyGas -->
        <test-method status="PASS" signature="testBuyGas()[pri:0, instance:net.bigpoint.assessment.gasstation.implementation.StationTest@6ab45b29]" name="testBuyGas" duration-ms="1800" started-at="2013-07-20T09:18:50Z" depends-on-methods="net.bigpoint.assessment.gasstation.implementation.StationTest.testGasPumps" finished-at="2013-07-20T09:18:52Z">
          <reporter-output>
          </reporter-output>
        </test-method> <!-- testBuyGas -->
        <test-method status="PASS" signature="testBuyGas()[pri:0, instance:net.bigpoint.assessment.gasstation.implementation.StationTest@6ab45b29]" name="testBuyGas" duration-ms="1127" started-at="2013-07-20T09:18:50Z" depends-on-methods="net.bigpoint.assessment.gasstation.implementation.StationTest.testGasPumps" finished-at="2013-07-20T09:18:51Z">
          <reporter-output>
          </reporter-output>
        </test-method> <!-- testBuyGas -->
        <test-method status="PASS" signature="testBuyGasDepleted()[pri:0, instance:net.bigpoint.assessment.gasstation.implementation.StationTest@6ab45b29]" name="testBuyGasDepleted" duration-ms="1538" started-at="2013-07-20T09:18:56Z" depends-on-methods="net.bigpoint.assessment.gasstation.implementation.StationTest.testGasPumps" finished-at="2013-07-20T09:18:57Z">
          <reporter-output>
          </reporter-output>
        </test-method> <!-- testBuyGasDepleted -->
        <test-method status="PASS" signature="testBuyGasDepleted()[pri:0, instance:net.bigpoint.assessment.gasstation.implementation.StationTest@6ab45b29]" name="testBuyGasDepleted" duration-ms="104" started-at="2013-07-20T09:18:56Z" depends-on-methods="net.bigpoint.assessment.gasstation.implementation.StationTest.testGasPumps" finished-at="2013-07-20T09:18:56Z">
          <reporter-output>
          </reporter-output>
        </test-method> <!-- testBuyGasDepleted -->
        <test-method status="PASS" signature="testBuyGasDepleted()[pri:0, instance:net.bigpoint.assessment.gasstation.implementation.StationTest@6ab45b29]" name="testBuyGasDepleted" duration-ms="1302" started-at="2013-07-20T09:18:56Z" depends-on-methods="net.bigpoint.assessment.gasstation.implementation.StationTest.testGasPumps" finished-at="2013-07-20T09:18:57Z">
          <reporter-output>
          </reporter-output>
        </test-method> <!-- testBuyGasDepleted -->
        <test-method status="PASS" signature="testBuyGasDepleted()[pri:0, instance:net.bigpoint.assessment.gasstation.implementation.StationTest@6ab45b29]" name="testBuyGasDepleted" duration-ms="1404" started-at="2013-07-20T09:18:56Z" depends-on-methods="net.bigpoint.assessment.gasstation.implementation.StationTest.testGasPumps" finished-at="2013-07-20T09:18:57Z">
          <reporter-output>
          </reporter-output>
        </test-method> <!-- testBuyGasDepleted -->
        <test-method status="PASS" signature="testBuyGasDepleted()[pri:0, instance:net.bigpoint.assessment.gasstation.implementation.StationTest@6ab45b29]" name="testBuyGasDepleted" duration-ms="1199" started-at="2013-07-20T09:18:56Z" depends-on-methods="net.bigpoint.assessment.gasstation.implementation.StationTest.testGasPumps" finished-at="2013-07-20T09:18:57Z">
          <reporter-output>
          </reporter-output>
        </test-method> <!-- testBuyGasDepleted -->
        <test-method status="PASS" signature="testBuyGasDepleted()[pri:0, instance:net.bigpoint.assessment.gasstation.implementation.StationTest@6ab45b29]" name="testBuyGasDepleted" duration-ms="891" started-at="2013-07-20T09:18:56Z" depends-on-methods="net.bigpoint.assessment.gasstation.implementation.StationTest.testGasPumps" finished-at="2013-07-20T09:18:57Z">
          <reporter-output>
          </reporter-output>
        </test-method> <!-- testBuyGasDepleted -->
        <test-method status="PASS" signature="testBuyGasDepleted()[pri:0, instance:net.bigpoint.assessment.gasstation.implementation.StationTest@6ab45b29]" name="testBuyGasDepleted" duration-ms="995" started-at="2013-07-20T09:18:56Z" depends-on-methods="net.bigpoint.assessment.gasstation.implementation.StationTest.testGasPumps" finished-at="2013-07-20T09:18:57Z">
          <reporter-output>
          </reporter-output>
        </test-method> <!-- testBuyGasDepleted -->
        <test-method status="PASS" signature="testBuyGasDepleted()[pri:0, instance:net.bigpoint.assessment.gasstation.implementation.StationTest@6ab45b29]" name="testBuyGasDepleted" duration-ms="1095" started-at="2013-07-20T09:18:56Z" depends-on-methods="net.bigpoint.assessment.gasstation.implementation.StationTest.testGasPumps" finished-at="2013-07-20T09:18:57Z">
          <reporter-output>
          </reporter-output>
        </test-method> <!-- testBuyGasDepleted -->
        <test-method status="PASS" signature="testBuyGasDepleted()[pri:0, instance:net.bigpoint.assessment.gasstation.implementation.StationTest@6ab45b29]" name="testBuyGasDepleted" duration-ms="776" started-at="2013-07-20T09:18:56Z" depends-on-methods="net.bigpoint.assessment.gasstation.implementation.StationTest.testGasPumps" finished-at="2013-07-20T09:18:57Z">
          <reporter-output>
          </reporter-output>
        </test-method> <!-- testBuyGasDepleted -->
        <test-method status="PASS" signature="testBuyGasDepleted()[pri:0, instance:net.bigpoint.assessment.gasstation.implementation.StationTest@6ab45b29]" name="testBuyGasDepleted" duration-ms="671" started-at="2013-07-20T09:18:56Z" depends-on-methods="net.bigpoint.assessment.gasstation.implementation.StationTest.testGasPumps" finished-at="2013-07-20T09:18:56Z">
          <reporter-output>
          </reporter-output>
        </test-method> <!-- testBuyGasDepleted -->
        <test-method status="PASS" signature="testBuyGasDepleted()[pri:0, instance:net.bigpoint.assessment.gasstation.implementation.StationTest@6ab45b29]" name="testBuyGasDepleted" duration-ms="568" started-at="2013-07-20T09:18:56Z" depends-on-methods="net.bigpoint.assessment.gasstation.implementation.StationTest.testGasPumps" finished-at="2013-07-20T09:18:56Z">
          <reporter-output>
          </reporter-output>
        </test-method> <!-- testBuyGasDepleted -->
        <test-method status="PASS" signature="testBuyGasDepleted()[pri:0, instance:net.bigpoint.assessment.gasstation.implementation.StationTest@6ab45b29]" name="testBuyGasDepleted" duration-ms="261" started-at="2013-07-20T09:18:56Z" depends-on-methods="net.bigpoint.assessment.gasstation.implementation.StationTest.testGasPumps" finished-at="2013-07-20T09:18:56Z">
          <reporter-output>
          </reporter-output>
        </test-method> <!-- testBuyGasDepleted -->
        <test-method status="PASS" signature="testBuyGasDepleted()[pri:0, instance:net.bigpoint.assessment.gasstation.implementation.StationTest@6ab45b29]" name="testBuyGasDepleted" duration-ms="463" started-at="2013-07-20T09:18:56Z" depends-on-methods="net.bigpoint.assessment.gasstation.implementation.StationTest.testGasPumps" finished-at="2013-07-20T09:18:56Z">
          <reporter-output>
          </reporter-output>
        </test-method> <!-- testBuyGasDepleted -->
        <test-method status="PASS" signature="testBuyGasDepleted()[pri:0, instance:net.bigpoint.assessment.gasstation.implementation.StationTest@6ab45b29]" name="testBuyGasDepleted" duration-ms="358" started-at="2013-07-20T09:18:56Z" depends-on-methods="net.bigpoint.assessment.gasstation.implementation.StationTest.testGasPumps" finished-at="2013-07-20T09:18:56Z">
          <reporter-output>
          </reporter-output>
        </test-method> <!-- testBuyGasDepleted -->
        <test-method status="PASS" signature="testBuyGasDepleted()[pri:0, instance:net.bigpoint.assessment.gasstation.implementation.StationTest@6ab45b29]" name="testBuyGasDepleted" duration-ms="153" started-at="2013-07-20T09:18:56Z" depends-on-methods="net.bigpoint.assessment.gasstation.implementation.StationTest.testGasPumps" finished-at="2013-07-20T09:18:56Z">
          <reporter-output>
          </reporter-output>
        </test-method> <!-- testBuyGasDepleted -->
        <test-method status="PASS" signature="testNoGasException()[pri:0, instance:net.bigpoint.assessment.gasstation.implementation.StationTest@6ab45b29]" name="testNoGasException" duration-ms="5" started-at="2013-07-20T09:18:57Z" depends-on-methods="net.bigpoint.assessment.gasstation.implementation.StationTest.testGasPumps" finished-at="2013-07-20T09:18:57Z">
          <reporter-output>
          </reporter-output>
        </test-method> <!-- testNoGasException -->
        <test-method status="PASS" signature="testTooExpensiveException()[pri:0, instance:net.bigpoint.assessment.gasstation.implementation.StationTest@6ab45b29]" name="testTooExpensiveException" duration-ms="15" started-at="2013-07-20T09:18:57Z" depends-on-methods="net.bigpoint.assessment.gasstation.implementation.StationTest.testGasPumps" finished-at="2013-07-20T09:18:57Z">
          <reporter-output>
          </reporter-output>
        </test-method> <!-- testTooExpensiveException -->
      </class> <!-- net.bigpoint.assessment.gasstation.implementation.StationTest -->
    </test> <!-- Command line test -->
  </suite> <!-- net.bigpoint.assessment.gasstation.implementation.StationTest -->
</testng-results>
