<?xml version="1.0" encoding="UTF-8" ?>
<testsuite failures="0" time="7.621" errors="0" skipped="0" tests="29" name="net.bigpoint.assessment.gasstation.implementation.StationTest">
  <properties>
[...]
</properties>
  <testcase time="0.006" classname="net.bigpoint.assessment.gasstation.implementation.StationTest" name="testGasPumps"/>
  <testcase time="0.004" classname="net.bigpoint.assessment.gasstation.implementation.StationTest" name="testPrice"/>
  <testcase time="0.78" classname="net.bigpoint.assessment.gasstation.implementation.StationTest" name="testBuyGas"/>
  <testcase time="1.126" classname="net.bigpoint.assessment.gasstation.implementation.StationTest" name="testBuyGas"/>
  <testcase time="1.797" classname="net.bigpoint.assessment.gasstation.implementation.StationTest" name="testBuyGas"/>
  <testcase time="1.986" classname="net.bigpoint.assessment.gasstation.implementation.StationTest" name="testBuyGas"/>
  <testcase time="2.842" classname="net.bigpoint.assessment.gasstation.implementation.StationTest" name="testBuyGas"/>
  <testcase time="3.832" classname="net.bigpoint.assessment.gasstation.implementation.StationTest" name="testBuyGas"/>
  <testcase time="4.207" classname="net.bigpoint.assessment.gasstation.implementation.StationTest" name="testBuyGas"/>
  <testcase time="4.242" classname="net.bigpoint.assessment.gasstation.implementation.StationTest" name="testBuyGas"/>
  <testcase time="4.904" classname="net.bigpoint.assessment.gasstation.implementation.StationTest" name="testBuyGas"/>
  <testcase time="5.333" classname="net.bigpoint.assessment.gasstation.implementation.StationTest" name="testBuyGas"/>
  <testcase time="0.05" classname="net.bigpoint.assessment.gasstation.implementation.StationTest" name="testBuyGasDepleted"/>
  <testcase time="0.153" classname="net.bigpoint.assessment.gasstation.implementation.StationTest" name="testBuyGasDepleted"/>
  <testcase time="0.26" classname="net.bigpoint.assessment.gasstation.implementation.StationTest" name="testBuyGasDepleted"/>
  <testcase time="0.358" classname="net.bigpoint.assessment.gasstation.implementation.StationTest" name="testBuyGasDepleted"/>
  <testcase time="0.461" classname="net.bigpoint.assessment.gasstation.implementation.StationTest" name="testBuyGasDepleted"/>
  <testcase time="0.563" classname="net.bigpoint.assessment.gasstation.implementation.StationTest" name="testBuyGasDepleted"/>
  <testcase time="0.664" classname="net.bigpoint.assessment.gasstation.implementation.StationTest" name="testBuyGasDepleted"/>
  <testcase time="0.767" classname="net.bigpoint.assessment.gasstation.implementation.StationTest" name="testBuyGasDepleted"/>
  <testcase time="0.87" classname="net.bigpoint.assessment.gasstation.implementation.StationTest" name="testBuyGasDepleted"/>
  <testcase time="0.973" classname="net.bigpoint.assessment.gasstation.implementation.StationTest" name="testBuyGasDepleted"/>
  <testcase time="1.075" classname="net.bigpoint.assessment.gasstation.implementation.StationTest" name="testBuyGasDepleted"/>
  <testcase time="1.178" classname="net.bigpoint.assessment.gasstation.implementation.StationTest" name="testBuyGasDepleted"/>
  <testcase time="1.28" classname="net.bigpoint.assessment.gasstation.implementation.StationTest" name="testBuyGasDepleted"/>
  <testcase time="1.383" classname="net.bigpoint.assessment.gasstation.implementation.StationTest" name="testBuyGasDepleted"/>
  <testcase time="1.486" classname="net.bigpoint.assessment.gasstation.implementation.StationTest" name="testBuyGasDepleted"/>
  <testcase time="0.008" classname="net.bigpoint.assessment.gasstation.implementation.StationTest" name="testNoGasException"/>
  <testcase time="0.012" classname="net.bigpoint.assessment.gasstation.implementation.StationTest" name="testTooExpensiveException"/>
</testsuite>