<?xml version="1.0" encoding="UTF-8" ?>
<testsuite failures="0" time="15.117" errors="0" skipped="0" tests="44" name="net.bigpoint.assessment.gasstation.implementation.StationTest">
  <properties>
[...]
</properties>
  <testcase time="0.005" classname="net.bigpoint.assessment.gasstation.implementation.StationTest" name="testGasPumps"/>
  <testcase time="0.006" classname="net.bigpoint.assessment.gasstation.implementation.StationTest" name="testPrice"/>
  <testcase time="0.52" classname="net.bigpoint.assessment.gasstation.implementation.StationTest" name="testBuyGas"/>
  <testcase time="0.88" classname="net.bigpoint.assessment.gasstation.implementation.StationTest" name="testBuyGas"/>
  <testcase time="1.551" classname="net.bigpoint.assessment.gasstation.implementation.StationTest" name="testBuyGas"/>
  <testcase time="1.717" classname="net.bigpoint.assessment.gasstation.implementation.StationTest" name="testBuyGas"/>
  <testcase time="2.622" classname="net.bigpoint.assessment.gasstation.implementation.StationTest" name="testBuyGas"/>
  <testcase time="3.363" classname="net.bigpoint.assessment.gasstation.implementation.StationTest" name="testBuyGas"/>
  <testcase time="3.971" classname="net.bigpoint.assessment.gasstation.implementation.StationTest" name="testBuyGas"/>
  <testcase time="4.718" classname="net.bigpoint.assessment.gasstation.implementation.StationTest" name="testBuyGas"/>
  <testcase time="5.649" classname="net.bigpoint.assessment.gasstation.implementation.StationTest" name="testBuyGas"/>
  <testcase time="6.295" classname="net.bigpoint.assessment.gasstation.implementation.StationTest" name="testBuyGas"/>
  <testcase time="6.476" classname="net.bigpoint.assessment.gasstation.implementation.StationTest" name="testBuyGas"/>
  <testcase time="6.798" classname="net.bigpoint.assessment.gasstation.implementation.StationTest" name="testBuyGas"/>
  <testcase time="7.122" classname="net.bigpoint.assessment.gasstation.implementation.StationTest" name="testBuyGas"/>
  <testcase time="7.469" classname="net.bigpoint.assessment.gasstation.implementation.StationTest" name="testBuyGas"/>
  <testcase time="7.84" classname="net.bigpoint.assessment.gasstation.implementation.StationTest" name="testBuyGas"/>
  <testcase time="8.079" classname="net.bigpoint.assessment.gasstation.implementation.StationTest" name="testBuyGas"/>
  <testcase time="9.048" classname="net.bigpoint.assessment.gasstation.implementation.StationTest" name="testBuyGas"/>
  <testcase time="9.183" classname="net.bigpoint.assessment.gasstation.implementation.StationTest" name="testBuyGas"/>
  <testcase time="9.623" classname="net.bigpoint.assessment.gasstation.implementation.StationTest" name="testBuyGas"/>
  <testcase time="9.889" classname="net.bigpoint.assessment.gasstation.implementation.StationTest" name="testBuyGas"/>
  <testcase time="9.921" classname="net.bigpoint.assessment.gasstation.implementation.StationTest" name="testBuyGas"/>
  <testcase time="10.834" classname="net.bigpoint.assessment.gasstation.implementation.StationTest" name="testBuyGas"/>
  <testcase time="11.26" classname="net.bigpoint.assessment.gasstation.implementation.StationTest" name="testBuyGas"/>
  <testcase time="12.166" classname="net.bigpoint.assessment.gasstation.implementation.StationTest" name="testBuyGas"/>
  <testcase time="12.799" classname="net.bigpoint.assessment.gasstation.implementation.StationTest" name="testBuyGas"/>
  <testcase time="0.066" classname="net.bigpoint.assessment.gasstation.implementation.StationTest" name="testBuyGasDepleted"/>
  <testcase time="0.169" classname="net.bigpoint.assessment.gasstation.implementation.StationTest" name="testBuyGasDepleted"/>
  <testcase time="0.269" classname="net.bigpoint.assessment.gasstation.implementation.StationTest" name="testBuyGasDepleted"/>
  <testcase time="0.372" classname="net.bigpoint.assessment.gasstation.implementation.StationTest" name="testBuyGasDepleted"/>
  <testcase time="0.475" classname="net.bigpoint.assessment.gasstation.implementation.StationTest" name="testBuyGasDepleted"/>
  <testcase time="0.577" classname="net.bigpoint.assessment.gasstation.implementation.StationTest" name="testBuyGasDepleted"/>
  <testcase time="0.68" classname="net.bigpoint.assessment.gasstation.implementation.StationTest" name="testBuyGasDepleted"/>
  <testcase time="0.786" classname="net.bigpoint.assessment.gasstation.implementation.StationTest" name="testBuyGasDepleted"/>
  <testcase time="0.888" classname="net.bigpoint.assessment.gasstation.implementation.StationTest" name="testBuyGasDepleted"/>
  <testcase time="0.992" classname="net.bigpoint.assessment.gasstation.implementation.StationTest" name="testBuyGasDepleted"/>
  <testcase time="1.093" classname="net.bigpoint.assessment.gasstation.implementation.StationTest" name="testBuyGasDepleted"/>
  <testcase time="1.195" classname="net.bigpoint.assessment.gasstation.implementation.StationTest" name="testBuyGasDepleted"/>
  <testcase time="1.298" classname="net.bigpoint.assessment.gasstation.implementation.StationTest" name="testBuyGasDepleted"/>
  <testcase time="1.4" classname="net.bigpoint.assessment.gasstation.implementation.StationTest" name="testBuyGasDepleted"/>
  <testcase time="1.503" classname="net.bigpoint.assessment.gasstation.implementation.StationTest" name="testBuyGasDepleted"/>
  <testcase time="0.004" classname="net.bigpoint.assessment.gasstation.implementation.StationTest" name="testNoGasException"/>
  <testcase time="0.002" classname="net.bigpoint.assessment.gasstation.implementation.StationTest" name="testTooExpensiveException"/>
</testsuite>