<?xml version="1.0" encoding="UTF-8"?>
<testng-results skipped="0" failed="0" total="2004" passed="2004">
  <reporter-output>
  </reporter-output>
  <suite name="net.bigpoint.assessment.gasstation.implementation.StationTest" duration-ms="588422" started-at="2013-08-29T03:27:12Z" finished-at="2013-08-29T03:37:01Z">
    <groups>
    </groups>
    <test name="Command line test" duration-ms="588422" started-at="2013-08-29T03:27:12Z" finished-at="2013-08-29T03:37:01Z">
      <class name="net.bigpoint.assessment.gasstation.implementation.StationTest">
        <test-method status="PASS" signature="setUp()[pri:0, instance:net.bigpoint.assessment.gasstation.implementation.StationTest@66cd1779]" name="setUp" is-config="true" duration-ms="39" started-at="2013-08-28T22:57:12Z" finished-at="2013-08-28T22:57:12Z">
          <reporter-output>
          </reporter-output>
        </test-method> <!-- setUp -->
        <test-method status="PASS" signature="testGasPumps()[pri:0, instance:net.bigpoint.assessment.gasstation.implementation.StationTest@66cd1779]" name="testGasPumps" duration-ms="7" started-at="2013-08-28T22:57:12Z" finished-at="2013-08-28T22:57:12Z">
          <reporter-output>
          </reporter-output>
        </test-method> <!-- testGasPumps -->
        <test-method status="PASS" signature="testPrice()[pri:0, instance:net.bigpoint.assessment.gasstation.implementation.StationTest@66cd1779]" name="testPrice" duration-ms="2" started-at="2013-08-28T22:57:12Z" finished-at="2013-08-28T22:57:12Z">
          <reporter-output>
          </reporter-output>
        </test-method> <!-- testPrice -->
        <test-method status="PASS" signature="testBuyGas()[pri:0, instance:net.bigpoint.assessment.gasstation.implementation.StationTest@66cd1779]" name="testBuyGas" duration-ms="200161" started-at="2013-08-28T22:57:12Z" depends-on-methods="net.bigpoint.assessment.gasstation.implementation.StationTest.testGasPumps" finished-at="2013-08-28T23:00:32Z">
          <reporter-output>
          </reporter-output>
        </test-method> <!-- testBuyGas -->
        <test-method status="PASS" signature="testBuyGas()[pri:0, instance:net.bigpoint.assessment.gasstation.implementation.StationTest@66cd1779]" name="testBuyGas" duration-ms="900" started-at="2013-08-28T22:57:12Z" depends-on-methods="net.bigpoint.assessment.gasstation.implementation.StationTest.testGasPumps" finished-at="2013-08-28T22:57:13Z">
          <reporter-output>
          </reporter-output>
        </test-method> <!-- testBuyGas -->
        <test-method status="PASS" signature="testBuyGas()[pri:0, instance:net.bigpoint.assessment.gasstation.implementation.StationTest@66cd1779]" name="testBuyGas" duration-ms="199539" started-at="2013-08-28T22:57:12Z" depends-on-methods="net.bigpoint.assessment.gasstation.implementation.StationTest.testGasPumps" finished-at="2013-08-28T23:00:32Z">
          <reporter-output>
          </reporter-output>
        </test-method> <!-- testBuyGas -->
        <test-method status="PASS" signature="testBuyGas()[pri:0, instance:net.bigpoint.assessment.gasstation.implementation.StationTest@66cd1779]" name="testBuyGas" duration-ms="199644" started-at="2013-08-28T22:57:12Z" depends-on-methods="net.bigpoint.assessment.gasstation.implementation.StationTest.testGasPumps" finished-at="2013-08-28T23:00:32Z">
          <reporter-output>
          </reporter-output>
        </test-method> <!-- testBuyGas -->
        <test-method status="PASS" signature="testBuyGas()[pri:0, instance:net.bigpoint.assessment.gasstation.implementation.StationTest@66cd1779]" name="testBuyGas" duration-ms="198568" started-at="2013-08-28T22:57:12Z" depends-on-methods="net.bigpoint.assessment.gasstation.implementation.StationTest.testGasPumps" finished-at="2013-08-28T23:00:31Z">
          <reporter-output>
          </reporter-output>
        </test-method> <!-- testBuyGas -->
        <test-method status="PASS" signature="testBuyGas()[pri:0, instance:net.bigpoint.assessment.gasstation.implementation.StationTest@66cd1779]" name="testBuyGas" duration-ms="197698" started-at="2013-08-28T22:57:12Z" depends-on-methods="net.bigpoint.assessment.gasstation.implementation.StationTest.testGasPumps" finished-at="2013-08-28T23:00:30Z">
          <reporter-output>
          </reporter-output>
        </test-method> <!-- testBuyGas -->
        <test-method status="PASS" signature="testBuyGas()[pri:0, instance:net.bigpoint.assessment.gasstation.implementation.StationTest@66cd1779]" name="testBuyGas" duration-ms="196275" started-at="2013-08-28T22:57:12Z" depends-on-methods="net.bigpoint.assessment.gasstation.implementation.StationTest.testGasPumps" finished-at="2013-08-28T23:00:29Z">
          <reporter-output>
          </reporter-output>
        </test-method> <!-- testBuyGas -->
        <test-method status="PASS" signature="testBuyGas()[pri:0, instance:net.bigpoint.assessment.gasstation.implementation.StationTest@66cd1779]" name="testBuyGas" duration-ms="195969" started-at="2013-08-28T22:57:12Z" depends-on-methods="net.bigpoint.assessment.gasstation.implementation.StationTest.testGasPumps" finished-at="2013-08-28T23:00:28Z">
          <reporter-output>
          </reporter-output>
        </test-method> <!-- testBuyGas -->
        <test-method status="PASS" signature="testBuyGas()[pri:0, instance:net.bigpoint.assessment.gasstation.implementation.StationTest@66cd1779]" name="testBuyGas" duration-ms="196876" started-at="2013-08-28T22:57:12Z" depends-on-methods="net.bigpoint.assessment.gasstation.implementation.StationTest.testGasPumps" finished-at="2013-08-28T23:00:29Z">
          <reporter-output>
          </reporter-output>
        </test-method> <!-- testBuyGas -->
        <test-method status="PASS" signature="testBuyGas()[pri:0, instance:net.bigpoint.assessment.gasstation.implementation.StationTest@66cd1779]" name="testBuyGas" duration-ms="196670" started-at="2013-08-28T22:57:12Z" depends-on-methods="net.bigpoint.assessment.gasstation.implementation.StationTest.testGasPumps" finished-at="2013-08-28T23:00:29Z">
          <reporter-output>
          </reporter-output>
        </test-method> <!-- testBuyGas -->
        <test-method status="PASS" signature="testBuyGas()[pri:0, instance:net.bigpoint.assessment.gasstation.implementation.StationTest@66cd1779]" name="testBuyGas" duration-ms="195454" started-at="2013-08-28T22:57:12Z" depends-on-methods="net.bigpoint.assessment.gasstation.implementation.StationTest.testGasPumps" finished-at="2013-08-28T23:00:28Z">
          <reporter-output>
          </reporter-output>
        </test-method> <!-- testBuyGas -->
        <test-method status="PASS" signature="testBuyGas()[pri:0, instance:net.bigpoint.assessment.gasstation.implementation.StationTest@66cd1779]" name="testBuyGas" duration-ms="195409" started-at="2013-08-28T22:57:12Z" depends-on-methods="net.bigpoint.assessment.gasstation.implementation.StationTest.testGasPumps" finished-at="2013-08-28T23:00:28Z">
          <reporter-output>
          </reporter-output>
        </test-method> <!-- testBuyGas -->
        <test-method status="PASS" signature="testBuyGas()[pri:0, instance:net.bigpoint.assessment.gasstation.implementation.StationTest@66cd1779]" name="testBuyGas" duration-ms="194684" started-at="2013-08-28T22:57:12Z" depends-on-methods="net.bigpoint.assessment.gasstation.implementation.StationTest.testGasPumps" finished-at="2013-08-28T23:00:27Z">
          <reporter-output>
          </reporter-output>
        </test-method> <!-- testBuyGas -->
        <test-method status="PASS" signature="testBuyGas()[pri:0, instance:net.bigpoint.assessment.gasstation.implementation.StationTest@66cd1779]" name="testBuyGas" duration-ms="194443" started-at="2013-08-28T22:57:12Z" depends-on-methods="net.bigpoint.assessment.gasstation.implementation.StationTest.testGasPumps" finished-at="2013-08-28T23:00:27Z">
          <reporter-output>
          </reporter-output>
        </test-method> <!-- testBuyGas -->
        <test-method status="PASS" signature="testBuyGas()[pri:0, instance:net.bigpoint.assessment.gasstation.implementation.StationTest@66cd1779]" name="testBuyGas" duration-ms="193679" started-at="2013-08-28T22:57:12Z" depends-on-methods="net.bigpoint.assessment.gasstation.implementation.StationTest.testGasPumps" finished-at="2013-08-28T23:00:26Z">
          <reporter-output>
          </reporter-output>
        </test-method> <!-- testBuyGas -->
        <test-method status="PASS" signature="testBuyGas()[pri:0, instance:net.bigpoint.assessment.gasstation.implementation.StationTest@66cd1779]" name="testBuyGas" duration-ms="193013" started-at="2013-08-28T22:57:12Z" depends-on-methods="net.bigpoint.assessment.gasstation.implementation.StationTest.testGasPumps" finished-at="2013-08-28T23:00:25Z">
          <reporter-output>
          </reporter-output>
        </test-method> <!-- testBuyGas -->
        <test-method status="PASS" signature="testBuyGas()[pri:0, instance:net.bigpoint.assessment.gasstation.implementation.StationTest@66cd1779]" name="testBuyGas" duration-ms="192063" started-at="2013-08-28T22:57:12Z" depends-on-methods="net.bigpoint.assessment.gasstation.implementation.StationTest.testGasPumps" finished-at="2013-08-28T23:00:24Z">
          <reporter-output>
          </reporter-output>
        </test-method> <!-- testBuyGas -->
        <test-method status="PASS" signature="testBuyGas()[pri:0, instance:net.bigpoint.assessment.gasstation.implementation.StationTest@66cd1779]" name="testBuyGas" duration-ms="191433" started-at="2013-08-28T22:57:12Z" depends-on-methods="net.bigpoint.assessment.gasstation.implementation.StationTest.testGasPumps" finished-at="2013-08-28T23:00:24Z">
          <reporter-output>
          </reporter-output>
        </test-method> <!-- testBuyGas -->
        <test-method status="PASS" signature="testBuyGas()[pri:0, instance:net.bigpoint.assessment.gasstation.implementation.StationTest@66cd1779]" name="testBuyGas" duration-ms="191114" started-at="2013-08-28T22:57:12Z" depends-on-methods="net.bigpoint.assessment.gasstation.implementation.StationTest.testGasPumps" finished-at="2013-08-28T23:00:23Z">
          <reporter-output>
          </reporter-output>
        </test-method> <!-- testBuyGas -->
        <test-method status="PASS" signature="testBuyGas()[pri:0, instance:net.bigpoint.assessment.gasstation.implementation.StationTest@66cd1779]" name="testBuyGas" duration-ms="187776" started-at="2013-08-28T22:57:12Z" depends-on-methods="net.bigpoint.assessment.gasstation.implementation.StationTest.testGasPumps" finished-at="2013-08-28T23:00:20Z">
          <reporter-output>
          </reporter-output>
        </test-method> <!-- testBuyGas -->
        <test-method status="PASS" signature="testBuyGas()[pri:0, instance:net.bigpoint.assessment.gasstation.implementation.StationTest@66cd1779]" name="testBuyGas" duration-ms="190254" started-at="2013-08-28T22:57:12Z" depends-on-methods="net.bigpoint.assessment.gasstation.implementation.StationTest.testGasPumps" finished-at="2013-08-28T23:00:23Z">
          <reporter-output>
          </reporter-output>
        </test-method> <!-- testBuyGas -->
        <test-method status="PASS" signature="testBuyGas()[pri:0, instance:net.bigpoint.assessment.gasstation.implementation.StationTest@66cd1779]" name="testBuyGas" duration-ms="189337" started-at="2013-08-28T22:57:12Z" depends-on-methods="net.bigpoint.assessment.gasstation.implementation.StationTest.testGasPumps" finished-at="2013-08-28T23:00:22Z">
          <reporter-output>
          </reporter-output>
        </test-method> <!-- testBuyGas -->
        <test-method status="PASS" signature="testBuyGas()[pri:0, instance:net.bigpoint.assessment.gasstation.implementation.StationTest@66cd1779]" name="testBuyGas" duration-ms="188612" started-at="2013-08-28T22:57:12Z" depends-on-methods="net.bigpoint.assessment.gasstation.implementation.StationTest.testGasPumps" finished-at="2013-08-28T23:00:21Z">
          <reporter-output>
          </reporter-output>
        </test-method> <!-- testBuyGas -->
        <test-method status="PASS" signature="testBuyGas()[pri:0, instance:net.bigpoint.assessment.gasstation.implementation.StationTest@66cd1779]" name="testBuyGas" duration-ms="186840" started-at="2013-08-28T22:57:12Z" depends-on-methods="net.bigpoint.assessment.gasstation.implementation.StationTest.testGasPumps" finished-at="2013-08-28T23:00:19Z">
          <reporter-output>
          </reporter-output>
        </test-method> <!-- testBuyGas -->
        <test-method status="PASS" signature="testBuyGas()[pri:0, instance:net.bigpoint.assessment.gasstation.implementation.StationTest@66cd1779]" name="testBuyGas" duration-ms="186343" started-at="2013-08-28T22:57:12Z" depends-on-methods="net.bigpoint.assessment.gasstation.implementation.StationTest.testGasPumps" finished-at="2013-08-28T23:00:19Z">
          <reporter-output>
          </reporter-output>
        </test-method> <!-- testBuyGas -->
        <test-method status="PASS" signature="testBuyGas()[pri:0, instance:net.bigpoint.assessment.gasstation.implementation.StationTest@66cd1779]" name="testBuyGas" duration-ms="185755" started-at="2013-08-28T22:57:12Z" depends-on-methods="net.bigpoint.assessment.gasstation.implementation.StationTest.testGasPumps" finished-at="2013-08-28T23:00:18Z">
          <reporter-output>
          </reporter-output>
        </test-method> <!-- testBuyGas -->
        <test-method status="PASS" signature="testBuyGas()[pri:0, instance:net.bigpoint.assessment.gasstation.implementation.StationTest@66cd1779]" name="testBuyGas" duration-ms="185614" started-at="2013-08-28T22:57:12Z" depends-on-methods="net.bigpoint.assessment.gasstation.implementation.StationTest.testGasPumps" finished-at="2013-08-28T23:00:18Z">
          <reporter-output>
          </reporter-output>
        </test-method> <!-- testBuyGas -->
        <test-method status="PASS" signature="testBuyGas()[pri:0, instance:net.bigpoint.assessment.gasstation.implementation.StationTest@66cd1779]" name="testBuyGas" duration-ms="185018" started-at="2013-08-28T22:57:12Z" depends-on-methods="net.bigpoint.assessment.gasstation.implementation.StationTest.testGasPumps" finished-at="2013-08-28T23:00:17Z">
          <reporter-output>
          </reporter-output>
        </test-method> <!-- testBuyGas -->
        <test-method status="PASS" signature="testBuyGas()[pri:0, instance:net.bigpoint.assessment.gasstation.implementation.StationTest@66cd1779]" name="testBuyGas" duration-ms="184406" started-at="2013-08-28T22:57:12Z" depends-on-methods="net.bigpoint.assessment.gasstation.implementation.StationTest.testGasPumps" finished-at="2013-08-28T23:00:17Z">
          <reporter-output>
          </reporter-output>
        </test-method> <!-- testBuyGas -->
        <test-method status="PASS" signature="testBuyGas()[pri:0, instance:net.bigpoint.assessment.gasstation.implementation.StationTest@66cd1779]" name="testBuyGas" duration-ms="184232" started-at="2013-08-28T22:57:12Z" depends-on-methods="net.bigpoint.assessment.gasstation.implementation.StationTest.testGasPumps" finished-at="2013-08-28T23:00:17Z">
          <reporter-output>
          </reporter-output>
        </test-method> <!-- testBuyGas -->
        <test-method status="PASS" signature="testBuyGas()[pri:0, instance:net.bigpoint.assessment.gasstation.implementation.StationTest@66cd1779]" name="testBuyGas" duration-ms="183737" started-at="2013-08-28T22:57:12Z" depends-on-methods="net.bigpoint.assessment.gasstation.implementation.StationTest.testGasPumps" finished-at="2013-08-28T23:00:16Z">
          <reporter-output>
          </reporter-output>
        </test-method> <!-- testBuyGas -->
        <test-method status="PASS" signature="testBuyGas()[pri:0, instance:net.bigpoint.assessment.gasstation.implementation.StationTest@66cd1779]" name="testBuyGas" duration-ms="183237" started-at="2013-08-28T22:57:12Z" depends-on-methods="net.bigpoint.assessment.gasstation.implementation.StationTest.testGasPumps" finished-at="2013-08-28T23:00:16Z">
          <reporter-output>
          </reporter-output>
        </test-method> <!-- testBuyGas -->
        <test-method status="PASS" signature="testBuyGas()[pri:0, instance:net.bigpoint.assessment.gasstation.implementation.StationTest@66cd1779]" name="testBuyGas" duration-ms="182922" started-at="2013-08-28T22:57:12Z" depends-on-methods="net.bigpoint.assessment.gasstation.implementation.StationTest.testGasPumps" finished-at="2013-08-28T23:00:15Z">
          <reporter-output>
          </reporter-output>
        </test-method> <!-- testBuyGas -->
        <test-method status="PASS" signature="testBuyGas()[pri:0, instance:net.bigpoint.assessment.gasstation.implementation.StationTest@66cd1779]" name="testBuyGas" duration-ms="182603" started-at="2013-08-28T22:57:12Z" depends-on-methods="net.bigpoint.assessment.gasstation.implementation.StationTest.testGasPumps" finished-at="2013-08-28T23:00:15Z">
          <reporter-output>
          </reporter-output>
        </test-method> <!-- testBuyGas -->
        <test-method status="PASS" signature="testBuyGas()[pri:0, instance:net.bigpoint.assessment.gasstation.implementation.StationTest@66cd1779]" name="testBuyGas" duration-ms="182302" started-at="2013-08-28T22:57:12Z" depends-on-methods="net.bigpoint.assessment.gasstation.implementation.StationTest.testGasPumps" finished-at="2013-08-28T23:00:15Z">
          <reporter-output>
          </reporter-output>
        </test-method> <!-- testBuyGas -->
        <test-method status="PASS" signature="testBuyGas()[pri:0, instance:net.bigpoint.assessment.gasstation.implementation.StationTest@66cd1779]" name="testBuyGas" duration-ms="181970" started-at="2013-08-28T22:57:12Z" depends-on-methods="net.bigpoint.assessment.gasstation.implementation.StationTest.testGasPumps" finished-at="2013-08-28T23:00:14Z">
          <reporter-output>
          </reporter-output>
        </test-method> <!-- testBuyGas -->
        <test-method status="PASS" signature="testBuyGas()[pri:0, instance:net.bigpoint.assessment.gasstation.implementation.StationTest@66cd1779]" name="testBuyGas" duration-ms="181014" started-at="2013-08-28T22:57:12Z" depends-on-methods="net.bigpoint.assessment.gasstation.implementation.StationTest.testGasPumps" finished-at="2013-08-28T23:00:13Z">
          <reporter-output>
          </reporter-output>
        </test-method> <!-- testBuyGas -->
        <test-method status="PASS" signature="testBuyGas()[pri:0, instance:net.bigpoint.assessment.gasstation.implementation.StationTest@66cd1779]" name="testBuyGas" duration-ms="180454" started-at="2013-08-28T22:57:12Z" depends-on-methods="net.bigpoint.assessment.gasstation.implementation.StationTest.testGasPumps" finished-at="2013-08-28T23:00:13Z">
          <reporter-output>
          </reporter-output>
        </test-method> <!-- testBuyGas -->
        <test-method status="PASS" signature="testBuyGas()[pri:0, instance:net.bigpoint.assessment.gasstation.implementation.StationTest@66cd1779]" name="testBuyGas" duration-ms="179829" started-at="2013-08-28T22:57:12Z" depends-on-methods="net.bigpoint.assessment.gasstation.implementation.StationTest.testGasPumps" finished-at="2013-08-28T23:00:12Z">
          <reporter-output>
          </reporter-output>
        </test-method> <!-- testBuyGas -->
        <test-method status="PASS" signature="testBuyGas()[pri:0, instance:net.bigpoint.assessment.gasstation.implementation.StationTest@66cd1779]" name="testBuyGas" duration-ms="178993" started-at="2013-08-28T22:57:12Z" depends-on-methods="net.bigpoint.assessment.gasstation.implementation.StationTest.testGasPumps" finished-at="2013-08-28T23:00:11Z">
          <reporter-output>
          </reporter-output>
        </test-method> <!-- testBuyGas -->
        <test-method status="PASS" signature="testBuyGas()[pri:0, instance:net.bigpoint.assessment.gasstation.implementation.StationTest@66cd1779]" name="testBuyGas" duration-ms="178010" started-at="2013-08-28T22:57:12Z" depends-on-methods="net.bigpoint.assessment.gasstation.implementation.StationTest.testGasPumps" finished-at="2013-08-28T23:00:10Z">
          <reporter-output>
          </reporter-output>
        </test-method> <!-- testBuyGas -->
        <test-method status="PASS" signature="testBuyGas()[pri:0, instance:net.bigpoint.assessment.gasstation.implementation.StationTest@66cd1779]" name="testBuyGas" duration-ms="177576" started-at="2013-08-28T22:57:12Z" depends-on-methods="net.bigpoint.assessment.gasstation.implementation.StationTest.testGasPumps" finished-at="2013-08-28T23:00:10Z">
          <reporter-output>
          </reporter-output>
        </test-method> <!-- testBuyGas -->
        <test-method status="PASS" signature="testBuyGas()[pri:0, instance:net.bigpoint.assessment.gasstation.implementation.StationTest@66cd1779]" name="testBuyGas" duration-ms="176667" started-at="2013-08-28T22:57:12Z" depends-on-methods="net.bigpoint.assessment.gasstation.implementation.StationTest.testGasPumps" finished-at="2013-08-28T23:00:09Z">
          <reporter-output>
          </reporter-output>
        </test-method> <!-- testBuyGas -->
        <test-method status="PASS" signature="testBuyGas()[pri:0, instance:net.bigpoint.assessment.gasstation.implementation.StationTest@66cd1779]" name="testBuyGas" duration-ms="176621" started-at="2013-08-28T22:57:12Z" depends-on-methods="net.bigpoint.assessment.gasstation.implementation.StationTest.testGasPumps" finished-at="2013-08-28T23:00:09Z">
          <reporter-output>
          </reporter-output>
        </test-method> <!-- testBuyGas -->
        <test-method status="PASS" signature="testBuyGas()[pri:0, instance:net.bigpoint.assessment.gasstation.implementation.StationTest@66cd1779]" name="testBuyGas" duration-ms="175767" started-at="2013-08-28T22:57:12Z" depends-on-methods="net.bigpoint.assessment.gasstation.implementation.StationTest.testGasPumps" finished-at="2013-08-28T23:00:08Z">
          <reporter-output>
          </reporter-output>
        </test-method> <!-- testBuyGas -->
        <test-method status="PASS" signature="testBuyGas()[pri:0, instance:net.bigpoint.assessment.gasstation.implementation.StationTest@66cd1779]" name="testBuyGas" duration-ms="175362" started-at="2013-08-28T22:57:12Z" depends-on-methods="net.bigpoint.assessment.gasstation.implementation.StationTest.testGasPumps" finished-at="2013-08-28T23:00:08Z">
          <reporter-output>
          </reporter-output>
        </test-method> <!-- testBuyGas -->
        <test-method status="PASS" signature="testBuyGas()[pri:0, instance:net.bigpoint.assessment.gasstation.implementation.StationTest@66cd1779]" name="testBuyGas" duration-ms="174821" started-at="2013-08-28T22:57:12Z" depends-on-methods="net.bigpoint.assessment.gasstation.implementation.StationTest.testGasPumps" finished-at="2013-08-28T23:00:07Z">
          <reporter-output>
          </reporter-output>
        </test-method> <!-- testBuyGas -->
        <test-method status="PASS" signature="testBuyGas()[pri:0, instance:net.bigpoint.assessment.gasstation.implementation.StationTest@66cd1779]" name="testBuyGas" duration-ms="174354" started-at="2013-08-28T22:57:12Z" depends-on-methods="net.bigpoint.assessment.gasstation.implementation.StationTest.testGasPumps" finished-at="2013-08-28T23:00:07Z">
          <reporter-output>
          </reporter-output>
        </test-method> <!-- testBuyGas -->
        <test-method status="PASS" signature="testBuyGas()[pri:0, instance:net.bigpoint.assessment.gasstation.implementation.StationTest@66cd1779]" name="testBuyGas" duration-ms="173816" started-at="2013-08-28T22:57:12Z" depends-on-methods="net.bigpoint.assessment.gasstation.implementation.StationTest.testGasPumps" finished-at="2013-08-28T23:00:06Z">
          <reporter-output>
          </reporter-output>
        </test-method> <!-- testBuyGas -->
        <test-method status="PASS" signature="testBuyGas()[pri:0, instance:net.bigpoint.assessment.gasstation.implementation.StationTest@66cd1779]" name="testBuyGas" duration-ms="173740" started-at="2013-08-28T22:57:12Z" depends-on-methods="net.bigpoint.assessment.gasstation.implementation.StationTest.testGasPumps" finished-at="2013-08-28T23:00:06Z">
          <reporter-output>
          </reporter-output>
        </test-method> <!-- testBuyGas -->
        <test-method status="PASS" signature="testBuyGas()[pri:0, instance:net.bigpoint.assessment.gasstation.implementation.StationTest@66cd1779]" name="testBuyGas" duration-ms="173570" started-at="2013-08-28T22:57:12Z" depends-on-methods="net.bigpoint.assessment.gasstation.implementation.StationTest.testGasPumps" finished-at="2013-08-28T23:00:06Z">
          <reporter-output>
          </reporter-output>
        </test-method> <!-- testBuyGas -->
        <test-method status="PASS" signature="testBuyGas()[pri:0, instance:net.bigpoint.assessment.gasstation.implementation.StationTest@66cd1779]" name="testBuyGas" duration-ms="173499" started-at="2013-08-28T22:57:12Z" depends-on-methods="net.bigpoint.assessment.gasstation.implementation.StationTest.testGasPumps" finished-at="2013-08-28T23:00:06Z">
          <reporter-output>
          </reporter-output>
        </test-method> <!-- testBuyGas -->
        <test-method status="PASS" signature="testBuyGas()[pri:0, instance:net.bigpoint.assessment.gasstation.implementation.StationTest@66cd1779]" name="testBuyGas" duration-ms="171122" started-at="2013-08-28T22:57:12Z" depends-on-methods="net.bigpoint.assessment.gasstation.implementation.StationTest.testGasPumps" finished-at="2013-08-28T23:00:04Z">
          <reporter-output>
          </reporter-output>
        </test-method> <!-- testBuyGas -->
        <test-method status="PASS" signature="testBuyGas()[pri:0, instance:net.bigpoint.assessment.gasstation.implementation.StationTest@66cd1779]" name="testBuyGas" duration-ms="172599" started-at="2013-08-28T22:57:12Z" depends-on-methods="net.bigpoint.assessment.gasstation.implementation.StationTest.testGasPumps" finished-at="2013-08-28T23:00:05Z">
          <reporter-output>
          </reporter-output>
        </test-method> <!-- testBuyGas -->
        <test-method status="PASS" signature="testBuyGas()[pri:0, instance:net.bigpoint.assessment.gasstation.implementation.StationTest@66cd1779]" name="testBuyGas" duration-ms="173013" started-at="2013-08-28T22:57:12Z" depends-on-methods="net.bigpoint.assessment.gasstation.implementation.StationTest.testGasPumps" finished-at="2013-08-28T23:00:05Z">
          <reporter-output>
          </reporter-output>
        </test-method> <!-- testBuyGas -->
        <test-method status="PASS" signature="testBuyGas()[pri:0, instance:net.bigpoint.assessment.gasstation.implementation.StationTest@66cd1779]" name="testBuyGas" duration-ms="172329" started-at="2013-08-28T22:57:12Z" depends-on-methods="net.bigpoint.assessment.gasstation.implementation.StationTest.testGasPumps" finished-at="2013-08-28T23:00:05Z">
          <reporter-output>
          </reporter-output>
        </test-method> <!-- testBuyGas -->
        <test-method status="PASS" signature="testBuyGas()[pri:0, instance:net.bigpoint.assessment.gasstation.implementation.StationTest@66cd1779]" name="testBuyGas" duration-ms="171865" started-at="2013-08-28T22:57:12Z" depends-on-methods="net.bigpoint.assessment.gasstation.implementation.StationTest.testGasPumps" finished-at="2013-08-28T23:00:04Z">
          <reporter-output>
          </reporter-output>
        </test-method> <!-- testBuyGas -->
        <test-method status="PASS" signature="testBuyGas()[pri:0, instance:net.bigpoint.assessment.gasstation.implementation.StationTest@66cd1779]" name="testBuyGas" duration-ms="170355" started-at="2013-08-28T22:57:12Z" depends-on-methods="net.bigpoint.assessment.gasstation.implementation.StationTest.testGasPumps" finished-at="2013-08-28T23:00:03Z">
          <reporter-output>
          </reporter-output>
        </test-method> <!-- testBuyGas -->
        <test-method status="PASS" signature="testBuyGas()[pri:0, instance:net.bigpoint.assessment.gasstation.implementation.StationTest@66cd1779]" name="testBuyGas" duration-ms="170069" started-at="2013-08-28T22:57:12Z" depends-on-methods="net.bigpoint.assessment.gasstation.implementation.StationTest.testGasPumps" finished-at="2013-08-28T23:00:03Z">
          <reporter-output>
          </reporter-output>
        </test-method> <!-- testBuyGas -->
        <test-method status="PASS" signature="testBuyGas()[pri:0, instance:net.bigpoint.assessment.gasstation.implementation.StationTest@66cd1779]" name="testBuyGas" duration-ms="169507" started-at="2013-08-28T22:57:12Z" depends-on-methods="net.bigpoint.assessment.gasstation.implementation.StationTest.testGasPumps" finished-at="2013-08-28T23:00:02Z">
          <reporter-output>
          </reporter-output>
        </test-method> <!-- testBuyGas -->
        <test-method status="PASS" signature="testBuyGas()[pri:0, instance:net.bigpoint.assessment.gasstation.implementation.StationTest@66cd1779]" name="testBuyGas" duration-ms="169175" started-at="2013-08-28T22:57:12Z" depends-on-methods="net.bigpoint.assessment.gasstation.implementation.StationTest.testGasPumps" finished-at="2013-08-28T23:00:02Z">
          <reporter-output>
          </reporter-output>
        </test-method> <!-- testBuyGas -->
        <test-method status="PASS" signature="testBuyGas()[pri:0, instance:net.bigpoint.assessment.gasstation.implementation.StationTest@66cd1779]" name="testBuyGas" duration-ms="168788" started-at="2013-08-28T22:57:12Z" depends-on-methods="net.bigpoint.assessment.gasstation.implementation.StationTest.testGasPumps" finished-at="2013-08-28T23:00:01Z">
          <reporter-output>
          </reporter-output>
        </test-method> <!-- testBuyGas -->
        <test-method status="PASS" signature="testBuyGas()[pri:0, instance:net.bigpoint.assessment.gasstation.implementation.StationTest@66cd1779]" name="testBuyGas" duration-ms="168835" started-at="2013-08-28T22:57:12Z" depends-on-methods="net.bigpoint.assessment.gasstation.implementation.StationTest.testGasPumps" finished-at="2013-08-28T23:00:01Z">
          <reporter-output>
          </reporter-output>
        </test-method> <!-- testBuyGas -->
        <test-method status="PASS" signature="testBuyGas()[pri:0, instance:net.bigpoint.assessment.gasstation.implementation.StationTest@66cd1779]" name="testBuyGas" duration-ms="165631" started-at="2013-08-28T22:57:12Z" depends-on-methods="net.bigpoint.assessment.gasstation.implementation.StationTest.testGasPumps" finished-at="2013-08-28T22:59:58Z">
          <reporter-output>
          </reporter-output>
        </test-method> <!-- testBuyGas -->
        <test-method status="PASS" signature="testBuyGas()[pri:0, instance:net.bigpoint.assessment.gasstation.implementation.StationTest@66cd1779]" name="testBuyGas" duration-ms="167678" started-at="2013-08-28T22:57:12Z" depends-on-methods="net.bigpoint.assessment.gasstation.implementation.StationTest.testGasPumps" finished-at="2013-08-28T23:00:00Z">
          <reporter-output>
          </reporter-output>
        </test-method> <!-- testBuyGas -->
        <test-method status="PASS" signature="testBuyGas()[pri:0, instance:net.bigpoint.assessment.gasstation.implementation.StationTest@66cd1779]" name="testBuyGas" duration-ms="166995" started-at="2013-08-28T22:57:12Z" depends-on-methods="net.bigpoint.assessment.gasstation.implementation.StationTest.testGasPumps" finished-at="2013-08-28T22:59:59Z">
          <reporter-output>
          </reporter-output>
        </test-method> <!-- testBuyGas -->
        <test-method status="PASS" signature="testBuyGas()[pri:0, instance:net.bigpoint.assessment.gasstation.implementation.StationTest@66cd1779]" name="testBuyGas" duration-ms="165857" started-at="2013-08-28T22:57:12Z" depends-on-methods="net.bigpoint.assessment.gasstation.implementation.StationTest.testGasPumps" finished-at="2013-08-28T22:59:58Z">
          <reporter-output>
          </reporter-output>
        </test-method> <!-- testBuyGas -->
        <test-method status="PASS" signature="testBuyGas()[pri:0, instance:net.bigpoint.assessment.gasstation.implementation.StationTest@66cd1779]" name="testBuyGas" duration-ms="168353" started-at="2013-08-28T22:57:12Z" depends-on-methods="net.bigpoint.assessment.gasstation.implementation.StationTest.testGasPumps" finished-at="2013-08-28T23:00:01Z">
          <reporter-output>
          </reporter-output>
        </test-method> <!-- testBuyGas -->
        <test-method status="PASS" signature="testBuyGas()[pri:0, instance:net.bigpoint.assessment.gasstation.implementation.StationTest@66cd1779]" name="testBuyGas" duration-ms="168218" started-at="2013-08-28T22:57:12Z" depends-on-methods="net.bigpoint.assessment.gasstation.implementation.StationTest.testGasPumps" finished-at="2013-08-28T23:00:01Z">
          <reporter-output>
          </reporter-output>
        </test-method> <!-- testBuyGas -->
        <test-method status="PASS" signature="testBuyGas()[pri:0, instance:net.bigpoint.assessment.gasstation.implementation.StationTest@66cd1779]" name="testBuyGas" duration-ms="166224" started-at="2013-08-28T22:57:12Z" depends-on-methods="net.bigpoint.assessment.gasstation.implementation.StationTest.testGasPumps" finished-at="2013-08-28T22:59:59Z">
          <reporter-output>
          </reporter-output>
        </test-method> <!-- testBuyGas -->
        <test-method status="PASS" signature="testBuyGas()[pri:0, instance:net.bigpoint.assessment.gasstation.implementation.StationTest@66cd1779]" name="testBuyGas" duration-ms="165213" started-at="2013-08-28T22:57:12Z" depends-on-methods="net.bigpoint.assessment.gasstation.implementation.StationTest.testGasPumps" finished-at="2013-08-28T22:59:58Z">
          <reporter-output>
          </reporter-output>
        </test-method> <!-- testBuyGas -->
        <test-method status="PASS" signature="testBuyGas()[pri:0, instance:net.bigpoint.assessment.gasstation.implementation.StationTest@66cd1779]" name="testBuyGas" duration-ms="165194" started-at="2013-08-28T22:57:13Z" depends-on-methods="net.bigpoint.assessment.gasstation.implementation.StationTest.testGasPumps" finished-at="2013-08-28T22:59:58Z">
          <reporter-output>
          </reporter-output>
        </test-method> <!-- testBuyGas -->
        <test-method status="PASS" signature="testBuyGas()[pri:0, instance:net.bigpoint.assessment.gasstation.implementation.StationTest@66cd1779]" name="testBuyGas" duration-ms="165138" started-at="2013-08-28T22:57:13Z" depends-on-methods="net.bigpoint.assessment.gasstation.implementation.StationTest.testGasPumps" finished-at="2013-08-28T22:59:58Z">
          <reporter-output>
          </reporter-output>
        </test-method> <!-- testBuyGas -->
        <test-method status="PASS" signature="testBuyGas()[pri:0, instance:net.bigpoint.assessment.gasstation.implementation.StationTest@66cd1779]" name="testBuyGas" duration-ms="164643" started-at="2013-08-28T22:57:13Z" depends-on-methods="net.bigpoint.assessment.gasstation.implementation.StationTest.testGasPumps" finished-at="2013-08-28T22:59:57Z">
          <reporter-output>
          </reporter-output>
        </test-method> <!-- testBuyGas -->
        <test-method status="PASS" signature="testBuyGas()[pri:0, instance:net.bigpoint.assessment.gasstation.implementation.StationTest@66cd1779]" name="testBuyGas" duration-ms="164030" started-at="2013-08-28T22:57:13Z" depends-on-methods="net.bigpoint.assessment.gasstation.implementation.StationTest.testGasPumps" finished-at="2013-08-28T22:59:57Z">
          <reporter-output>
          </reporter-output>
        </test-method> <!-- testBuyGas -->
        <test-method status="PASS" signature="testBuyGas()[pri:0, instance:net.bigpoint.assessment.gasstation.implementation.StationTest@66cd1779]" name="testBuyGas" duration-ms="163554" started-at="2013-08-28T22:57:13Z" depends-on-methods="net.bigpoint.assessment.gasstation.implementation.StationTest.testGasPumps" finished-at="2013-08-28T22:59:56Z">
          <reporter-output>
          </reporter-output>
        </test-method> <!-- testBuyGas -->
        <test-method status="PASS" signature="testBuyGas()[pri:0, instance:net.bigpoint.assessment.gasstation.implementation.StationTest@66cd1779]" name="testBuyGas" duration-ms="162557" started-at="2013-08-28T22:57:13Z" depends-on-methods="net.bigpoint.assessment.gasstation.implementation.StationTest.testGasPumps" finished-at="2013-08-28T22:59:55Z">
          <reporter-output>
          </reporter-output>
        </test-method> <!-- testBuyGas -->
        <test-method status="PASS" signature="testBuyGas()[pri:0, instance:net.bigpoint.assessment.gasstation.implementation.StationTest@66cd1779]" name="testBuyGas" duration-ms="161817" started-at="2013-08-28T22:57:13Z" depends-on-methods="net.bigpoint.assessment.gasstation.implementation.StationTest.testGasPumps" finished-at="2013-08-28T22:59:54Z">
          <reporter-output>
          </reporter-output>
        </test-method> <!-- testBuyGas -->
        <test-method status="PASS" signature="testBuyGas()[pri:0, instance:net.bigpoint.assessment.gasstation.implementation.StationTest@66cd1779]" name="testBuyGas" duration-ms="161490" started-at="2013-08-28T22:57:13Z" depends-on-methods="net.bigpoint.assessment.gasstation.implementation.StationTest.testGasPumps" finished-at="2013-08-28T22:59:54Z">
          <reporter-output>
          </reporter-output>
        </test-method> <!-- testBuyGas -->
        <test-method status="PASS" signature="testBuyGas()[pri:0, instance:net.bigpoint.assessment.gasstation.implementation.StationTest@66cd1779]" name="testBuyGas" duration-ms="161113" started-at="2013-08-28T22:57:13Z" depends-on-methods="net.bigpoint.assessment.gasstation.implementation.StationTest.testGasPumps" finished-at="2013-08-28T22:59:54Z">
          <reporter-output>
          </reporter-output>
        </test-method> <!-- testBuyGas -->
        <test-method status="PASS" signature="testBuyGas()[pri:0, instance:net.bigpoint.assessment.gasstation.implementation.StationTest@66cd1779]" name="testBuyGas" duration-ms="160712" started-at="2013-08-28T22:57:13Z" depends-on-methods="net.bigpoint.assessment.gasstation.implementation.StationTest.testGasPumps" finished-at="2013-08-28T22:59:53Z">
          <reporter-output>
          </reporter-output>
        </test-method> <!-- testBuyGas -->
        <test-method status="PASS" signature="testBuyGas()[pri:0, instance:net.bigpoint.assessment.gasstation.implementation.StationTest@66cd1779]" name="testBuyGas" duration-ms="160690" started-at="2013-08-28T22:57:13Z" depends-on-methods="net.bigpoint.assessment.gasstation.implementation.StationTest.testGasPumps" finished-at="2013-08-28T22:59:53Z">
          <reporter-output>
          </reporter-output>
        </test-method> <!-- testBuyGas -->
        <test-method status="PASS" signature="testBuyGas()[pri:0, instance:net.bigpoint.assessment.gasstation.implementation.StationTest@66cd1779]" name="testBuyGas" duration-ms="159704" started-at="2013-08-28T22:57:13Z" depends-on-methods="net.bigpoint.assessment.gasstation.implementation.StationTest.testGasPumps" finished-at="2013-08-28T22:59:52Z">
          <reporter-output>
          </reporter-output>
        </test-method> <!-- testBuyGas -->
        <test-method status="PASS" signature="testBuyGas()[pri:0, instance:net.bigpoint.assessment.gasstation.implementation.StationTest@66cd1779]" name="testBuyGas" duration-ms="159612" started-at="2013-08-28T22:57:13Z" depends-on-methods="net.bigpoint.assessment.gasstation.implementation.StationTest.testGasPumps" finished-at="2013-08-28T22:59:52Z">
          <reporter-output>
          </reporter-output>
        </test-method> <!-- testBuyGas -->
        <test-method status="PASS" signature="testBuyGas()[pri:0, instance:net.bigpoint.assessment.gasstation.implementation.StationTest@66cd1779]" name="testBuyGas" duration-ms="159497" started-at="2013-08-28T22:57:13Z" depends-on-methods="net.bigpoint.assessment.gasstation.implementation.StationTest.testGasPumps" finished-at="2013-08-28T22:59:52Z">
          <reporter-output>
          </reporter-output>
        </test-method> <!-- testBuyGas -->
        <test-method status="PASS" signature="testBuyGas()[pri:0, instance:net.bigpoint.assessment.gasstation.implementation.StationTest@66cd1779]" name="testBuyGas" duration-ms="158971" started-at="2013-08-28T22:57:13Z" depends-on-methods="net.bigpoint.assessment.gasstation.implementation.StationTest.testGasPumps" finished-at="2013-08-28T22:59:52Z">
          <reporter-output>
          </reporter-output>
        </test-method> <!-- testBuyGas -->
        <test-method status="PASS" signature="testBuyGas()[pri:0, instance:net.bigpoint.assessment.gasstation.implementation.StationTest@66cd1779]" name="testBuyGas" duration-ms="157986" started-at="2013-08-28T22:57:13Z" depends-on-methods="net.bigpoint.assessment.gasstation.implementation.StationTest.testGasPumps" finished-at="2013-08-28T22:59:51Z">
          <reporter-output>
          </reporter-output>
        </test-method> <!-- testBuyGas -->
        <test-method status="PASS" signature="testBuyGas()[pri:0, instance:net.bigpoint.assessment.gasstation.implementation.StationTest@66cd1779]" name="testBuyGas" duration-ms="157187" started-at="2013-08-28T22:57:13Z" depends-on-methods="net.bigpoint.assessment.gasstation.implementation.StationTest.testGasPumps" finished-at="2013-08-28T22:59:50Z">
          <reporter-output>
          </reporter-output>
        </test-method> <!-- testBuyGas -->
        <test-method status="PASS" signature="testBuyGas()[pri:0, instance:net.bigpoint.assessment.gasstation.implementation.StationTest@66cd1779]" name="testBuyGas" duration-ms="156293" started-at="2013-08-28T22:57:13Z" depends-on-methods="net.bigpoint.assessment.gasstation.implementation.StationTest.testGasPumps" finished-at="2013-08-28T22:59:49Z">
          <reporter-output>
          </reporter-output>
        </test-method> <!-- testBuyGas -->
        <test-method status="PASS" signature="testBuyGas()[pri:0, instance:net.bigpoint.assessment.gasstation.implementation.StationTest@66cd1779]" name="testBuyGas" duration-ms="154878" started-at="2013-08-28T22:57:13Z" depends-on-methods="net.bigpoint.assessment.gasstation.implementation.StationTest.testGasPumps" finished-at="2013-08-28T22:59:47Z">
          <reporter-output>
          </reporter-output>
        </test-method> <!-- testBuyGas -->
        <test-method status="PASS" signature="testBuyGas()[pri:0, instance:net.bigpoint.assessment.gasstation.implementation.StationTest@66cd1779]" name="testBuyGas" duration-ms="155387" started-at="2013-08-28T22:57:13Z" depends-on-methods="net.bigpoint.assessment.gasstation.implementation.StationTest.testGasPumps" finished-at="2013-08-28T22:59:48Z">
          <reporter-output>
          </reporter-output>
        </test-method> <!-- testBuyGas -->
        <test-method status="PASS" signature="testBuyGas()[pri:0, instance:net.bigpoint.assessment.gasstation.implementation.StationTest@66cd1779]" name="testBuyGas" duration-ms="154677" started-at="2013-08-28T22:57:13Z" depends-on-methods="net.bigpoint.assessment.gasstation.implementation.StationTest.testGasPumps" finished-at="2013-08-28T22:59:47Z">
          <reporter-output>
          </reporter-output>
        </test-method> <!-- testBuyGas -->
        <test-method status="PASS" signature="testBuyGas()[pri:0, instance:net.bigpoint.assessment.gasstation.implementation.StationTest@66cd1779]" name="testBuyGas" duration-ms="154374" started-at="2013-08-28T22:57:13Z" depends-on-methods="net.bigpoint.assessment.gasstation.implementation.StationTest.testGasPumps" finished-at="2013-08-28T22:59:47Z">
          <reporter-output>
          </reporter-output>
        </test-method> <!-- testBuyGas -->
        <test-method status="PASS" signature="testBuyGas()[pri:0, instance:net.bigpoint.assessment.gasstation.implementation.StationTest@66cd1779]" name="testBuyGas" duration-ms="153718" started-at="2013-08-28T22:57:13Z" depends-on-methods="net.bigpoint.assessment.gasstation.implementation.StationTest.testGasPumps" finished-at="2013-08-28T22:59:46Z">
          <reporter-output>
          </reporter-output>
        </test-method> <!-- testBuyGas -->
        <test-method status="PASS" signature="testBuyGas()[pri:0, instance:net.bigpoint.assessment.gasstation.implementation.StationTest@66cd1779]" name="testBuyGas" duration-ms="152809" started-at="2013-08-28T22:57:13Z" depends-on-methods="net.bigpoint.assessment.gasstation.implementation.StationTest.testGasPumps" finished-at="2013-08-28T22:59:45Z">
          <reporter-output>
          </reporter-output>
        </test-method> <!-- testBuyGas -->
        <test-method status="PASS" signature="testBuyGas()[pri:0, instance:net.bigpoint.assessment.gasstation.implementation.StationTest@66cd1779]" name="testBuyGas" duration-ms="151076" started-at="2013-08-28T22:57:13Z" depends-on-methods="net.bigpoint.assessment.gasstation.implementation.StationTest.testGasPumps" finished-at="2013-08-28T22:59:44Z">
          <reporter-output>
          </reporter-output>
        </test-method> <!-- testBuyGas -->
        <test-method status="PASS" signature="testBuyGas()[pri:0, instance:net.bigpoint.assessment.gasstation.implementation.StationTest@66cd1779]" name="testBuyGas" duration-ms="151857" started-at="2013-08-28T22:57:13Z" depends-on-methods="net.bigpoint.assessment.gasstation.implementation.StationTest.testGasPumps" finished-at="2013-08-28T22:59:44Z">
          <reporter-output>
          </reporter-output>
        </test-method> <!-- testBuyGas -->
        <test-method status="PASS" signature="testBuyGas()[pri:0, instance:net.bigpoint.assessment.gasstation.implementation.StationTest@66cd1779]" name="testBuyGas" duration-ms="149512" started-at="2013-08-28T22:57:13Z" depends-on-methods="net.bigpoint.assessment.gasstation.implementation.StationTest.testGasPumps" finished-at="2013-08-28T22:59:42Z">
          <reporter-output>
          </reporter-output>
        </test-method> <!-- testBuyGas -->
        <test-method status="PASS" signature="testBuyGas()[pri:0, instance:net.bigpoint.assessment.gasstation.implementation.StationTest@66cd1779]" name="testBuyGas" duration-ms="149380" started-at="2013-08-28T22:57:13Z" depends-on-methods="net.bigpoint.assessment.gasstation.implementation.StationTest.testGasPumps" finished-at="2013-08-28T22:59:42Z">
          <reporter-output>
          </reporter-output>
        </test-method> <!-- testBuyGas -->
        <test-method status="PASS" signature="testBuyGas()[pri:0, instance:net.bigpoint.assessment.gasstation.implementation.StationTest@66cd1779]" name="testBuyGas" duration-ms="150494" started-at="2013-08-28T22:57:13Z" depends-on-methods="net.bigpoint.assessment.gasstation.implementation.StationTest.testGasPumps" finished-at="2013-08-28T22:59:43Z">
          <reporter-output>
          </reporter-output>
        </test-method> <!-- testBuyGas -->
        <test-method status="PASS" signature="testBuyGas()[pri:0, instance:net.bigpoint.assessment.gasstation.implementation.StationTest@66cd1779]" name="testBuyGas" duration-ms="148578" started-at="2013-08-28T22:57:13Z" depends-on-methods="net.bigpoint.assessment.gasstation.implementation.StationTest.testGasPumps" finished-at="2013-08-28T22:59:41Z">
          <reporter-output>
          </reporter-output>
        </test-method> <!-- testBuyGas -->
        <test-method status="PASS" signature="testBuyGas()[pri:0, instance:net.bigpoint.assessment.gasstation.implementation.StationTest@66cd1779]" name="testBuyGas" duration-ms="146630" started-at="2013-08-28T22:57:13Z" depends-on-methods="net.bigpoint.assessment.gasstation.implementation.StationTest.testGasPumps" finished-at="2013-08-28T22:59:39Z">
          <reporter-output>
          </reporter-output>
        </test-method> <!-- testBuyGas -->
        <test-method status="PASS" signature="testBuyGas()[pri:0, instance:net.bigpoint.assessment.gasstation.implementation.StationTest@66cd1779]" name="testBuyGas" duration-ms="147578" started-at="2013-08-28T22:57:13Z" depends-on-methods="net.bigpoint.assessment.gasstation.implementation.StationTest.testGasPumps" finished-at="2013-08-28T22:59:40Z">
          <reporter-output>
          </reporter-output>
        </test-method> <!-- testBuyGas -->
        <test-method status="PASS" signature="testBuyGas()[pri:0, instance:net.bigpoint.assessment.gasstation.implementation.StationTest@66cd1779]" name="testBuyGas" duration-ms="146428" started-at="2013-08-28T22:57:13Z" depends-on-methods="net.bigpoint.assessment.gasstation.implementation.StationTest.testGasPumps" finished-at="2013-08-28T22:59:39Z">
          <reporter-output>
          </reporter-output>
        </test-method> <!-- testBuyGas -->
        <test-method status="PASS" signature="testBuyGas()[pri:0, instance:net.bigpoint.assessment.gasstation.implementation.StationTest@66cd1779]" name="testBuyGas" duration-ms="145947" started-at="2013-08-28T22:57:13Z" depends-on-methods="net.bigpoint.assessment.gasstation.implementation.StationTest.testGasPumps" finished-at="2013-08-28T22:59:39Z">
          <reporter-output>
          </reporter-output>
        </test-method> <!-- testBuyGas -->
        <test-method status="PASS" signature="testBuyGas()[pri:0, instance:net.bigpoint.assessment.gasstation.implementation.StationTest@66cd1779]" name="testBuyGas" duration-ms="145179" started-at="2013-08-28T22:57:13Z" depends-on-methods="net.bigpoint.assessment.gasstation.implementation.StationTest.testGasPumps" finished-at="2013-08-28T22:59:38Z">
          <reporter-output>
          </reporter-output>
        </test-method> <!-- testBuyGas -->
        <test-method status="PASS" signature="testBuyGas()[pri:0, instance:net.bigpoint.assessment.gasstation.implementation.StationTest@66cd1779]" name="testBuyGas" duration-ms="145481" started-at="2013-08-28T22:57:13Z" depends-on-methods="net.bigpoint.assessment.gasstation.implementation.StationTest.testGasPumps" finished-at="2013-08-28T22:59:38Z">
          <reporter-output>
          </reporter-output>
        </test-method> <!-- testBuyGas -->
        <test-method status="PASS" signature="testBuyGas()[pri:0, instance:net.bigpoint.assessment.gasstation.implementation.StationTest@66cd1779]" name="testBuyGas" duration-ms="144183" started-at="2013-08-28T22:57:13Z" depends-on-methods="net.bigpoint.assessment.gasstation.implementation.StationTest.testGasPumps" finished-at="2013-08-28T22:59:37Z">
          <reporter-output>
          </reporter-output>
        </test-method> <!-- testBuyGas -->
        <test-method status="PASS" signature="testBuyGas()[pri:0, instance:net.bigpoint.assessment.gasstation.implementation.StationTest@66cd1779]" name="testBuyGas" duration-ms="141792" started-at="2013-08-28T22:57:13Z" depends-on-methods="net.bigpoint.assessment.gasstation.implementation.StationTest.testGasPumps" finished-at="2013-08-28T22:59:34Z">
          <reporter-output>
          </reporter-output>
        </test-method> <!-- testBuyGas -->
        <test-method status="PASS" signature="testBuyGas()[pri:0, instance:net.bigpoint.assessment.gasstation.implementation.StationTest@66cd1779]" name="testBuyGas" duration-ms="143648" started-at="2013-08-28T22:57:13Z" depends-on-methods="net.bigpoint.assessment.gasstation.implementation.StationTest.testGasPumps" finished-at="2013-08-28T22:59:36Z">
          <reporter-output>
          </reporter-output>
        </test-method> <!-- testBuyGas -->
        <test-method status="PASS" signature="testBuyGas()[pri:0, instance:net.bigpoint.assessment.gasstation.implementation.StationTest@66cd1779]" name="testBuyGas" duration-ms="143184" started-at="2013-08-28T22:57:13Z" depends-on-methods="net.bigpoint.assessment.gasstation.implementation.StationTest.testGasPumps" finished-at="2013-08-28T22:59:36Z">
          <reporter-output>
          </reporter-output>
        </test-method> <!-- testBuyGas -->
        <test-method status="PASS" signature="testBuyGas()[pri:0, instance:net.bigpoint.assessment.gasstation.implementation.StationTest@66cd1779]" name="testBuyGas" duration-ms="142539" started-at="2013-08-28T22:57:13Z" depends-on-methods="net.bigpoint.assessment.gasstation.implementation.StationTest.testGasPumps" finished-at="2013-08-28T22:59:35Z">
          <reporter-output>
          </reporter-output>
        </test-method> <!-- testBuyGas -->
        <test-method status="PASS" signature="testBuyGas()[pri:0, instance:net.bigpoint.assessment.gasstation.implementation.StationTest@66cd1779]" name="testBuyGas" duration-ms="141523" started-at="2013-08-28T22:57:13Z" depends-on-methods="net.bigpoint.assessment.gasstation.implementation.StationTest.testGasPumps" finished-at="2013-08-28T22:59:34Z">
          <reporter-output>
          </reporter-output>
        </test-method> <!-- testBuyGas -->
        <test-method status="PASS" signature="testBuyGas()[pri:0, instance:net.bigpoint.assessment.gasstation.implementation.StationTest@66cd1779]" name="testBuyGas" duration-ms="141260" started-at="2013-08-28T22:57:13Z" depends-on-methods="net.bigpoint.assessment.gasstation.implementation.StationTest.testGasPumps" finished-at="2013-08-28T22:59:34Z">
          <reporter-output>
          </reporter-output>
        </test-method> <!-- testBuyGas -->
        <test-method status="PASS" signature="testBuyGas()[pri:0, instance:net.bigpoint.assessment.gasstation.implementation.StationTest@66cd1779]" name="testBuyGas" duration-ms="141639" started-at="2013-08-28T22:57:13Z" depends-on-methods="net.bigpoint.assessment.gasstation.implementation.StationTest.testGasPumps" finished-at="2013-08-28T22:59:34Z">
          <reporter-output>
          </reporter-output>
        </test-method> <!-- testBuyGas -->
        <test-method status="PASS" signature="testBuyGas()[pri:0, instance:net.bigpoint.assessment.gasstation.implementation.StationTest@66cd1779]" name="testBuyGas" duration-ms="140550" started-at="2013-08-28T22:57:13Z" depends-on-methods="net.bigpoint.assessment.gasstation.implementation.StationTest.testGasPumps" finished-at="2013-08-28T22:59:33Z">
          <reporter-output>
          </reporter-output>
        </test-method> <!-- testBuyGas -->
        <test-method status="PASS" signature="testBuyGas()[pri:0, instance:net.bigpoint.assessment.gasstation.implementation.StationTest@66cd1779]" name="testBuyGas" duration-ms="140559" started-at="2013-08-28T22:57:13Z" depends-on-methods="net.bigpoint.assessment.gasstation.implementation.StationTest.testGasPumps" finished-at="2013-08-28T22:59:33Z">
          <reporter-output>
          </reporter-output>
        </test-method> <!-- testBuyGas -->
        <test-method status="PASS" signature="testBuyGas()[pri:0, instance:net.bigpoint.assessment.gasstation.implementation.StationTest@66cd1779]" name="testBuyGas" duration-ms="139881" started-at="2013-08-28T22:57:13Z" depends-on-methods="net.bigpoint.assessment.gasstation.implementation.StationTest.testGasPumps" finished-at="2013-08-28T22:59:33Z">
          <reporter-output>
          </reporter-output>
        </test-method> <!-- testBuyGas -->
        <test-method status="PASS" signature="testBuyGas()[pri:0, instance:net.bigpoint.assessment.gasstation.implementation.StationTest@66cd1779]" name="testBuyGas" duration-ms="139799" started-at="2013-08-28T22:57:13Z" depends-on-methods="net.bigpoint.assessment.gasstation.implementation.StationTest.testGasPumps" finished-at="2013-08-28T22:59:32Z">
          <reporter-output>
          </reporter-output>
        </test-method> <!-- testBuyGas -->
        <test-method status="PASS" signature="testBuyGas()[pri:0, instance:net.bigpoint.assessment.gasstation.implementation.StationTest@66cd1779]" name="testBuyGas" duration-ms="139663" started-at="2013-08-28T22:57:13Z" depends-on-methods="net.bigpoint.assessment.gasstation.implementation.StationTest.testGasPumps" finished-at="2013-08-28T22:59:32Z">
          <reporter-output>
          </reporter-output>
        </test-method> <!-- testBuyGas -->
        <test-method status="PASS" signature="testBuyGas()[pri:0, instance:net.bigpoint.assessment.gasstation.implementation.StationTest@66cd1779]" name="testBuyGas" duration-ms="138855" started-at="2013-08-28T22:57:13Z" depends-on-methods="net.bigpoint.assessment.gasstation.implementation.StationTest.testGasPumps" finished-at="2013-08-28T22:59:31Z">
          <reporter-output>
          </reporter-output>
        </test-method> <!-- testBuyGas -->
        <test-method status="PASS" signature="testBuyGas()[pri:0, instance:net.bigpoint.assessment.gasstation.implementation.StationTest@66cd1779]" name="testBuyGas" duration-ms="137972" started-at="2013-08-28T22:57:13Z" depends-on-methods="net.bigpoint.assessment.gasstation.implementation.StationTest.testGasPumps" finished-at="2013-08-28T22:59:31Z">
          <reporter-output>
          </reporter-output>
        </test-method> <!-- testBuyGas -->
        <test-method status="PASS" signature="testBuyGas()[pri:0, instance:net.bigpoint.assessment.gasstation.implementation.StationTest@66cd1779]" name="testBuyGas" duration-ms="137873" started-at="2013-08-28T22:57:13Z" depends-on-methods="net.bigpoint.assessment.gasstation.implementation.StationTest.testGasPumps" finished-at="2013-08-28T22:59:31Z">
          <reporter-output>
          </reporter-output>
        </test-method> <!-- testBuyGas -->
        <test-method status="PASS" signature="testBuyGas()[pri:0, instance:net.bigpoint.assessment.gasstation.implementation.StationTest@66cd1779]" name="testBuyGas" duration-ms="136989" started-at="2013-08-28T22:57:13Z" depends-on-methods="net.bigpoint.assessment.gasstation.implementation.StationTest.testGasPumps" finished-at="2013-08-28T22:59:30Z">
          <reporter-output>
          </reporter-output>
        </test-method> <!-- testBuyGas -->
        <test-method status="PASS" signature="testBuyGas()[pri:0, instance:net.bigpoint.assessment.gasstation.implementation.StationTest@66cd1779]" name="testBuyGas" duration-ms="136730" started-at="2013-08-28T22:57:13Z" depends-on-methods="net.bigpoint.assessment.gasstation.implementation.StationTest.testGasPumps" finished-at="2013-08-28T22:59:29Z">
          <reporter-output>
          </reporter-output>
        </test-method> <!-- testBuyGas -->
        <test-method status="PASS" signature="testBuyGas()[pri:0, instance:net.bigpoint.assessment.gasstation.implementation.StationTest@66cd1779]" name="testBuyGas" duration-ms="135892" started-at="2013-08-28T22:57:13Z" depends-on-methods="net.bigpoint.assessment.gasstation.implementation.StationTest.testGasPumps" finished-at="2013-08-28T22:59:29Z">
          <reporter-output>
          </reporter-output>
        </test-method> <!-- testBuyGas -->
        <test-method status="PASS" signature="testBuyGas()[pri:0, instance:net.bigpoint.assessment.gasstation.implementation.StationTest@66cd1779]" name="testBuyGas" duration-ms="135388" started-at="2013-08-28T22:57:13Z" depends-on-methods="net.bigpoint.assessment.gasstation.implementation.StationTest.testGasPumps" finished-at="2013-08-28T22:59:28Z">
          <reporter-output>
          </reporter-output>
        </test-method> <!-- testBuyGas -->
        <test-method status="PASS" signature="testBuyGas()[pri:0, instance:net.bigpoint.assessment.gasstation.implementation.StationTest@66cd1779]" name="testBuyGas" duration-ms="134630" started-at="2013-08-28T22:57:13Z" depends-on-methods="net.bigpoint.assessment.gasstation.implementation.StationTest.testGasPumps" finished-at="2013-08-28T22:59:27Z">
          <reporter-output>
          </reporter-output>
        </test-method> <!-- testBuyGas -->
        <test-method status="PASS" signature="testBuyGas()[pri:0, instance:net.bigpoint.assessment.gasstation.implementation.StationTest@66cd1779]" name="testBuyGas" duration-ms="133643" started-at="2013-08-28T22:57:13Z" depends-on-methods="net.bigpoint.assessment.gasstation.implementation.StationTest.testGasPumps" finished-at="2013-08-28T22:59:26Z">
          <reporter-output>
          </reporter-output>
        </test-method> <!-- testBuyGas -->
        <test-method status="PASS" signature="testBuyGas()[pri:0, instance:net.bigpoint.assessment.gasstation.implementation.StationTest@66cd1779]" name="testBuyGas" duration-ms="132904" started-at="2013-08-28T22:57:13Z" depends-on-methods="net.bigpoint.assessment.gasstation.implementation.StationTest.testGasPumps" finished-at="2013-08-28T22:59:26Z">
          <reporter-output>
          </reporter-output>
        </test-method> <!-- testBuyGas -->
        <test-method status="PASS" signature="testBuyGas()[pri:0, instance:net.bigpoint.assessment.gasstation.implementation.StationTest@66cd1779]" name="testBuyGas" duration-ms="132504" started-at="2013-08-28T22:57:13Z" depends-on-methods="net.bigpoint.assessment.gasstation.implementation.StationTest.testGasPumps" finished-at="2013-08-28T22:59:25Z">
          <reporter-output>
          </reporter-output>
        </test-method> <!-- testBuyGas -->
        <test-method status="PASS" signature="testBuyGas()[pri:0, instance:net.bigpoint.assessment.gasstation.implementation.StationTest@66cd1779]" name="testBuyGas" duration-ms="131880" started-at="2013-08-28T22:57:13Z" depends-on-methods="net.bigpoint.assessment.gasstation.implementation.StationTest.testGasPumps" finished-at="2013-08-28T22:59:25Z">
          <reporter-output>
          </reporter-output>
        </test-method> <!-- testBuyGas -->
        <test-method status="PASS" signature="testBuyGas()[pri:0, instance:net.bigpoint.assessment.gasstation.implementation.StationTest@66cd1779]" name="testBuyGas" duration-ms="130971" started-at="2013-08-28T22:57:13Z" depends-on-methods="net.bigpoint.assessment.gasstation.implementation.StationTest.testGasPumps" finished-at="2013-08-28T22:59:24Z">
          <reporter-output>
          </reporter-output>
        </test-method> <!-- testBuyGas -->
        <test-method status="PASS" signature="testBuyGas()[pri:0, instance:net.bigpoint.assessment.gasstation.implementation.StationTest@66cd1779]" name="testBuyGas" duration-ms="130377" started-at="2013-08-28T22:57:13Z" depends-on-methods="net.bigpoint.assessment.gasstation.implementation.StationTest.testGasPumps" finished-at="2013-08-28T22:59:23Z">
          <reporter-output>
          </reporter-output>
        </test-method> <!-- testBuyGas -->
        <test-method status="PASS" signature="testBuyGas()[pri:0, instance:net.bigpoint.assessment.gasstation.implementation.StationTest@66cd1779]" name="testBuyGas" duration-ms="129813" started-at="2013-08-28T22:57:13Z" depends-on-methods="net.bigpoint.assessment.gasstation.implementation.StationTest.testGasPumps" finished-at="2013-08-28T22:59:22Z">
          <reporter-output>
          </reporter-output>
        </test-method> <!-- testBuyGas -->
        <test-method status="PASS" signature="testBuyGas()[pri:0, instance:net.bigpoint.assessment.gasstation.implementation.StationTest@66cd1779]" name="testBuyGas" duration-ms="128943" started-at="2013-08-28T22:57:13Z" depends-on-methods="net.bigpoint.assessment.gasstation.implementation.StationTest.testGasPumps" finished-at="2013-08-28T22:59:22Z">
          <reporter-output>
          </reporter-output>
        </test-method> <!-- testBuyGas -->
        <test-method status="PASS" signature="testBuyGas()[pri:0, instance:net.bigpoint.assessment.gasstation.implementation.StationTest@66cd1779]" name="testBuyGas" duration-ms="128302" started-at="2013-08-28T22:57:13Z" depends-on-methods="net.bigpoint.assessment.gasstation.implementation.StationTest.testGasPumps" finished-at="2013-08-28T22:59:21Z">
          <reporter-output>
          </reporter-output>
        </test-method> <!-- testBuyGas -->
        <test-method status="PASS" signature="testBuyGas()[pri:0, instance:net.bigpoint.assessment.gasstation.implementation.StationTest@66cd1779]" name="testBuyGas" duration-ms="128058" started-at="2013-08-28T22:57:13Z" depends-on-methods="net.bigpoint.assessment.gasstation.implementation.StationTest.testGasPumps" finished-at="2013-08-28T22:59:21Z">
          <reporter-output>
          </reporter-output>
        </test-method> <!-- testBuyGas -->
        <test-method status="PASS" signature="testBuyGas()[pri:0, instance:net.bigpoint.assessment.gasstation.implementation.StationTest@66cd1779]" name="testBuyGas" duration-ms="127488" started-at="2013-08-28T22:57:13Z" depends-on-methods="net.bigpoint.assessment.gasstation.implementation.StationTest.testGasPumps" finished-at="2013-08-28T22:59:20Z">
          <reporter-output>
          </reporter-output>
        </test-method> <!-- testBuyGas -->
        <test-method status="PASS" signature="testBuyGas()[pri:0, instance:net.bigpoint.assessment.gasstation.implementation.StationTest@66cd1779]" name="testBuyGas" duration-ms="126562" started-at="2013-08-28T22:57:13Z" depends-on-methods="net.bigpoint.assessment.gasstation.implementation.StationTest.testGasPumps" finished-at="2013-08-28T22:59:19Z">
          <reporter-output>
          </reporter-output>
        </test-method> <!-- testBuyGas -->
        <test-method status="PASS" signature="testBuyGas()[pri:0, instance:net.bigpoint.assessment.gasstation.implementation.StationTest@66cd1779]" name="testBuyGas" duration-ms="126368" started-at="2013-08-28T22:57:13Z" depends-on-methods="net.bigpoint.assessment.gasstation.implementation.StationTest.testGasPumps" finished-at="2013-08-28T22:59:19Z">
          <reporter-output>
          </reporter-output>
        </test-method> <!-- testBuyGas -->
        <test-method status="PASS" signature="testBuyGas()[pri:0, instance:net.bigpoint.assessment.gasstation.implementation.StationTest@66cd1779]" name="testBuyGas" duration-ms="124381" started-at="2013-08-28T22:57:13Z" depends-on-methods="net.bigpoint.assessment.gasstation.implementation.StationTest.testGasPumps" finished-at="2013-08-28T22:59:17Z">
          <reporter-output>
          </reporter-output>
        </test-method> <!-- testBuyGas -->
        <test-method status="PASS" signature="testBuyGas()[pri:0, instance:net.bigpoint.assessment.gasstation.implementation.StationTest@66cd1779]" name="testBuyGas" duration-ms="125371" started-at="2013-08-28T22:57:13Z" depends-on-methods="net.bigpoint.assessment.gasstation.implementation.StationTest.testGasPumps" finished-at="2013-08-28T22:59:18Z">
          <reporter-output>
          </reporter-output>
        </test-method> <!-- testBuyGas -->
        <test-method status="PASS" signature="testBuyGas()[pri:0, instance:net.bigpoint.assessment.gasstation.implementation.StationTest@66cd1779]" name="testBuyGas" duration-ms="124359" started-at="2013-08-28T22:57:13Z" depends-on-methods="net.bigpoint.assessment.gasstation.implementation.StationTest.testGasPumps" finished-at="2013-08-28T22:59:17Z">
          <reporter-output>
          </reporter-output>
        </test-method> <!-- testBuyGas -->
        <test-method status="PASS" signature="testBuyGas()[pri:0, instance:net.bigpoint.assessment.gasstation.implementation.StationTest@66cd1779]" name="testBuyGas" duration-ms="124229" started-at="2013-08-28T22:57:13Z" depends-on-methods="net.bigpoint.assessment.gasstation.implementation.StationTest.testGasPumps" finished-at="2013-08-28T22:59:17Z">
          <reporter-output>
          </reporter-output>
        </test-method> <!-- testBuyGas -->
        <test-method status="PASS" signature="testBuyGas()[pri:0, instance:net.bigpoint.assessment.gasstation.implementation.StationTest@66cd1779]" name="testBuyGas" duration-ms="123782" started-at="2013-08-28T22:57:13Z" depends-on-methods="net.bigpoint.assessment.gasstation.implementation.StationTest.testGasPumps" finished-at="2013-08-28T22:59:17Z">
          <reporter-output>
          </reporter-output>
        </test-method> <!-- testBuyGas -->
        <test-method status="PASS" signature="testBuyGas()[pri:0, instance:net.bigpoint.assessment.gasstation.implementation.StationTest@66cd1779]" name="testBuyGas" duration-ms="122934" started-at="2013-08-28T22:57:13Z" depends-on-methods="net.bigpoint.assessment.gasstation.implementation.StationTest.testGasPumps" finished-at="2013-08-28T22:59:16Z">
          <reporter-output>
          </reporter-output>
        </test-method> <!-- testBuyGas -->
        <test-method status="PASS" signature="testBuyGas()[pri:0, instance:net.bigpoint.assessment.gasstation.implementation.StationTest@66cd1779]" name="testBuyGas" duration-ms="122798" started-at="2013-08-28T22:57:13Z" depends-on-methods="net.bigpoint.assessment.gasstation.implementation.StationTest.testGasPumps" finished-at="2013-08-28T22:59:16Z">
          <reporter-output>
          </reporter-output>
        </test-method> <!-- testBuyGas -->
        <test-method status="PASS" signature="testBuyGas()[pri:0, instance:net.bigpoint.assessment.gasstation.implementation.StationTest@66cd1779]" name="testBuyGas" duration-ms="122381" started-at="2013-08-28T22:57:13Z" depends-on-methods="net.bigpoint.assessment.gasstation.implementation.StationTest.testGasPumps" finished-at="2013-08-28T22:59:15Z">
          <reporter-output>
          </reporter-output>
        </test-method> <!-- testBuyGas -->
        <test-method status="PASS" signature="testBuyGas()[pri:0, instance:net.bigpoint.assessment.gasstation.implementation.StationTest@66cd1779]" name="testBuyGas" duration-ms="122539" started-at="2013-08-28T22:57:13Z" depends-on-methods="net.bigpoint.assessment.gasstation.implementation.StationTest.testGasPumps" finished-at="2013-08-28T22:59:15Z">
          <reporter-output>
          </reporter-output>
        </test-method> <!-- testBuyGas -->
        <test-method status="PASS" signature="testBuyGas()[pri:0, instance:net.bigpoint.assessment.gasstation.implementation.StationTest@66cd1779]" name="testBuyGas" duration-ms="121480" started-at="2013-08-28T22:57:13Z" depends-on-methods="net.bigpoint.assessment.gasstation.implementation.StationTest.testGasPumps" finished-at="2013-08-28T22:59:14Z">
          <reporter-output>
          </reporter-output>
        </test-method> <!-- testBuyGas -->
        <test-method status="PASS" signature="testBuyGas()[pri:0, instance:net.bigpoint.assessment.gasstation.implementation.StationTest@66cd1779]" name="testBuyGas" duration-ms="120677" started-at="2013-08-28T22:57:13Z" depends-on-methods="net.bigpoint.assessment.gasstation.implementation.StationTest.testGasPumps" finished-at="2013-08-28T22:59:13Z">
          <reporter-output>
          </reporter-output>
        </test-method> <!-- testBuyGas -->
        <test-method status="PASS" signature="testBuyGas()[pri:0, instance:net.bigpoint.assessment.gasstation.implementation.StationTest@66cd1779]" name="testBuyGas" duration-ms="120569" started-at="2013-08-28T22:57:13Z" depends-on-methods="net.bigpoint.assessment.gasstation.implementation.StationTest.testGasPumps" finished-at="2013-08-28T22:59:13Z">
          <reporter-output>
          </reporter-output>
        </test-method> <!-- testBuyGas -->
        <test-method status="PASS" signature="testBuyGas()[pri:0, instance:net.bigpoint.assessment.gasstation.implementation.StationTest@66cd1779]" name="testBuyGas" duration-ms="120561" started-at="2013-08-28T22:57:13Z" depends-on-methods="net.bigpoint.assessment.gasstation.implementation.StationTest.testGasPumps" finished-at="2013-08-28T22:59:13Z">
          <reporter-output>
          </reporter-output>
        </test-method> <!-- testBuyGas -->
        <test-method status="PASS" signature="testBuyGas()[pri:0, instance:net.bigpoint.assessment.gasstation.implementation.StationTest@66cd1779]" name="testBuyGas" duration-ms="119909" started-at="2013-08-28T22:57:13Z" depends-on-methods="net.bigpoint.assessment.gasstation.implementation.StationTest.testGasPumps" finished-at="2013-08-28T22:59:13Z">
          <reporter-output>
          </reporter-output>
        </test-method> <!-- testBuyGas -->
        <test-method status="PASS" signature="testBuyGas()[pri:0, instance:net.bigpoint.assessment.gasstation.implementation.StationTest@66cd1779]" name="testBuyGas" duration-ms="119330" started-at="2013-08-28T22:57:13Z" depends-on-methods="net.bigpoint.assessment.gasstation.implementation.StationTest.testGasPumps" finished-at="2013-08-28T22:59:12Z">
          <reporter-output>
          </reporter-output>
        </test-method> <!-- testBuyGas -->
        <test-method status="PASS" signature="testBuyGas()[pri:0, instance:net.bigpoint.assessment.gasstation.implementation.StationTest@66cd1779]" name="testBuyGas" duration-ms="119056" started-at="2013-08-28T22:57:13Z" depends-on-methods="net.bigpoint.assessment.gasstation.implementation.StationTest.testGasPumps" finished-at="2013-08-28T22:59:12Z">
          <reporter-output>
          </reporter-output>
        </test-method> <!-- testBuyGas -->
        <test-method status="PASS" signature="testBuyGas()[pri:0, instance:net.bigpoint.assessment.gasstation.implementation.StationTest@66cd1779]" name="testBuyGas" duration-ms="117771" started-at="2013-08-28T22:57:13Z" depends-on-methods="net.bigpoint.assessment.gasstation.implementation.StationTest.testGasPumps" finished-at="2013-08-28T22:59:11Z">
          <reporter-output>
          </reporter-output>
        </test-method> <!-- testBuyGas -->
        <test-method status="PASS" signature="testBuyGas()[pri:0, instance:net.bigpoint.assessment.gasstation.implementation.StationTest@66cd1779]" name="testBuyGas" duration-ms="118476" started-at="2013-08-28T22:57:13Z" depends-on-methods="net.bigpoint.assessment.gasstation.implementation.StationTest.testGasPumps" finished-at="2013-08-28T22:59:11Z">
          <reporter-output>
          </reporter-output>
        </test-method> <!-- testBuyGas -->
        <test-method status="PASS" signature="testBuyGas()[pri:0, instance:net.bigpoint.assessment.gasstation.implementation.StationTest@66cd1779]" name="testBuyGas" duration-ms="117154" started-at="2013-08-28T22:57:13Z" depends-on-methods="net.bigpoint.assessment.gasstation.implementation.StationTest.testGasPumps" finished-at="2013-08-28T22:59:10Z">
          <reporter-output>
          </reporter-output>
        </test-method> <!-- testBuyGas -->
        <test-method status="PASS" signature="testBuyGas()[pri:0, instance:net.bigpoint.assessment.gasstation.implementation.StationTest@66cd1779]" name="testBuyGas" duration-ms="116415" started-at="2013-08-28T22:57:13Z" depends-on-methods="net.bigpoint.assessment.gasstation.implementation.StationTest.testGasPumps" finished-at="2013-08-28T22:59:09Z">
          <reporter-output>
          </reporter-output>
        </test-method> <!-- testBuyGas -->
        <test-method status="PASS" signature="testBuyGas()[pri:0, instance:net.bigpoint.assessment.gasstation.implementation.StationTest@66cd1779]" name="testBuyGas" duration-ms="116688" started-at="2013-08-28T22:57:13Z" depends-on-methods="net.bigpoint.assessment.gasstation.implementation.StationTest.testGasPumps" finished-at="2013-08-28T22:59:09Z">
          <reporter-output>
          </reporter-output>
        </test-method> <!-- testBuyGas -->
        <test-method status="PASS" signature="testBuyGas()[pri:0, instance:net.bigpoint.assessment.gasstation.implementation.StationTest@66cd1779]" name="testBuyGas" duration-ms="115727" started-at="2013-08-28T22:57:13Z" depends-on-methods="net.bigpoint.assessment.gasstation.implementation.StationTest.testGasPumps" finished-at="2013-08-28T22:59:09Z">
          <reporter-output>
          </reporter-output>
        </test-method> <!-- testBuyGas -->
        <test-method status="PASS" signature="testBuyGas()[pri:0, instance:net.bigpoint.assessment.gasstation.implementation.StationTest@66cd1779]" name="testBuyGas" duration-ms="115700" started-at="2013-08-28T22:57:13Z" depends-on-methods="net.bigpoint.assessment.gasstation.implementation.StationTest.testGasPumps" finished-at="2013-08-28T22:59:08Z">
          <reporter-output>
          </reporter-output>
        </test-method> <!-- testBuyGas -->
        <test-method status="PASS" signature="testBuyGas()[pri:0, instance:net.bigpoint.assessment.gasstation.implementation.StationTest@66cd1779]" name="testBuyGas" duration-ms="114314" started-at="2013-08-28T22:57:13Z" depends-on-methods="net.bigpoint.assessment.gasstation.implementation.StationTest.testGasPumps" finished-at="2013-08-28T22:59:07Z">
          <reporter-output>
          </reporter-output>
        </test-method> <!-- testBuyGas -->
        <test-method status="PASS" signature="testBuyGas()[pri:0, instance:net.bigpoint.assessment.gasstation.implementation.StationTest@66cd1779]" name="testBuyGas" duration-ms="114043" started-at="2013-08-28T22:57:13Z" depends-on-methods="net.bigpoint.assessment.gasstation.implementation.StationTest.testGasPumps" finished-at="2013-08-28T22:59:07Z">
          <reporter-output>
          </reporter-output>
        </test-method> <!-- testBuyGas -->
        <test-method status="PASS" signature="testBuyGas()[pri:0, instance:net.bigpoint.assessment.gasstation.implementation.StationTest@66cd1779]" name="testBuyGas" duration-ms="112909" started-at="2013-08-28T22:57:13Z" depends-on-methods="net.bigpoint.assessment.gasstation.implementation.StationTest.testGasPumps" finished-at="2013-08-28T22:59:06Z">
          <reporter-output>
          </reporter-output>
        </test-method> <!-- testBuyGas -->
        <test-method status="PASS" signature="testBuyGas()[pri:0, instance:net.bigpoint.assessment.gasstation.implementation.StationTest@66cd1779]" name="testBuyGas" duration-ms="112461" started-at="2013-08-28T22:57:13Z" depends-on-methods="net.bigpoint.assessment.gasstation.implementation.StationTest.testGasPumps" finished-at="2013-08-28T22:59:05Z">
          <reporter-output>
          </reporter-output>
        </test-method> <!-- testBuyGas -->
        <test-method status="PASS" signature="testBuyGas()[pri:0, instance:net.bigpoint.assessment.gasstation.implementation.StationTest@66cd1779]" name="testBuyGas" duration-ms="113137" started-at="2013-08-28T22:57:13Z" depends-on-methods="net.bigpoint.assessment.gasstation.implementation.StationTest.testGasPumps" finished-at="2013-08-28T22:59:06Z">
          <reporter-output>
          </reporter-output>
        </test-method> <!-- testBuyGas -->
        <test-method status="PASS" signature="testBuyGas()[pri:0, instance:net.bigpoint.assessment.gasstation.implementation.StationTest@66cd1779]" name="testBuyGas" duration-ms="113366" started-at="2013-08-28T22:57:13Z" depends-on-methods="net.bigpoint.assessment.gasstation.implementation.StationTest.testGasPumps" finished-at="2013-08-28T22:59:06Z">
          <reporter-output>
          </reporter-output>
        </test-method> <!-- testBuyGas -->
        <test-method status="PASS" signature="testBuyGas()[pri:0, instance:net.bigpoint.assessment.gasstation.implementation.StationTest@66cd1779]" name="testBuyGas" duration-ms="113737" started-at="2013-08-28T22:57:13Z" depends-on-methods="net.bigpoint.assessment.gasstation.implementation.StationTest.testGasPumps" finished-at="2013-08-28T22:59:07Z">
          <reporter-output>
          </reporter-output>
        </test-method> <!-- testBuyGas -->
        <test-method status="PASS" signature="testBuyGas()[pri:0, instance:net.bigpoint.assessment.gasstation.implementation.StationTest@66cd1779]" name="testBuyGas" duration-ms="114872" started-at="2013-08-28T22:57:13Z" depends-on-methods="net.bigpoint.assessment.gasstation.implementation.StationTest.testGasPumps" finished-at="2013-08-28T22:59:08Z">
          <reporter-output>
          </reporter-output>
        </test-method> <!-- testBuyGas -->
        <test-method status="PASS" signature="testBuyGas()[pri:0, instance:net.bigpoint.assessment.gasstation.implementation.StationTest@66cd1779]" name="testBuyGas" duration-ms="111974" started-at="2013-08-28T22:57:13Z" depends-on-methods="net.bigpoint.assessment.gasstation.implementation.StationTest.testGasPumps" finished-at="2013-08-28T22:59:05Z">
          <reporter-output>
          </reporter-output>
        </test-method> <!-- testBuyGas -->
[...]
          <reporter-output>
          </reporter-output>
        </test-method> <!-- testBuyGasDepleted -->
        <test-method status="PASS" signature="testBuyGasDepleted()[pri:0, instance:net.bigpoint.assessment.gasstation.implementation.StationTest@66cd1779]" name="testBuyGasDepleted" duration-ms="48908" started-at="2013-08-28T23:05:22Z" depends-on-methods="net.bigpoint.assessment.gasstation.implementation.StationTest.testGasPumps" finished-at="2013-08-28T23:06:11Z">
          <reporter-output>
          </reporter-output>
        </test-method> <!-- testBuyGasDepleted -->
        <test-method status="PASS" signature="testBuyGasDepleted()[pri:0, instance:net.bigpoint.assessment.gasstation.implementation.StationTest@66cd1779]" name="testBuyGasDepleted" duration-ms="48705" started-at="2013-08-28T23:05:22Z" depends-on-methods="net.bigpoint.assessment.gasstation.implementation.StationTest.testGasPumps" finished-at="2013-08-28T23:06:10Z">
          <reporter-output>
          </reporter-output>
        </test-method> <!-- testBuyGasDepleted -->
        <test-method status="PASS" signature="testBuyGasDepleted()[pri:0, instance:net.bigpoint.assessment.gasstation.implementation.StationTest@66cd1779]" name="testBuyGasDepleted" duration-ms="48501" started-at="2013-08-28T23:05:22Z" depends-on-methods="net.bigpoint.assessment.gasstation.implementation.StationTest.testGasPumps" finished-at="2013-08-28T23:06:10Z">
          <reporter-output>
          </reporter-output>
        </test-method> <!-- testBuyGasDepleted -->
        <test-method status="PASS" signature="testBuyGasDepleted()[pri:0, instance:net.bigpoint.assessment.gasstation.implementation.StationTest@66cd1779]" name="testBuyGasDepleted" duration-ms="48602" started-at="2013-08-28T23:05:22Z" depends-on-methods="net.bigpoint.assessment.gasstation.implementation.StationTest.testGasPumps" finished-at="2013-08-28T23:06:10Z">
          <reporter-output>
          </reporter-output>
        </test-method> <!-- testBuyGasDepleted -->
        <test-method status="PASS" signature="testBuyGasDepleted()[pri:0, instance:net.bigpoint.assessment.gasstation.implementation.StationTest@66cd1779]" name="testBuyGasDepleted" duration-ms="48399" started-at="2013-08-28T23:05:22Z" depends-on-methods="net.bigpoint.assessment.gasstation.implementation.StationTest.testGasPumps" finished-at="2013-08-28T23:06:10Z">
          <reporter-output>
          </reporter-output>
        </test-method> <!-- testBuyGasDepleted -->
        <test-method status="PASS" signature="testBuyGasDepleted()[pri:0, instance:net.bigpoint.assessment.gasstation.implementation.StationTest@66cd1779]" name="testBuyGasDepleted" duration-ms="48296" started-at="2013-08-28T23:05:22Z" depends-on-methods="net.bigpoint.assessment.gasstation.implementation.StationTest.testGasPumps" finished-at="2013-08-28T23:06:10Z">
          <reporter-output>
          </reporter-output>
        </test-method> <!-- testBuyGasDepleted -->
        <test-method status="PASS" signature="testBuyGasDepleted()[pri:0, instance:net.bigpoint.assessment.gasstation.implementation.StationTest@66cd1779]" name="testBuyGasDepleted" duration-ms="48193" started-at="2013-08-28T23:05:22Z" depends-on-methods="net.bigpoint.assessment.gasstation.implementation.StationTest.testGasPumps" finished-at="2013-08-28T23:06:10Z">
          <reporter-output>
          </reporter-output>
        </test-method> <!-- testBuyGasDepleted -->
        <test-method status="PASS" signature="testBuyGasDepleted()[pri:0, instance:net.bigpoint.assessment.gasstation.implementation.StationTest@66cd1779]" name="testBuyGasDepleted" duration-ms="48090" started-at="2013-08-28T23:05:22Z" depends-on-methods="net.bigpoint.assessment.gasstation.implementation.StationTest.testGasPumps" finished-at="2013-08-28T23:06:10Z">
          <reporter-output>
          </reporter-output>
        </test-method> <!-- testBuyGasDepleted -->
        <test-method status="PASS" signature="testBuyGasDepleted()[pri:0, instance:net.bigpoint.assessment.gasstation.implementation.StationTest@66cd1779]" name="testBuyGasDepleted" duration-ms="47987" started-at="2013-08-28T23:05:22Z" depends-on-methods="net.bigpoint.assessment.gasstation.implementation.StationTest.testGasPumps" finished-at="2013-08-28T23:06:10Z">
          <reporter-output>
          </reporter-output>
        </test-method> <!-- testBuyGasDepleted -->
        <test-method status="PASS" signature="testBuyGasDepleted()[pri:0, instance:net.bigpoint.assessment.gasstation.implementation.StationTest@66cd1779]" name="testBuyGasDepleted" duration-ms="47882" started-at="2013-08-28T23:05:22Z" depends-on-methods="net.bigpoint.assessment.gasstation.implementation.StationTest.testGasPumps" finished-at="2013-08-28T23:06:10Z">
          <reporter-output>
          </reporter-output>
        </test-method> <!-- testBuyGasDepleted -->
        <test-method status="PASS" signature="testBuyGasDepleted()[pri:0, instance:net.bigpoint.assessment.gasstation.implementation.StationTest@66cd1779]" name="testBuyGasDepleted" duration-ms="47778" started-at="2013-08-28T23:05:22Z" depends-on-methods="net.bigpoint.assessment.gasstation.implementation.StationTest.testGasPumps" finished-at="2013-08-28T23:06:09Z">
          <reporter-output>
          </reporter-output>
        </test-method> <!-- testBuyGasDepleted -->
        <test-method status="PASS" signature="testBuyGasDepleted()[pri:0, instance:net.bigpoint.assessment.gasstation.implementation.StationTest@66cd1779]" name="testBuyGasDepleted" duration-ms="47676" started-at="2013-08-28T23:05:22Z" depends-on-methods="net.bigpoint.assessment.gasstation.implementation.StationTest.testGasPumps" finished-at="2013-08-28T23:06:09Z">
          <reporter-output>
          </reporter-output>
        </test-method> <!-- testBuyGasDepleted -->
        <test-method status="PASS" signature="testBuyGasDepleted()[pri:0, instance:net.bigpoint.assessment.gasstation.implementation.StationTest@66cd1779]" name="testBuyGasDepleted" duration-ms="47574" started-at="2013-08-28T23:05:22Z" depends-on-methods="net.bigpoint.assessment.gasstation.implementation.StationTest.testGasPumps" finished-at="2013-08-28T23:06:09Z">
          <reporter-output>
          </reporter-output>
        </test-method> <!-- testBuyGasDepleted -->
        <test-method status="PASS" signature="testBuyGasDepleted()[pri:0, instance:net.bigpoint.assessment.gasstation.implementation.StationTest@66cd1779]" name="testBuyGasDepleted" duration-ms="47467" started-at="2013-08-28T23:05:22Z" depends-on-methods="net.bigpoint.assessment.gasstation.implementation.StationTest.testGasPumps" finished-at="2013-08-28T23:06:09Z">
          <reporter-output>
          </reporter-output>
        </test-method> <!-- testBuyGasDepleted -->
        <test-method status="PASS" signature="testBuyGasDepleted()[pri:0, instance:net.bigpoint.assessment.gasstation.implementation.StationTest@66cd1779]" name="testBuyGasDepleted" duration-ms="47361" started-at="2013-08-28T23:05:22Z" depends-on-methods="net.bigpoint.assessment.gasstation.implementation.StationTest.testGasPumps" finished-at="2013-08-28T23:06:09Z">
          <reporter-output>
          </reporter-output>
        </test-method> <!-- testBuyGasDepleted -->
        <test-method status="PASS" signature="testBuyGasDepleted()[pri:0, instance:net.bigpoint.assessment.gasstation.implementation.StationTest@66cd1779]" name="testBuyGasDepleted" duration-ms="47257" started-at="2013-08-28T23:05:22Z" depends-on-methods="net.bigpoint.assessment.gasstation.implementation.StationTest.testGasPumps" finished-at="2013-08-28T23:06:09Z">
          <reporter-output>
          </reporter-output>
        </test-method> <!-- testBuyGasDepleted -->
        <test-method status="PASS" signature="testBuyGasDepleted()[pri:0, instance:net.bigpoint.assessment.gasstation.implementation.StationTest@66cd1779]" name="testBuyGasDepleted" duration-ms="47054" started-at="2013-08-28T23:05:22Z" depends-on-methods="net.bigpoint.assessment.gasstation.implementation.StationTest.testGasPumps" finished-at="2013-08-28T23:06:09Z">
          <reporter-output>
          </reporter-output>
        </test-method> <!-- testBuyGasDepleted -->
        <test-method status="PASS" signature="testBuyGasDepleted()[pri:0, instance:net.bigpoint.assessment.gasstation.implementation.StationTest@66cd1779]" name="testBuyGasDepleted" duration-ms="47154" started-at="2013-08-28T23:05:22Z" depends-on-methods="net.bigpoint.assessment.gasstation.implementation.StationTest.testGasPumps" finished-at="2013-08-28T23:06:09Z">
          <reporter-output>
          </reporter-output>
        </test-method> <!-- testBuyGasDepleted -->
        <test-method status="PASS" signature="testBuyGasDepleted()[pri:0, instance:net.bigpoint.assessment.gasstation.implementation.StationTest@66cd1779]" name="testBuyGasDepleted" duration-ms="46850" started-at="2013-08-28T23:05:22Z" depends-on-methods="net.bigpoint.assessment.gasstation.implementation.StationTest.testGasPumps" finished-at="2013-08-28T23:06:09Z">
          <reporter-output>
          </reporter-output>
        </test-method> <!-- testBuyGasDepleted -->
        <test-method status="PASS" signature="testBuyGasDepleted()[pri:0, instance:net.bigpoint.assessment.gasstation.implementation.StationTest@66cd1779]" name="testBuyGasDepleted" duration-ms="46949" started-at="2013-08-28T23:05:22Z" depends-on-methods="net.bigpoint.assessment.gasstation.implementation.StationTest.testGasPumps" finished-at="2013-08-28T23:06:09Z">
          <reporter-output>
          </reporter-output>
        </test-method> <!-- testBuyGasDepleted -->
        <test-method status="PASS" signature="testBuyGasDepleted()[pri:0, instance:net.bigpoint.assessment.gasstation.implementation.StationTest@66cd1779]" name="testBuyGasDepleted" duration-ms="46744" started-at="2013-08-28T23:05:22Z" depends-on-methods="net.bigpoint.assessment.gasstation.implementation.StationTest.testGasPumps" finished-at="2013-08-28T23:06:08Z">
          <reporter-output>
          </reporter-output>
        </test-method> <!-- testBuyGasDepleted -->
        <test-method status="PASS" signature="testBuyGasDepleted()[pri:0, instance:net.bigpoint.assessment.gasstation.implementation.StationTest@66cd1779]" name="testBuyGasDepleted" duration-ms="46640" started-at="2013-08-28T23:05:22Z" depends-on-methods="net.bigpoint.assessment.gasstation.implementation.StationTest.testGasPumps" finished-at="2013-08-28T23:06:08Z">
          <reporter-output>
          </reporter-output>
        </test-method> <!-- testBuyGasDepleted -->
        <test-method status="PASS" signature="testBuyGasDepleted()[pri:0, instance:net.bigpoint.assessment.gasstation.implementation.StationTest@66cd1779]" name="testBuyGasDepleted" duration-ms="46536" started-at="2013-08-28T23:05:22Z" depends-on-methods="net.bigpoint.assessment.gasstation.implementation.StationTest.testGasPumps" finished-at="2013-08-28T23:06:08Z">
          <reporter-output>
          </reporter-output>
        </test-method> <!-- testBuyGasDepleted -->
        <test-method status="PASS" signature="testBuyGasDepleted()[pri:0, instance:net.bigpoint.assessment.gasstation.implementation.StationTest@66cd1779]" name="testBuyGasDepleted" duration-ms="46433" started-at="2013-08-28T23:05:22Z" depends-on-methods="net.bigpoint.assessment.gasstation.implementation.StationTest.testGasPumps" finished-at="2013-08-28T23:06:08Z">
          <reporter-output>
          </reporter-output>
        </test-method> <!-- testBuyGasDepleted -->
        <test-method status="PASS" signature="testBuyGasDepleted()[pri:0, instance:net.bigpoint.assessment.gasstation.implementation.StationTest@66cd1779]" name="testBuyGasDepleted" duration-ms="46328" started-at="2013-08-28T23:05:22Z" depends-on-methods="net.bigpoint.assessment.gasstation.implementation.StationTest.testGasPumps" finished-at="2013-08-28T23:06:08Z">
          <reporter-output>
          </reporter-output>
        </test-method> <!-- testBuyGasDepleted -->
        <test-method status="PASS" signature="testBuyGasDepleted()[pri:0, instance:net.bigpoint.assessment.gasstation.implementation.StationTest@66cd1779]" name="testBuyGasDepleted" duration-ms="46221" started-at="2013-08-28T23:05:22Z" depends-on-methods="net.bigpoint.assessment.gasstation.implementation.StationTest.testGasPumps" finished-at="2013-08-28T23:06:08Z">
          <reporter-output>
          </reporter-output>
        </test-method> <!-- testBuyGasDepleted -->
        <test-method status="PASS" signature="testBuyGasDepleted()[pri:0, instance:net.bigpoint.assessment.gasstation.implementation.StationTest@66cd1779]" name="testBuyGasDepleted" duration-ms="46118" started-at="2013-08-28T23:05:22Z" depends-on-methods="net.bigpoint.assessment.gasstation.implementation.StationTest.testGasPumps" finished-at="2013-08-28T23:06:08Z">
          <reporter-output>
          </reporter-output>
        </test-method> <!-- testBuyGasDepleted -->
        <test-method status="PASS" signature="testBuyGasDepleted()[pri:0, instance:net.bigpoint.assessment.gasstation.implementation.StationTest@66cd1779]" name="testBuyGasDepleted" duration-ms="46015" started-at="2013-08-28T23:05:22Z" depends-on-methods="net.bigpoint.assessment.gasstation.implementation.StationTest.testGasPumps" finished-at="2013-08-28T23:06:08Z">
          <reporter-output>
          </reporter-output>
        </test-method> <!-- testBuyGasDepleted -->
        <test-method status="PASS" signature="testBuyGasDepleted()[pri:0, instance:net.bigpoint.assessment.gasstation.implementation.StationTest@66cd1779]" name="testBuyGasDepleted" duration-ms="45915" started-at="2013-08-28T23:05:22Z" depends-on-methods="net.bigpoint.assessment.gasstation.implementation.StationTest.testGasPumps" finished-at="2013-08-28T23:06:08Z">
          <reporter-output>
          </reporter-output>
        </test-method> <!-- testBuyGasDepleted -->
        <test-method status="PASS" signature="testBuyGasDepleted()[pri:0, instance:net.bigpoint.assessment.gasstation.implementation.StationTest@66cd1779]" name="testBuyGasDepleted" duration-ms="45812" started-at="2013-08-28T23:05:22Z" depends-on-methods="net.bigpoint.assessment.gasstation.implementation.StationTest.testGasPumps" finished-at="2013-08-28T23:06:08Z">
          <reporter-output>
          </reporter-output>
        </test-method> <!-- testBuyGasDepleted -->
        <test-method status="PASS" signature="testBuyGasDepleted()[pri:0, instance:net.bigpoint.assessment.gasstation.implementation.StationTest@66cd1779]" name="testBuyGasDepleted" duration-ms="45710" started-at="2013-08-28T23:05:22Z" depends-on-methods="net.bigpoint.assessment.gasstation.implementation.StationTest.testGasPumps" finished-at="2013-08-28T23:06:07Z">
          <reporter-output>
          </reporter-output>
        </test-method> <!-- testBuyGasDepleted -->
        <test-method status="PASS" signature="testBuyGasDepleted()[pri:0, instance:net.bigpoint.assessment.gasstation.implementation.StationTest@66cd1779]" name="testBuyGasDepleted" duration-ms="45304" started-at="2013-08-28T23:05:22Z" depends-on-methods="net.bigpoint.assessment.gasstation.implementation.StationTest.testGasPumps" finished-at="2013-08-28T23:06:07Z">
          <reporter-output>
          </reporter-output>
        </test-method> <!-- testBuyGasDepleted -->
        <test-method status="PASS" signature="testBuyGasDepleted()[pri:0, instance:net.bigpoint.assessment.gasstation.implementation.StationTest@66cd1779]" name="testBuyGasDepleted" duration-ms="45507" started-at="2013-08-28T23:05:22Z" depends-on-methods="net.bigpoint.assessment.gasstation.implementation.StationTest.testGasPumps" finished-at="2013-08-28T23:06:07Z">
          <reporter-output>
          </reporter-output>
        </test-method> <!-- testBuyGasDepleted -->
        <test-method status="PASS" signature="testBuyGasDepleted()[pri:0, instance:net.bigpoint.assessment.gasstation.implementation.StationTest@66cd1779]" name="testBuyGasDepleted" duration-ms="45404" started-at="2013-08-28T23:05:22Z" depends-on-methods="net.bigpoint.assessment.gasstation.implementation.StationTest.testGasPumps" finished-at="2013-08-28T23:06:07Z">
          <reporter-output>
          </reporter-output>
        </test-method> <!-- testBuyGasDepleted -->
        <test-method status="PASS" signature="testBuyGasDepleted()[pri:0, instance:net.bigpoint.assessment.gasstation.implementation.StationTest@66cd1779]" name="testBuyGasDepleted" duration-ms="45605" started-at="2013-08-28T23:05:22Z" depends-on-methods="net.bigpoint.assessment.gasstation.implementation.StationTest.testGasPumps" finished-at="2013-08-28T23:06:07Z">
          <reporter-output>
          </reporter-output>
        </test-method> <!-- testBuyGasDepleted -->
        <test-method status="PASS" signature="testBuyGasDepleted()[pri:0, instance:net.bigpoint.assessment.gasstation.implementation.StationTest@66cd1779]" name="testBuyGasDepleted" duration-ms="45191" started-at="2013-08-28T23:05:22Z" depends-on-methods="net.bigpoint.assessment.gasstation.implementation.StationTest.testGasPumps" finished-at="2013-08-28T23:06:07Z">
          <reporter-output>
          </reporter-output>
        </test-method> <!-- testBuyGasDepleted -->
        <test-method status="PASS" signature="testBuyGasDepleted()[pri:0, instance:net.bigpoint.assessment.gasstation.implementation.StationTest@66cd1779]" name="testBuyGasDepleted" duration-ms="44877" started-at="2013-08-28T23:05:22Z" depends-on-methods="net.bigpoint.assessment.gasstation.implementation.StationTest.testGasPumps" finished-at="2013-08-28T23:06:07Z">
          <reporter-output>
          </reporter-output>
        </test-method> <!-- testBuyGasDepleted -->
        <test-method status="PASS" signature="testBuyGasDepleted()[pri:0, instance:net.bigpoint.assessment.gasstation.implementation.StationTest@66cd1779]" name="testBuyGasDepleted" duration-ms="45076" started-at="2013-08-28T23:05:22Z" depends-on-methods="net.bigpoint.assessment.gasstation.implementation.StationTest.testGasPumps" finished-at="2013-08-28T23:06:07Z">
          <reporter-output>
          </reporter-output>
        </test-method> <!-- testBuyGasDepleted -->
        <test-method status="PASS" signature="testBuyGasDepleted()[pri:0, instance:net.bigpoint.assessment.gasstation.implementation.StationTest@66cd1779]" name="testBuyGasDepleted" duration-ms="44974" started-at="2013-08-28T23:05:22Z" depends-on-methods="net.bigpoint.assessment.gasstation.implementation.StationTest.testGasPumps" finished-at="2013-08-28T23:06:07Z">
          <reporter-output>
          </reporter-output>
        </test-method> <!-- testBuyGasDepleted -->
        <test-method status="PASS" signature="testNoGasException()[pri:0, instance:net.bigpoint.assessment.gasstation.implementation.StationTest@66cd1779]" name="testNoGasException" duration-ms="11" started-at="2013-08-28T23:07:01Z" depends-on-methods="net.bigpoint.assessment.gasstation.implementation.StationTest.testGasPumps" finished-at="2013-08-28T23:07:01Z">
          <reporter-output>
          </reporter-output>
        </test-method> <!-- testNoGasException -->
        <test-method status="PASS" signature="testTooExpensiveException()[pri:0, instance:net.bigpoint.assessment.gasstation.implementation.StationTest@66cd1779]" name="testTooExpensiveException" duration-ms="2" started-at="2013-08-28T23:07:01Z" depends-on-methods="net.bigpoint.assessment.gasstation.implementation.StationTest.testGasPumps" finished-at="2013-08-28T23:07:01Z">
          <reporter-output>
          </reporter-output>
        </test-method> <!-- testTooExpensiveException -->
      </class> <!-- net.bigpoint.assessment.gasstation.implementation.StationTest -->
    </test> <!-- Command line test -->
  </suite> <!-- net.bigpoint.assessment.gasstation.implementation.StationTest -->
</testng-results>
